[2021-05-15 18:48:55,926] INFO Registered kafka:type=kafka.Log4jController MBean (kafka.utils.Log4jControllerRegistration$)
[2021-05-15 18:48:56,487] INFO Setting -D jdk.tls.rejectClientInitiatedRenegotiation=true to disable client-initiated TLS renegotiation (org.apache.zookeeper.common.X509Util)
[2021-05-15 18:48:56,588] INFO Registered signal handlers for TERM, INT, HUP (org.apache.kafka.common.utils.LoggingSignalHandler)
[2021-05-15 18:48:56,597] INFO starting (kafka.server.KafkaServer)
[2021-05-15 18:48:56,599] INFO Connecting to zookeeper on localhost:2181 (kafka.server.KafkaServer)
[2021-05-15 18:48:56,634] INFO [ZooKeeperClient Kafka server] Initializing a new session to localhost:2181. (kafka.zookeeper.ZooKeeperClient)
[2021-05-15 18:48:56,665] INFO Client environment:zookeeper.version=3.5.8-f439ca583e70862c3068a1f2a7d4d068eec33315, built on 05/04/2020 15:53 GMT (org.apache.zookeeper.ZooKeeper)
[2021-05-15 18:48:56,666] INFO Client environment:host.name=DESKTOP-OJISSPF.localdomain (org.apache.zookeeper.ZooKeeper)
[2021-05-15 18:48:56,666] INFO Client environment:java.version=11.0.10 (org.apache.zookeeper.ZooKeeper)
[2021-05-15 18:48:56,667] INFO Client environment:java.vendor=Ubuntu (org.apache.zookeeper.ZooKeeper)
[2021-05-15 18:48:56,668] INFO Client environment:java.home=/usr/lib/jvm/java-11-openjdk-amd64 (org.apache.zookeeper.ZooKeeper)
[2021-05-15 18:48:56,668] INFO Client environment:java.class.path=/mnt/d/Coding/WSL/Kafka_PA2/code/PA2_G6/src/Scripts/kafka_scripts/bin/../libs/activation-1.1.1.jar:/mnt/d/Coding/WSL/Kafka_PA2/code/PA2_G6/src/Scripts/kafka_scripts/bin/../libs/aopalliance-repackaged-2.6.1.jar:/mnt/d/Coding/WSL/Kafka_PA2/code/PA2_G6/src/Scripts/kafka_scripts/bin/../libs/argparse4j-0.7.0.jar:/mnt/d/Coding/WSL/Kafka_PA2/code/PA2_G6/src/Scripts/kafka_scripts/bin/../libs/audience-annotations-0.5.0.jar:/mnt/d/Coding/WSL/Kafka_PA2/code/PA2_G6/src/Scripts/kafka_scripts/bin/../libs/commons-cli-1.4.jar:/mnt/d/Coding/WSL/Kafka_PA2/code/PA2_G6/src/Scripts/kafka_scripts/bin/../libs/commons-lang3-3.8.1.jar:/mnt/d/Coding/WSL/Kafka_PA2/code/PA2_G6/src/Scripts/kafka_scripts/bin/../libs/connect-api-2.7.0.jar:/mnt/d/Coding/WSL/Kafka_PA2/code/PA2_G6/src/Scripts/kafka_scripts/bin/../libs/connect-basic-auth-extension-2.7.0.jar:/mnt/d/Coding/WSL/Kafka_PA2/code/PA2_G6/src/Scripts/kafka_scripts/bin/../libs/connect-file-2.7.0.jar:/mnt/d/Coding/WSL/Kafka_PA2/code/PA2_G6/src/Scripts/kafka_scripts/bin/../libs/connect-json-2.7.0.jar:/mnt/d/Coding/WSL/Kafka_PA2/code/PA2_G6/src/Scripts/kafka_scripts/bin/../libs/connect-mirror-2.7.0.jar:/mnt/d/Coding/WSL/Kafka_PA2/code/PA2_G6/src/Scripts/kafka_scripts/bin/../libs/connect-mirror-client-2.7.0.jar:/mnt/d/Coding/WSL/Kafka_PA2/code/PA2_G6/src/Scripts/kafka_scripts/bin/../libs/connect-runtime-2.7.0.jar:/mnt/d/Coding/WSL/Kafka_PA2/code/PA2_G6/src/Scripts/kafka_scripts/bin/../libs/connect-transforms-2.7.0.jar:/mnt/d/Coding/WSL/Kafka_PA2/code/PA2_G6/src/Scripts/kafka_scripts/bin/../libs/hk2-api-2.6.1.jar:/mnt/d/Coding/WSL/Kafka_PA2/code/PA2_G6/src/Scripts/kafka_scripts/bin/../libs/hk2-locator-2.6.1.jar:/mnt/d/Coding/WSL/Kafka_PA2/code/PA2_G6/src/Scripts/kafka_scripts/bin/../libs/hk2-utils-2.6.1.jar:/mnt/d/Coding/WSL/Kafka_PA2/code/PA2_G6/src/Scripts/kafka_scripts/bin/../libs/jackson-annotations-2.10.5.jar:/mnt/d/Coding/WSL/Kafka_PA2/code/PA2_G6/src/Scripts/kafka_scripts/bin/../libs/jackson-core-2.10.5.jar:/mnt/d/Coding/WSL/Kafka_PA2/code/PA2_G6/src/Scripts/kafka_scripts/bin/../libs/jackson-databind-2.10.5.1.jar:/mnt/d/Coding/WSL/Kafka_PA2/code/PA2_G6/src/Scripts/kafka_scripts/bin/../libs/jackson-dataformat-csv-2.10.5.jar:/mnt/d/Coding/WSL/Kafka_PA2/code/PA2_G6/src/Scripts/kafka_scripts/bin/../libs/jackson-datatype-jdk8-2.10.5.jar:/mnt/d/Coding/WSL/Kafka_PA2/code/PA2_G6/src/Scripts/kafka_scripts/bin/../libs/jackson-jaxrs-base-2.10.5.jar:/mnt/d/Coding/WSL/Kafka_PA2/code/PA2_G6/src/Scripts/kafka_scripts/bin/../libs/jackson-jaxrs-json-provider-2.10.5.jar:/mnt/d/Coding/WSL/Kafka_PA2/code/PA2_G6/src/Scripts/kafka_scripts/bin/../libs/jackson-module-jaxb-annotations-2.10.5.jar:/mnt/d/Coding/WSL/Kafka_PA2/code/PA2_G6/src/Scripts/kafka_scripts/bin/../libs/jackson-module-paranamer-2.10.5.jar:/mnt/d/Coding/WSL/Kafka_PA2/code/PA2_G6/src/Scripts/kafka_scripts/bin/../libs/jackson-module-scala_2.13-2.10.5.jar:/mnt/d/Coding/WSL/Kafka_PA2/code/PA2_G6/src/Scripts/kafka_scripts/bin/../libs/jakarta.activation-api-1.2.1.jar:/mnt/d/Coding/WSL/Kafka_PA2/code/PA2_G6/src/Scripts/kafka_scripts/bin/../libs/jakarta.annotation-api-1.3.5.jar:/mnt/d/Coding/WSL/Kafka_PA2/code/PA2_G6/src/Scripts/kafka_scripts/bin/../libs/jakarta.inject-2.6.1.jar:/mnt/d/Coding/WSL/Kafka_PA2/code/PA2_G6/src/Scripts/kafka_scripts/bin/../libs/jakarta.validation-api-2.0.2.jar:/mnt/d/Coding/WSL/Kafka_PA2/code/PA2_G6/src/Scripts/kafka_scripts/bin/../libs/jakarta.ws.rs-api-2.1.6.jar:/mnt/d/Coding/WSL/Kafka_PA2/code/PA2_G6/src/Scripts/kafka_scripts/bin/../libs/jakarta.xml.bind-api-2.3.2.jar:/mnt/d/Coding/WSL/Kafka_PA2/code/PA2_G6/src/Scripts/kafka_scripts/bin/../libs/javassist-3.25.0-GA.jar:/mnt/d/Coding/WSL/Kafka_PA2/code/PA2_G6/src/Scripts/kafka_scripts/bin/../libs/javassist-3.26.0-GA.jar:/mnt/d/Coding/WSL/Kafka_PA2/code/PA2_G6/src/Scripts/kafka_scripts/bin/../libs/javax.servlet-api-3.1.0.jar:/mnt/d/Coding/WSL/Kafka_PA2/code/PA2_G6/src/Scripts/kafka_scripts/bin/../libs/javax.ws.rs-api-2.1.1.jar:/mnt/d/Coding/WSL/Kafka_PA2/code/PA2_G6/src/Scripts/kafka_scripts/bin/../libs/jaxb-api-2.3.0.jar:/mnt/d/Coding/WSL/Kafka_PA2/code/PA2_G6/src/Scripts/kafka_scripts/bin/../libs/jersey-client-2.31.jar:/mnt/d/Coding/WSL/Kafka_PA2/code/PA2_G6/src/Scripts/kafka_scripts/bin/../libs/jersey-common-2.31.jar:/mnt/d/Coding/WSL/Kafka_PA2/code/PA2_G6/src/Scripts/kafka_scripts/bin/../libs/jersey-container-servlet-2.31.jar:/mnt/d/Coding/WSL/Kafka_PA2/code/PA2_G6/src/Scripts/kafka_scripts/bin/../libs/jersey-container-servlet-core-2.31.jar:/mnt/d/Coding/WSL/Kafka_PA2/code/PA2_G6/src/Scripts/kafka_scripts/bin/../libs/jersey-hk2-2.31.jar:/mnt/d/Coding/WSL/Kafka_PA2/code/PA2_G6/src/Scripts/kafka_scripts/bin/../libs/jersey-media-jaxb-2.31.jar:/mnt/d/Coding/WSL/Kafka_PA2/code/PA2_G6/src/Scripts/kafka_scripts/bin/../libs/jersey-server-2.31.jar:/mnt/d/Coding/WSL/Kafka_PA2/code/PA2_G6/src/Scripts/kafka_scripts/bin/../libs/jetty-client-9.4.33.v20201020.jar:/mnt/d/Coding/WSL/Kafka_PA2/code/PA2_G6/src/Scripts/kafka_scripts/bin/../libs/jetty-continuation-9.4.33.v20201020.jar:/mnt/d/Coding/WSL/Kafka_PA2/code/PA2_G6/src/Scripts/kafka_scripts/bin/../libs/jetty-http-9.4.33.v20201020.jar:/mnt/d/Coding/WSL/Kafka_PA2/code/PA2_G6/src/Scripts/kafka_scripts/bin/../libs/jetty-io-9.4.33.v20201020.jar:/mnt/d/Coding/WSL/Kafka_PA2/code/PA2_G6/src/Scripts/kafka_scripts/bin/../libs/jetty-security-9.4.33.v20201020.jar:/mnt/d/Coding/WSL/Kafka_PA2/code/PA2_G6/src/Scripts/kafka_scripts/bin/../libs/jetty-server-9.4.33.v20201020.jar:/mnt/d/Coding/WSL/Kafka_PA2/code/PA2_G6/src/Scripts/kafka_scripts/bin/../libs/jetty-servlet-9.4.33.v20201020.jar:/mnt/d/Coding/WSL/Kafka_PA2/code/PA2_G6/src/Scripts/kafka_scripts/bin/../libs/jetty-servlets-9.4.33.v20201020.jar:/mnt/d/Coding/WSL/Kafka_PA2/code/PA2_G6/src/Scripts/kafka_scripts/bin/../libs/jetty-util-9.4.33.v20201020.jar:/mnt/d/Coding/WSL/Kafka_PA2/code/PA2_G6/src/Scripts/kafka_scripts/bin/../libs/jopt-simple-5.0.4.jar:/mnt/d/Coding/WSL/Kafka_PA2/code/PA2_G6/src/Scripts/kafka_scripts/bin/../libs/kafka-clients-2.7.0.jar:/mnt/d/Coding/WSL/Kafka_PA2/code/PA2_G6/src/Scripts/kafka_scripts/bin/../libs/kafka-log4j-appender-2.7.0.jar:/mnt/d/Coding/WSL/Kafka_PA2/code/PA2_G6/src/Scripts/kafka_scripts/bin/../libs/kafka-raft-2.7.0.jar:/mnt/d/Coding/WSL/Kafka_PA2/code/PA2_G6/src/Scripts/kafka_scripts/bin/../libs/kafka-streams-2.7.0.jar:/mnt/d/Coding/WSL/Kafka_PA2/code/PA2_G6/src/Scripts/kafka_scripts/bin/../libs/kafka-streams-examples-2.7.0.jar:/mnt/d/Coding/WSL/Kafka_PA2/code/PA2_G6/src/Scripts/kafka_scripts/bin/../libs/kafka-streams-scala_2.13-2.7.0.jar:/mnt/d/Coding/WSL/Kafka_PA2/code/PA2_G6/src/Scripts/kafka_scripts/bin/../libs/kafka-streams-test-utils-2.7.0.jar:/mnt/d/Coding/WSL/Kafka_PA2/code/PA2_G6/src/Scripts/kafka_scripts/bin/../libs/kafka-tools-2.7.0.jar:/mnt/d/Coding/WSL/Kafka_PA2/code/PA2_G6/src/Scripts/kafka_scripts/bin/../libs/kafka_2.13-2.7.0-sources.jar:/mnt/d/Coding/WSL/Kafka_PA2/code/PA2_G6/src/Scripts/kafka_scripts/bin/../libs/kafka_2.13-2.7.0.jar:/mnt/d/Coding/WSL/Kafka_PA2/code/PA2_G6/src/Scripts/kafka_scripts/bin/../libs/log4j-1.2.17.jar:/mnt/d/Coding/WSL/Kafka_PA2/code/PA2_G6/src/Scripts/kafka_scripts/bin/../libs/lz4-java-1.7.1.jar:/mnt/d/Coding/WSL/Kafka_PA2/code/PA2_G6/src/Scripts/kafka_scripts/bin/../libs/maven-artifact-3.6.3.jar:/mnt/d/Coding/WSL/Kafka_PA2/code/PA2_G6/src/Scripts/kafka_scripts/bin/../libs/metrics-core-2.2.0.jar:/mnt/d/Coding/WSL/Kafka_PA2/code/PA2_G6/src/Scripts/kafka_scripts/bin/../libs/netty-buffer-4.1.51.Final.jar:/mnt/d/Coding/WSL/Kafka_PA2/code/PA2_G6/src/Scripts/kafka_scripts/bin/../libs/netty-codec-4.1.51.Final.jar:/mnt/d/Coding/WSL/Kafka_PA2/code/PA2_G6/src/Scripts/kafka_scripts/bin/../libs/netty-common-4.1.51.Final.jar:/mnt/d/Coding/WSL/Kafka_PA2/code/PA2_G6/src/Scripts/kafka_scripts/bin/../libs/netty-handler-4.1.51.Final.jar:/mnt/d/Coding/WSL/Kafka_PA2/code/PA2_G6/src/Scripts/kafka_scripts/bin/../libs/netty-resolver-4.1.51.Final.jar:/mnt/d/Coding/WSL/Kafka_PA2/code/PA2_G6/src/Scripts/kafka_scripts/bin/../libs/netty-transport-4.1.51.Final.jar:/mnt/d/Coding/WSL/Kafka_PA2/code/PA2_G6/src/Scripts/kafka_scripts/bin/../libs/netty-transport-native-epoll-4.1.51.Final.jar:/mnt/d/Coding/WSL/Kafka_PA2/code/PA2_G6/src/Scripts/kafka_scripts/bin/../libs/netty-transport-native-unix-common-4.1.51.Final.jar:/mnt/d/Coding/WSL/Kafka_PA2/code/PA2_G6/src/Scripts/kafka_scripts/bin/../libs/osgi-resource-locator-1.0.3.jar:/mnt/d/Coding/WSL/Kafka_PA2/code/PA2_G6/src/Scripts/kafka_scripts/bin/../libs/paranamer-2.8.jar:/mnt/d/Coding/WSL/Kafka_PA2/code/PA2_G6/src/Scripts/kafka_scripts/bin/../libs/plexus-utils-3.2.1.jar:/mnt/d/Coding/WSL/Kafka_PA2/code/PA2_G6/src/Scripts/kafka_scripts/bin/../libs/reflections-0.9.12.jar:/mnt/d/Coding/WSL/Kafka_PA2/code/PA2_G6/src/Scripts/kafka_scripts/bin/../libs/rocksdbjni-5.18.4.jar:/mnt/d/Coding/WSL/Kafka_PA2/code/PA2_G6/src/Scripts/kafka_scripts/bin/../libs/scala-collection-compat_2.13-2.2.0.jar:/mnt/d/Coding/WSL/Kafka_PA2/code/PA2_G6/src/Scripts/kafka_scripts/bin/../libs/scala-java8-compat_2.13-0.9.1.jar:/mnt/d/Coding/WSL/Kafka_PA2/code/PA2_G6/src/Scripts/kafka_scripts/bin/../libs/scala-library-2.13.3.jar:/mnt/d/Coding/WSL/Kafka_PA2/code/PA2_G6/src/Scripts/kafka_scripts/bin/../libs/scala-logging_2.13-3.9.2.jar:/mnt/d/Coding/WSL/Kafka_PA2/code/PA2_G6/src/Scripts/kafka_scripts/bin/../libs/scala-reflect-2.13.3.jar:/mnt/d/Coding/WSL/Kafka_PA2/code/PA2_G6/src/Scripts/kafka_scripts/bin/../libs/slf4j-api-1.7.30.jar:/mnt/d/Coding/WSL/Kafka_PA2/code/PA2_G6/src/Scripts/kafka_scripts/bin/../libs/slf4j-log4j12-1.7.30.jar:/mnt/d/Coding/WSL/Kafka_PA2/code/PA2_G6/src/Scripts/kafka_scripts/bin/../libs/snappy-java-1.1.7.7.jar:/mnt/d/Coding/WSL/Kafka_PA2/code/PA2_G6/src/Scripts/kafka_scripts/bin/../libs/zookeeper-3.5.8.jar:/mnt/d/Coding/WSL/Kafka_PA2/code/PA2_G6/src/Scripts/kafka_scripts/bin/../libs/zookeeper-jute-3.5.8.jar:/mnt/d/Coding/WSL/Kafka_PA2/code/PA2_G6/src/Scripts/kafka_scripts/bin/../libs/zstd-jni-1.4.5-6.jar (org.apache.zookeeper.ZooKeeper)
[2021-05-15 18:48:56,673] INFO Client environment:java.library.path=/usr/java/packages/lib:/usr/lib/x86_64-linux-gnu/jni:/lib/x86_64-linux-gnu:/usr/lib/x86_64-linux-gnu:/usr/lib/jni:/lib:/usr/lib (org.apache.zookeeper.ZooKeeper)
[2021-05-15 18:48:56,674] INFO Client environment:java.io.tmpdir=/tmp (org.apache.zookeeper.ZooKeeper)
[2021-05-15 18:48:56,674] INFO Client environment:java.compiler=<NA> (org.apache.zookeeper.ZooKeeper)
[2021-05-15 18:48:56,675] INFO Client environment:os.name=Linux (org.apache.zookeeper.ZooKeeper)
[2021-05-15 18:48:56,675] INFO Client environment:os.arch=amd64 (org.apache.zookeeper.ZooKeeper)
[2021-05-15 18:48:56,676] INFO Client environment:os.version=4.19.104-microsoft-standard (org.apache.zookeeper.ZooKeeper)
[2021-05-15 18:48:56,676] INFO Client environment:user.name=tom1k (org.apache.zookeeper.ZooKeeper)
[2021-05-15 18:48:56,677] INFO Client environment:user.home=/home/tom1k (org.apache.zookeeper.ZooKeeper)
[2021-05-15 18:48:56,677] INFO Client environment:user.dir=/mnt/d/Coding/WSL/Kafka_PA2/code/PA2_G6/src/Scripts (org.apache.zookeeper.ZooKeeper)
[2021-05-15 18:48:56,678] INFO Client environment:os.memory.free=978MB (org.apache.zookeeper.ZooKeeper)
[2021-05-15 18:48:56,678] INFO Client environment:os.memory.max=1024MB (org.apache.zookeeper.ZooKeeper)
[2021-05-15 18:48:56,679] INFO Client environment:os.memory.total=1024MB (org.apache.zookeeper.ZooKeeper)
[2021-05-15 18:48:56,684] INFO Initiating client connection, connectString=localhost:2181 sessionTimeout=18000 watcher=kafka.zookeeper.ZooKeeperClient$ZooKeeperClientWatcher$@18ece7f4 (org.apache.zookeeper.ZooKeeper)
[2021-05-15 18:48:56,692] INFO jute.maxbuffer value is 4194304 Bytes (org.apache.zookeeper.ClientCnxnSocket)
[2021-05-15 18:48:56,702] INFO zookeeper.request.timeout value is 0. feature enabled= (org.apache.zookeeper.ClientCnxn)
[2021-05-15 18:48:56,708] INFO [ZooKeeperClient Kafka server] Waiting until connected. (kafka.zookeeper.ZooKeeperClient)
[2021-05-15 18:48:56,720] INFO Opening socket connection to server localhost/127.0.0.1:2181. Will not attempt to authenticate using SASL (unknown error) (org.apache.zookeeper.ClientCnxn)
[2021-05-15 18:48:56,726] INFO Socket connection established, initiating session, client: /127.0.0.1:33706, server: localhost/127.0.0.1:2181 (org.apache.zookeeper.ClientCnxn)
[2021-05-15 18:48:56,739] INFO Session establishment complete on server localhost/127.0.0.1:2181, sessionid = 0x10001d046b90002, negotiated timeout = 18000 (org.apache.zookeeper.ClientCnxn)
[2021-05-15 18:48:56,744] INFO [ZooKeeperClient Kafka server] Connected. (kafka.zookeeper.ZooKeeperClient)
[2021-05-15 18:48:56,867] INFO [feature-zk-node-event-process-thread]: Starting (kafka.server.FinalizedFeatureChangeListener$ChangeNotificationProcessorThread)
[2021-05-15 18:48:57,289] INFO Updated cache from existing <empty> to latest FinalizedFeaturesAndEpoch(features=Features{}, epoch=0). (kafka.server.FinalizedFeatureCache)
[2021-05-15 18:48:57,294] INFO Cluster ID = on6d-E0dT4yV0FqKghJFIg (kafka.server.KafkaServer)
[2021-05-15 18:48:57,296] WARN No meta.properties file under dir /tmp/kafka-logs/server2/meta.properties (kafka.server.BrokerMetadataCheckpoint)
[2021-05-15 18:48:57,375] INFO KafkaConfig values: 
	advertised.host.name = null
	advertised.listeners = null
	advertised.port = null
	alter.config.policy.class.name = null
	alter.log.dirs.replication.quota.window.num = 11
	alter.log.dirs.replication.quota.window.size.seconds = 1
	authorizer.class.name = 
	auto.create.topics.enable = true
	auto.leader.rebalance.enable = true
	background.threads = 10
	broker.id = 2
	broker.id.generation.enable = true
	broker.rack = null
	client.quota.callback.class = null
	compression.type = producer
	connection.failed.authentication.delay.ms = 100
	connections.max.idle.ms = 600000
	connections.max.reauth.ms = 0
	control.plane.listener.name = null
	controlled.shutdown.enable = true
	controlled.shutdown.max.retries = 3
	controlled.shutdown.retry.backoff.ms = 5000
	controller.quota.window.num = 11
	controller.quota.window.size.seconds = 1
	controller.socket.timeout.ms = 30000
	create.topic.policy.class.name = null
	default.replication.factor = 1
	delegation.token.expiry.check.interval.ms = 3600000
	delegation.token.expiry.time.ms = 86400000
	delegation.token.master.key = null
	delegation.token.max.lifetime.ms = 604800000
	delete.records.purgatory.purge.interval.requests = 1
	delete.topic.enable = false
	fetch.max.bytes = 57671680
	fetch.purgatory.purge.interval.requests = 1000
	group.initial.rebalance.delay.ms = 3000
	group.max.session.timeout.ms = 1800000
	group.max.size = 2147483647
	group.min.session.timeout.ms = 6000
	host.name = 
	inter.broker.listener.name = null
	inter.broker.protocol.version = 2.7-IV2
	kafka.metrics.polling.interval.secs = 10
	kafka.metrics.reporters = []
	leader.imbalance.check.interval.seconds = 300
	leader.imbalance.per.broker.percentage = 10
	listener.security.protocol.map = PLAINTEXT:PLAINTEXT,SSL:SSL,SASL_PLAINTEXT:SASL_PLAINTEXT,SASL_SSL:SASL_SSL
	listeners = PLAINTEXT://:9094
	log.cleaner.backoff.ms = 15000
	log.cleaner.dedupe.buffer.size = 134217728
	log.cleaner.delete.retention.ms = 86400000
	log.cleaner.enable = true
	log.cleaner.io.buffer.load.factor = 0.9
	log.cleaner.io.buffer.size = 524288
	log.cleaner.io.max.bytes.per.second = 1.7976931348623157E308
	log.cleaner.max.compaction.lag.ms = 9223372036854775807
	log.cleaner.min.cleanable.ratio = 0.5
	log.cleaner.min.compaction.lag.ms = 0
	log.cleaner.threads = 1
	log.cleanup.policy = [delete]
	log.dir = /tmp/kafka-logs
	log.dirs = /tmp/kafka-logs/server2
	log.flush.interval.messages = 9223372036854775807
	log.flush.interval.ms = null
	log.flush.offset.checkpoint.interval.ms = 60000
	log.flush.scheduler.interval.ms = 9223372036854775807
	log.flush.start.offset.checkpoint.interval.ms = 60000
	log.index.interval.bytes = 4096
	log.index.size.max.bytes = 10485760
	log.message.downconversion.enable = true
	log.message.format.version = 2.7-IV2
	log.message.timestamp.difference.max.ms = 9223372036854775807
	log.message.timestamp.type = CreateTime
	log.preallocate = false
	log.retention.bytes = -1
	log.retention.check.interval.ms = 300000
	log.retention.hours = 168
	log.retention.minutes = null
	log.retention.ms = null
	log.roll.hours = 168
	log.roll.jitter.hours = 0
	log.roll.jitter.ms = null
	log.roll.ms = null
	log.segment.bytes = 1073741824
	log.segment.delete.delay.ms = 60000
	max.connection.creation.rate = 2147483647
	max.connections = 2147483647
	max.connections.per.ip = 2147483647
	max.connections.per.ip.overrides = 
	max.incremental.fetch.session.cache.slots = 1000
	message.max.bytes = 1048588
	metric.reporters = []
	metrics.num.samples = 2
	metrics.recording.level = INFO
	metrics.sample.window.ms = 30000
	min.insync.replicas = 2
	num.io.threads = 8
	num.network.threads = 3
	num.partitions = 1
	num.recovery.threads.per.data.dir = 1
	num.replica.alter.log.dirs.threads = null
	num.replica.fetchers = 1
	offset.metadata.max.bytes = 4096
	offsets.commit.required.acks = -1
	offsets.commit.timeout.ms = 5000
	offsets.load.buffer.size = 5242880
	offsets.retention.check.interval.ms = 600000
	offsets.retention.minutes = 10080
	offsets.topic.compression.codec = 0
	offsets.topic.num.partitions = 50
	offsets.topic.replication.factor = 3
	offsets.topic.segment.bytes = 104857600
	password.encoder.cipher.algorithm = AES/CBC/PKCS5Padding
	password.encoder.iterations = 4096
	password.encoder.key.length = 128
	password.encoder.keyfactory.algorithm = null
	password.encoder.old.secret = null
	password.encoder.secret = null
	port = 9092
	principal.builder.class = null
	producer.purgatory.purge.interval.requests = 1000
	queued.max.request.bytes = -1
	queued.max.requests = 500
	quota.consumer.default = 9223372036854775807
	quota.producer.default = 9223372036854775807
	quota.window.num = 11
	quota.window.size.seconds = 1
	replica.fetch.backoff.ms = 1000
	replica.fetch.max.bytes = 1048576
	replica.fetch.min.bytes = 1
	replica.fetch.response.max.bytes = 10485760
	replica.fetch.wait.max.ms = 500
	replica.high.watermark.checkpoint.interval.ms = 5000
	replica.lag.time.max.ms = 30000
	replica.selector.class = null
	replica.socket.receive.buffer.bytes = 65536
	replica.socket.timeout.ms = 30000
	replication.quota.window.num = 11
	replication.quota.window.size.seconds = 1
	request.timeout.ms = 30000
	reserved.broker.max.id = 1000
	sasl.client.callback.handler.class = null
	sasl.enabled.mechanisms = [GSSAPI]
	sasl.jaas.config = null
	sasl.kerberos.kinit.cmd = /usr/bin/kinit
	sasl.kerberos.min.time.before.relogin = 60000
	sasl.kerberos.principal.to.local.rules = [DEFAULT]
	sasl.kerberos.service.name = null
	sasl.kerberos.ticket.renew.jitter = 0.05
	sasl.kerberos.ticket.renew.window.factor = 0.8
	sasl.login.callback.handler.class = null
	sasl.login.class = null
	sasl.login.refresh.buffer.seconds = 300
	sasl.login.refresh.min.period.seconds = 60
	sasl.login.refresh.window.factor = 0.8
	sasl.login.refresh.window.jitter = 0.05
	sasl.mechanism.inter.broker.protocol = GSSAPI
	sasl.server.callback.handler.class = null
	security.inter.broker.protocol = PLAINTEXT
	security.providers = null
	socket.connection.setup.timeout.max.ms = 127000
	socket.connection.setup.timeout.ms = 10000
	socket.receive.buffer.bytes = 102400
	socket.request.max.bytes = 104857600
	socket.send.buffer.bytes = 102400
	ssl.cipher.suites = []
	ssl.client.auth = none
	ssl.enabled.protocols = [TLSv1.2, TLSv1.3]
	ssl.endpoint.identification.algorithm = https
	ssl.engine.factory.class = null
	ssl.key.password = null
	ssl.keymanager.algorithm = SunX509
	ssl.keystore.certificate.chain = null
	ssl.keystore.key = null
	ssl.keystore.location = null
	ssl.keystore.password = null
	ssl.keystore.type = JKS
	ssl.principal.mapping.rules = DEFAULT
	ssl.protocol = TLSv1.3
	ssl.provider = null
	ssl.secure.random.implementation = null
	ssl.trustmanager.algorithm = PKIX
	ssl.truststore.certificates = null
	ssl.truststore.location = null
	ssl.truststore.password = null
	ssl.truststore.type = JKS
	transaction.abort.timed.out.transaction.cleanup.interval.ms = 10000
	transaction.max.timeout.ms = 900000
	transaction.remove.expired.transaction.cleanup.interval.ms = 3600000
	transaction.state.log.load.buffer.size = 5242880
	transaction.state.log.min.isr = 1
	transaction.state.log.num.partitions = 50
	transaction.state.log.replication.factor = 3
	transaction.state.log.segment.bytes = 104857600
	transactional.id.expiration.ms = 604800000
	unclean.leader.election.enable = false
	zookeeper.clientCnxnSocket = null
	zookeeper.connect = localhost:2181
	zookeeper.connection.timeout.ms = 18000
	zookeeper.max.in.flight.requests = 10
	zookeeper.session.timeout.ms = 18000
	zookeeper.set.acl = false
	zookeeper.ssl.cipher.suites = null
	zookeeper.ssl.client.enable = false
	zookeeper.ssl.crl.enable = false
	zookeeper.ssl.enabled.protocols = null
	zookeeper.ssl.endpoint.identification.algorithm = HTTPS
	zookeeper.ssl.keystore.location = null
	zookeeper.ssl.keystore.password = null
	zookeeper.ssl.keystore.type = null
	zookeeper.ssl.ocsp.enable = false
	zookeeper.ssl.protocol = TLSv1.2
	zookeeper.ssl.truststore.location = null
	zookeeper.ssl.truststore.password = null
	zookeeper.ssl.truststore.type = null
	zookeeper.sync.time.ms = 2000
 (kafka.server.KafkaConfig)
[2021-05-15 18:48:57,383] INFO KafkaConfig values: 
	advertised.host.name = null
	advertised.listeners = null
	advertised.port = null
	alter.config.policy.class.name = null
	alter.log.dirs.replication.quota.window.num = 11
	alter.log.dirs.replication.quota.window.size.seconds = 1
	authorizer.class.name = 
	auto.create.topics.enable = true
	auto.leader.rebalance.enable = true
	background.threads = 10
	broker.id = 2
	broker.id.generation.enable = true
	broker.rack = null
	client.quota.callback.class = null
	compression.type = producer
	connection.failed.authentication.delay.ms = 100
	connections.max.idle.ms = 600000
	connections.max.reauth.ms = 0
	control.plane.listener.name = null
	controlled.shutdown.enable = true
	controlled.shutdown.max.retries = 3
	controlled.shutdown.retry.backoff.ms = 5000
	controller.quota.window.num = 11
	controller.quota.window.size.seconds = 1
	controller.socket.timeout.ms = 30000
	create.topic.policy.class.name = null
	default.replication.factor = 1
	delegation.token.expiry.check.interval.ms = 3600000
	delegation.token.expiry.time.ms = 86400000
	delegation.token.master.key = null
	delegation.token.max.lifetime.ms = 604800000
	delete.records.purgatory.purge.interval.requests = 1
	delete.topic.enable = false
	fetch.max.bytes = 57671680
	fetch.purgatory.purge.interval.requests = 1000
	group.initial.rebalance.delay.ms = 3000
	group.max.session.timeout.ms = 1800000
	group.max.size = 2147483647
	group.min.session.timeout.ms = 6000
	host.name = 
	inter.broker.listener.name = null
	inter.broker.protocol.version = 2.7-IV2
	kafka.metrics.polling.interval.secs = 10
	kafka.metrics.reporters = []
	leader.imbalance.check.interval.seconds = 300
	leader.imbalance.per.broker.percentage = 10
	listener.security.protocol.map = PLAINTEXT:PLAINTEXT,SSL:SSL,SASL_PLAINTEXT:SASL_PLAINTEXT,SASL_SSL:SASL_SSL
	listeners = PLAINTEXT://:9094
	log.cleaner.backoff.ms = 15000
	log.cleaner.dedupe.buffer.size = 134217728
	log.cleaner.delete.retention.ms = 86400000
	log.cleaner.enable = true
	log.cleaner.io.buffer.load.factor = 0.9
	log.cleaner.io.buffer.size = 524288
	log.cleaner.io.max.bytes.per.second = 1.7976931348623157E308
	log.cleaner.max.compaction.lag.ms = 9223372036854775807
	log.cleaner.min.cleanable.ratio = 0.5
	log.cleaner.min.compaction.lag.ms = 0
	log.cleaner.threads = 1
	log.cleanup.policy = [delete]
	log.dir = /tmp/kafka-logs
	log.dirs = /tmp/kafka-logs/server2
	log.flush.interval.messages = 9223372036854775807
	log.flush.interval.ms = null
	log.flush.offset.checkpoint.interval.ms = 60000
	log.flush.scheduler.interval.ms = 9223372036854775807
	log.flush.start.offset.checkpoint.interval.ms = 60000
	log.index.interval.bytes = 4096
	log.index.size.max.bytes = 10485760
	log.message.downconversion.enable = true
	log.message.format.version = 2.7-IV2
	log.message.timestamp.difference.max.ms = 9223372036854775807
	log.message.timestamp.type = CreateTime
	log.preallocate = false
	log.retention.bytes = -1
	log.retention.check.interval.ms = 300000
	log.retention.hours = 168
	log.retention.minutes = null
	log.retention.ms = null
	log.roll.hours = 168
	log.roll.jitter.hours = 0
	log.roll.jitter.ms = null
	log.roll.ms = null
	log.segment.bytes = 1073741824
	log.segment.delete.delay.ms = 60000
	max.connection.creation.rate = 2147483647
	max.connections = 2147483647
	max.connections.per.ip = 2147483647
	max.connections.per.ip.overrides = 
	max.incremental.fetch.session.cache.slots = 1000
	message.max.bytes = 1048588
	metric.reporters = []
	metrics.num.samples = 2
	metrics.recording.level = INFO
	metrics.sample.window.ms = 30000
	min.insync.replicas = 2
	num.io.threads = 8
	num.network.threads = 3
	num.partitions = 1
	num.recovery.threads.per.data.dir = 1
	num.replica.alter.log.dirs.threads = null
	num.replica.fetchers = 1
	offset.metadata.max.bytes = 4096
	offsets.commit.required.acks = -1
	offsets.commit.timeout.ms = 5000
	offsets.load.buffer.size = 5242880
	offsets.retention.check.interval.ms = 600000
	offsets.retention.minutes = 10080
	offsets.topic.compression.codec = 0
	offsets.topic.num.partitions = 50
	offsets.topic.replication.factor = 3
	offsets.topic.segment.bytes = 104857600
	password.encoder.cipher.algorithm = AES/CBC/PKCS5Padding
	password.encoder.iterations = 4096
	password.encoder.key.length = 128
	password.encoder.keyfactory.algorithm = null
	password.encoder.old.secret = null
	password.encoder.secret = null
	port = 9092
	principal.builder.class = null
	producer.purgatory.purge.interval.requests = 1000
	queued.max.request.bytes = -1
	queued.max.requests = 500
	quota.consumer.default = 9223372036854775807
	quota.producer.default = 9223372036854775807
	quota.window.num = 11
	quota.window.size.seconds = 1
	replica.fetch.backoff.ms = 1000
	replica.fetch.max.bytes = 1048576
	replica.fetch.min.bytes = 1
	replica.fetch.response.max.bytes = 10485760
	replica.fetch.wait.max.ms = 500
	replica.high.watermark.checkpoint.interval.ms = 5000
	replica.lag.time.max.ms = 30000
	replica.selector.class = null
	replica.socket.receive.buffer.bytes = 65536
	replica.socket.timeout.ms = 30000
	replication.quota.window.num = 11
	replication.quota.window.size.seconds = 1
	request.timeout.ms = 30000
	reserved.broker.max.id = 1000
	sasl.client.callback.handler.class = null
	sasl.enabled.mechanisms = [GSSAPI]
	sasl.jaas.config = null
	sasl.kerberos.kinit.cmd = /usr/bin/kinit
	sasl.kerberos.min.time.before.relogin = 60000
	sasl.kerberos.principal.to.local.rules = [DEFAULT]
	sasl.kerberos.service.name = null
	sasl.kerberos.ticket.renew.jitter = 0.05
	sasl.kerberos.ticket.renew.window.factor = 0.8
	sasl.login.callback.handler.class = null
	sasl.login.class = null
	sasl.login.refresh.buffer.seconds = 300
	sasl.login.refresh.min.period.seconds = 60
	sasl.login.refresh.window.factor = 0.8
	sasl.login.refresh.window.jitter = 0.05
	sasl.mechanism.inter.broker.protocol = GSSAPI
	sasl.server.callback.handler.class = null
	security.inter.broker.protocol = PLAINTEXT
	security.providers = null
	socket.connection.setup.timeout.max.ms = 127000
	socket.connection.setup.timeout.ms = 10000
	socket.receive.buffer.bytes = 102400
	socket.request.max.bytes = 104857600
	socket.send.buffer.bytes = 102400
	ssl.cipher.suites = []
	ssl.client.auth = none
	ssl.enabled.protocols = [TLSv1.2, TLSv1.3]
	ssl.endpoint.identification.algorithm = https
	ssl.engine.factory.class = null
	ssl.key.password = null
	ssl.keymanager.algorithm = SunX509
	ssl.keystore.certificate.chain = null
	ssl.keystore.key = null
	ssl.keystore.location = null
	ssl.keystore.password = null
	ssl.keystore.type = JKS
	ssl.principal.mapping.rules = DEFAULT
	ssl.protocol = TLSv1.3
	ssl.provider = null
	ssl.secure.random.implementation = null
	ssl.trustmanager.algorithm = PKIX
	ssl.truststore.certificates = null
	ssl.truststore.location = null
	ssl.truststore.password = null
	ssl.truststore.type = JKS
	transaction.abort.timed.out.transaction.cleanup.interval.ms = 10000
	transaction.max.timeout.ms = 900000
	transaction.remove.expired.transaction.cleanup.interval.ms = 3600000
	transaction.state.log.load.buffer.size = 5242880
	transaction.state.log.min.isr = 1
	transaction.state.log.num.partitions = 50
	transaction.state.log.replication.factor = 3
	transaction.state.log.segment.bytes = 104857600
	transactional.id.expiration.ms = 604800000
	unclean.leader.election.enable = false
	zookeeper.clientCnxnSocket = null
	zookeeper.connect = localhost:2181
	zookeeper.connection.timeout.ms = 18000
	zookeeper.max.in.flight.requests = 10
	zookeeper.session.timeout.ms = 18000
	zookeeper.set.acl = false
	zookeeper.ssl.cipher.suites = null
	zookeeper.ssl.client.enable = false
	zookeeper.ssl.crl.enable = false
	zookeeper.ssl.enabled.protocols = null
	zookeeper.ssl.endpoint.identification.algorithm = HTTPS
	zookeeper.ssl.keystore.location = null
	zookeeper.ssl.keystore.password = null
	zookeeper.ssl.keystore.type = null
	zookeeper.ssl.ocsp.enable = false
	zookeeper.ssl.protocol = TLSv1.2
	zookeeper.ssl.truststore.location = null
	zookeeper.ssl.truststore.password = null
	zookeeper.ssl.truststore.type = null
	zookeeper.sync.time.ms = 2000
 (kafka.server.KafkaConfig)
[2021-05-15 18:48:57,431] INFO [ThrottledChannelReaper-Fetch]: Starting (kafka.server.ClientQuotaManager$ThrottledChannelReaper)
[2021-05-15 18:48:57,432] INFO [ThrottledChannelReaper-Produce]: Starting (kafka.server.ClientQuotaManager$ThrottledChannelReaper)
[2021-05-15 18:48:57,434] INFO [ThrottledChannelReaper-Request]: Starting (kafka.server.ClientQuotaManager$ThrottledChannelReaper)
[2021-05-15 18:48:57,437] INFO [ThrottledChannelReaper-ControllerMutation]: Starting (kafka.server.ClientQuotaManager$ThrottledChannelReaper)
[2021-05-15 18:48:57,522] INFO Log directory /tmp/kafka-logs/server2 not found, creating it. (kafka.log.LogManager)
[2021-05-15 18:48:57,546] INFO Loading logs from log dirs ArraySeq(/tmp/kafka-logs/server2) (kafka.log.LogManager)
[2021-05-15 18:48:57,550] INFO Attempting recovery for all logs in /tmp/kafka-logs/server2 since no clean shutdown file was found (kafka.log.LogManager)
[2021-05-15 18:48:57,557] INFO Loaded 0 logs in 10ms. (kafka.log.LogManager)
[2021-05-15 18:48:57,595] INFO Starting log cleanup with a period of 300000 ms. (kafka.log.LogManager)
[2021-05-15 18:48:57,599] INFO Starting log flusher with a default period of 9223372036854775807 ms. (kafka.log.LogManager)
[2021-05-15 18:48:59,466] INFO Created ConnectionAcceptRate sensor, quotaLimit=2147483647 (kafka.network.ConnectionQuotas)
[2021-05-15 18:48:59,471] INFO Created ConnectionAcceptRate-PLAINTEXT sensor, quotaLimit=2147483647 (kafka.network.ConnectionQuotas)
[2021-05-15 18:48:59,482] INFO Updated PLAINTEXT max connection creation rate to 2147483647 (kafka.network.ConnectionQuotas)
[2021-05-15 18:48:59,489] INFO Awaiting socket connections on 0.0.0.0:9094. (kafka.network.Acceptor)
[2021-05-15 18:48:59,566] INFO [SocketServer brokerId=2] Created data-plane acceptor and processors for endpoint : ListenerName(PLAINTEXT) (kafka.network.SocketServer)
[2021-05-15 18:48:59,642] INFO [ExpirationReaper-2-Produce]: Starting (kafka.server.DelayedOperationPurgatory$ExpiredOperationReaper)
[2021-05-15 18:48:59,643] INFO [ExpirationReaper-2-ElectLeader]: Starting (kafka.server.DelayedOperationPurgatory$ExpiredOperationReaper)
[2021-05-15 18:48:59,642] INFO [ExpirationReaper-2-Fetch]: Starting (kafka.server.DelayedOperationPurgatory$ExpiredOperationReaper)
[2021-05-15 18:48:59,642] INFO [ExpirationReaper-2-DeleteRecords]: Starting (kafka.server.DelayedOperationPurgatory$ExpiredOperationReaper)
[2021-05-15 18:48:59,705] INFO [LogDirFailureHandler]: Starting (kafka.server.ReplicaManager$LogDirFailureHandler)
[2021-05-15 18:48:59,731] INFO [broker-2-to-controller-send-thread]: Starting (kafka.server.BrokerToControllerRequestThread)
[2021-05-15 18:48:59,995] INFO Creating /brokers/ids/2 (is it secure? false) (kafka.zk.KafkaZkClient)
[2021-05-15 18:49:00,140] INFO Stat of the created znode at /brokers/ids/2 is: 123,123,1621100940066,1621100940066,1,0,0,72059588089282562,238,0,123
 (kafka.zk.KafkaZkClient)
[2021-05-15 18:49:00,142] INFO Registered broker 2 at path /brokers/ids/2 with addresses: PLAINTEXT://DESKTOP-OJISSPF.localdomain:9094, czxid (broker epoch): 123 (kafka.zk.KafkaZkClient)
[2021-05-15 18:49:00,327] INFO [ExpirationReaper-2-topic]: Starting (kafka.server.DelayedOperationPurgatory$ExpiredOperationReaper)
[2021-05-15 18:49:00,361] INFO [ExpirationReaper-2-Heartbeat]: Starting (kafka.server.DelayedOperationPurgatory$ExpiredOperationReaper)
[2021-05-15 18:49:00,368] INFO [ExpirationReaper-2-Rebalance]: Starting (kafka.server.DelayedOperationPurgatory$ExpiredOperationReaper)
[2021-05-15 18:49:00,401] INFO [GroupCoordinator 2]: Starting up. (kafka.coordinator.group.GroupCoordinator)
[2021-05-15 18:49:00,403] INFO [GroupCoordinator 2]: Startup complete. (kafka.coordinator.group.GroupCoordinator)
[2021-05-15 18:49:00,425] INFO [ProducerId Manager 2]: Acquired new producerId block (brokerId:2,blockStartProducerId:4000,blockEndProducerId:4999) by writing to Zk with path version 5 (kafka.coordinator.transaction.ProducerIdManager)
[2021-05-15 18:49:00,449] INFO [TransactionCoordinator id=2] Starting up. (kafka.coordinator.transaction.TransactionCoordinator)
[2021-05-15 18:49:00,459] INFO [TransactionCoordinator id=2] Startup complete. (kafka.coordinator.transaction.TransactionCoordinator)
[2021-05-15 18:49:00,459] INFO [Transaction Marker Channel Manager 2]: Starting (kafka.coordinator.transaction.TransactionMarkerChannelManager)
[2021-05-15 18:49:00,520] INFO [ExpirationReaper-2-AlterAcls]: Starting (kafka.server.DelayedOperationPurgatory$ExpiredOperationReaper)
[2021-05-15 18:49:00,568] INFO [/config/changes-event-process-thread]: Starting (kafka.common.ZkNodeChangeNotificationListener$ChangeEventProcessThread)
[2021-05-15 18:49:00,598] INFO [SocketServer brokerId=2] Starting socket server acceptors and processors (kafka.network.SocketServer)
[2021-05-15 18:49:00,620] INFO [SocketServer brokerId=2] Started data-plane acceptor and processor(s) for endpoint : ListenerName(PLAINTEXT) (kafka.network.SocketServer)
[2021-05-15 18:49:00,621] INFO [SocketServer brokerId=2] Started socket server acceptors and processors (kafka.network.SocketServer)
[2021-05-15 18:49:00,633] INFO Kafka version: 2.7.0 (org.apache.kafka.common.utils.AppInfoParser)
[2021-05-15 18:49:00,634] INFO Kafka commitId: 448719dc99a19793 (org.apache.kafka.common.utils.AppInfoParser)
[2021-05-15 18:49:00,634] INFO Kafka startTimeMs: 1621100940624 (org.apache.kafka.common.utils.AppInfoParser)
[2021-05-15 18:49:00,637] INFO [KafkaServer id=2] started (kafka.server.KafkaServer)
[2021-05-15 18:49:00,791] INFO [broker-2-to-controller-send-thread]: Recorded new controller, from now on will use broker 0 (kafka.server.BrokerToControllerRequestThread)
[2021-05-15 18:49:40,914] INFO [ReplicaFetcherManager on broker 2] Removed fetcher for partitions Set(Sensor-0) (kafka.server.ReplicaFetcherManager)
[2021-05-15 18:49:43,677] INFO [Log partition=Sensor-0, dir=/tmp/kafka-logs/server2] Loading producer state till offset 0 with message format version 2 (kafka.log.Log)
[2021-05-15 18:49:43,847] INFO Created log for partition Sensor-0 in /tmp/kafka-logs/server2/Sensor-0 with properties {compression.type -> producer, min.insync.replicas -> 2, message.downconversion.enable -> true, segment.jitter.ms -> 0, cleanup.policy -> [delete], flush.ms -> 9223372036854775807, retention.ms -> 604800000, segment.bytes -> 1073741824, flush.messages -> 9223372036854775807, message.format.version -> 2.7-IV2, max.compaction.lag.ms -> 9223372036854775807, file.delete.delay.ms -> 60000, max.message.bytes -> 1048588, min.compaction.lag.ms -> 0, message.timestamp.type -> CreateTime, preallocate -> false, index.interval.bytes -> 4096, min.cleanable.dirty.ratio -> 0.5, unclean.leader.election.enable -> false, retention.bytes -> -1, delete.retention.ms -> 86400000, segment.ms -> 604800000, message.timestamp.difference.max.ms -> 9223372036854775807, segment.index.bytes -> 10485760}. (kafka.log.LogManager)
[2021-05-15 18:49:43,905] INFO [Partition Sensor-0 broker=2] No checkpointed highwatermark is found for partition Sensor-0 (kafka.cluster.Partition)
[2021-05-15 18:49:43,921] INFO [Partition Sensor-0 broker=2] Log loaded for partition Sensor-0 with initial high watermark 0 (kafka.cluster.Partition)
[2021-05-15 18:49:44,184] INFO [Log partition=Sensor-2, dir=/tmp/kafka-logs/server2] Loading producer state till offset 0 with message format version 2 (kafka.log.Log)
[2021-05-15 18:49:44,201] INFO Created log for partition Sensor-2 in /tmp/kafka-logs/server2/Sensor-2 with properties {compression.type -> producer, min.insync.replicas -> 2, message.downconversion.enable -> true, segment.jitter.ms -> 0, cleanup.policy -> [delete], flush.ms -> 9223372036854775807, retention.ms -> 604800000, segment.bytes -> 1073741824, flush.messages -> 9223372036854775807, message.format.version -> 2.7-IV2, max.compaction.lag.ms -> 9223372036854775807, file.delete.delay.ms -> 60000, max.message.bytes -> 1048588, min.compaction.lag.ms -> 0, message.timestamp.type -> CreateTime, preallocate -> false, index.interval.bytes -> 4096, min.cleanable.dirty.ratio -> 0.5, unclean.leader.election.enable -> false, retention.bytes -> -1, delete.retention.ms -> 86400000, segment.ms -> 604800000, message.timestamp.difference.max.ms -> 9223372036854775807, segment.index.bytes -> 10485760}. (kafka.log.LogManager)
[2021-05-15 18:49:44,206] INFO [Partition Sensor-2 broker=2] No checkpointed highwatermark is found for partition Sensor-2 (kafka.cluster.Partition)
[2021-05-15 18:49:44,214] INFO [Partition Sensor-2 broker=2] Log loaded for partition Sensor-2 with initial high watermark 0 (kafka.cluster.Partition)
[2021-05-15 18:49:44,300] INFO [Log partition=Sensor-1, dir=/tmp/kafka-logs/server2] Loading producer state till offset 0 with message format version 2 (kafka.log.Log)
[2021-05-15 18:49:44,304] INFO Created log for partition Sensor-1 in /tmp/kafka-logs/server2/Sensor-1 with properties {compression.type -> producer, min.insync.replicas -> 2, message.downconversion.enable -> true, segment.jitter.ms -> 0, cleanup.policy -> [delete], flush.ms -> 9223372036854775807, retention.ms -> 604800000, segment.bytes -> 1073741824, flush.messages -> 9223372036854775807, message.format.version -> 2.7-IV2, max.compaction.lag.ms -> 9223372036854775807, file.delete.delay.ms -> 60000, max.message.bytes -> 1048588, min.compaction.lag.ms -> 0, message.timestamp.type -> CreateTime, preallocate -> false, index.interval.bytes -> 4096, min.cleanable.dirty.ratio -> 0.5, unclean.leader.election.enable -> false, retention.bytes -> -1, delete.retention.ms -> 86400000, segment.ms -> 604800000, message.timestamp.difference.max.ms -> 9223372036854775807, segment.index.bytes -> 10485760}. (kafka.log.LogManager)
[2021-05-15 18:49:44,317] INFO [Partition Sensor-1 broker=2] No checkpointed highwatermark is found for partition Sensor-1 (kafka.cluster.Partition)
[2021-05-15 18:49:44,335] INFO [Partition Sensor-1 broker=2] Log loaded for partition Sensor-1 with initial high watermark 0 (kafka.cluster.Partition)
[2021-05-15 18:49:44,336] INFO [ReplicaFetcherManager on broker 2] Removed fetcher for partitions HashSet(Sensor-2, Sensor-1) (kafka.server.ReplicaFetcherManager)
[2021-05-15 18:49:44,859] INFO [ReplicaFetcher replicaId=2, leaderId=0, fetcherId=0] Starting (kafka.server.ReplicaFetcherThread)
[2021-05-15 18:49:44,898] INFO [ReplicaFetcherManager on broker 2] Added fetcher to broker 0 for partitions Map(Sensor-2 -> (offset=0, leaderEpoch=0)) (kafka.server.ReplicaFetcherManager)
[2021-05-15 18:49:44,924] INFO [ReplicaFetcher replicaId=2, leaderId=0, fetcherId=0] Truncating partition Sensor-2 to local high watermark 0 (kafka.server.ReplicaFetcherThread)
[2021-05-15 18:49:44,995] INFO [ReplicaFetcherManager on broker 2] Added fetcher to broker 3 for partitions Map(Sensor-1 -> (offset=0, leaderEpoch=0)) (kafka.server.ReplicaFetcherManager)
[2021-05-15 18:49:45,150] INFO [ReplicaFetcher replicaId=2, leaderId=3, fetcherId=0] Starting (kafka.server.ReplicaFetcherThread)
[2021-05-15 18:49:45,264] INFO [ReplicaFetcher replicaId=2, leaderId=3, fetcherId=0] Truncating partition Sensor-1 to local high watermark 0 (kafka.server.ReplicaFetcherThread)
[2021-05-15 18:49:45,276] INFO [Log partition=Sensor-1, dir=/tmp/kafka-logs/server2] Truncating to 0 has no effect as the largest offset in the log is -1 (kafka.log.Log)
[2021-05-15 18:49:45,212] INFO [Log partition=Sensor-2, dir=/tmp/kafka-logs/server2] Truncating to 0 has no effect as the largest offset in the log is -1 (kafka.log.Log)
[2021-05-15 18:49:47,352] WARN [ReplicaFetcher replicaId=2, leaderId=3, fetcherId=0] Received UNKNOWN_TOPIC_OR_PARTITION from the leader for partition Sensor-1. This error may be returned transiently when the partition is being created or deleted, but it is not expected to persist. (kafka.server.ReplicaFetcherThread)
[2021-05-15 18:51:04,961] INFO Terminating process due to signal SIGTERM (org.apache.kafka.common.utils.LoggingSignalHandler)
[2021-05-15 18:51:04,979] INFO [KafkaServer id=2] shutting down (kafka.server.KafkaServer)
[2021-05-15 18:51:04,981] INFO [KafkaServer id=2] Starting controlled shutdown (kafka.server.KafkaServer)
[2021-05-15 18:51:05,426] INFO [ReplicaFetcherManager on broker 2] Removed fetcher for partitions Set(Sensor-0) (kafka.server.ReplicaFetcherManager)
[2021-05-15 18:51:05,544] INFO [ReplicaFetcherManager on broker 2] Removed fetcher for partitions HashSet(Sensor-0) (kafka.server.ReplicaFetcherManager)
[2021-05-15 18:51:05,690] INFO [KafkaServer id=2] Controlled shutdown succeeded (kafka.server.KafkaServer)
[2021-05-15 18:51:05,707] INFO [/config/changes-event-process-thread]: Shutting down (kafka.common.ZkNodeChangeNotificationListener$ChangeEventProcessThread)
[2021-05-15 18:51:05,715] INFO [/config/changes-event-process-thread]: Stopped (kafka.common.ZkNodeChangeNotificationListener$ChangeEventProcessThread)
[2021-05-15 18:51:05,717] INFO [/config/changes-event-process-thread]: Shutdown completed (kafka.common.ZkNodeChangeNotificationListener$ChangeEventProcessThread)
[2021-05-15 18:51:05,731] INFO [SocketServer brokerId=2] Stopping socket server request processors (kafka.network.SocketServer)
[2021-05-15 18:51:05,769] INFO [SocketServer brokerId=2] Stopped socket server request processors (kafka.network.SocketServer)
[2021-05-15 18:51:05,776] INFO [data-plane Kafka Request Handler on Broker 2], shutting down (kafka.server.KafkaRequestHandlerPool)
[2021-05-15 18:51:05,782] INFO [data-plane Kafka Request Handler on Broker 2], shut down completely (kafka.server.KafkaRequestHandlerPool)
[2021-05-15 18:51:05,810] INFO [ReplicaFetcher replicaId=2, leaderId=0, fetcherId=0] Partition Sensor-2 has an older epoch (0) than the current leader. Will await the new LeaderAndIsr state before resuming fetching. (kafka.server.ReplicaFetcherThread)
[2021-05-15 18:51:05,815] WARN [ReplicaFetcher replicaId=2, leaderId=0, fetcherId=0] Partition Sensor-2 marked as failed (kafka.server.ReplicaFetcherThread)
[2021-05-15 18:51:05,819] INFO [ExpirationReaper-2-AlterAcls]: Shutting down (kafka.server.DelayedOperationPurgatory$ExpiredOperationReaper)
[2021-05-15 18:51:05,866] INFO [ExpirationReaper-2-AlterAcls]: Stopped (kafka.server.DelayedOperationPurgatory$ExpiredOperationReaper)
[2021-05-15 18:51:05,869] INFO [ExpirationReaper-2-AlterAcls]: Shutdown completed (kafka.server.DelayedOperationPurgatory$ExpiredOperationReaper)
[2021-05-15 18:51:05,871] INFO [KafkaApi-2] Shutdown complete. (kafka.server.KafkaApis)
[2021-05-15 18:51:05,873] INFO [ExpirationReaper-2-topic]: Shutting down (kafka.server.DelayedOperationPurgatory$ExpiredOperationReaper)
[2021-05-15 18:51:05,976] INFO [ReplicaFetcher replicaId=2, leaderId=3, fetcherId=0] Partition Sensor-1 has an older epoch (0) than the current leader. Will await the new LeaderAndIsr state before resuming fetching. (kafka.server.ReplicaFetcherThread)
[2021-05-15 18:51:05,977] WARN [ReplicaFetcher replicaId=2, leaderId=3, fetcherId=0] Partition Sensor-1 marked as failed (kafka.server.ReplicaFetcherThread)
[2021-05-15 18:51:06,070] INFO [ExpirationReaper-2-topic]: Stopped (kafka.server.DelayedOperationPurgatory$ExpiredOperationReaper)
[2021-05-15 18:51:06,070] INFO [ExpirationReaper-2-topic]: Shutdown completed (kafka.server.DelayedOperationPurgatory$ExpiredOperationReaper)
[2021-05-15 18:51:06,073] INFO [TransactionCoordinator id=2] Shutting down. (kafka.coordinator.transaction.TransactionCoordinator)
[2021-05-15 18:51:06,075] INFO [ProducerId Manager 2]: Shutdown complete: last producerId assigned 4000 (kafka.coordinator.transaction.ProducerIdManager)
[2021-05-15 18:51:06,077] INFO [Transaction State Manager 2]: Shutdown complete (kafka.coordinator.transaction.TransactionStateManager)
[2021-05-15 18:51:06,078] INFO [Transaction Marker Channel Manager 2]: Shutting down (kafka.coordinator.transaction.TransactionMarkerChannelManager)
[2021-05-15 18:51:06,079] INFO [Transaction Marker Channel Manager 2]: Shutdown completed (kafka.coordinator.transaction.TransactionMarkerChannelManager)
[2021-05-15 18:51:06,079] INFO [Transaction Marker Channel Manager 2]: Stopped (kafka.coordinator.transaction.TransactionMarkerChannelManager)
[2021-05-15 18:51:06,080] INFO [TransactionCoordinator id=2] Shutdown complete. (kafka.coordinator.transaction.TransactionCoordinator)
[2021-05-15 18:51:06,094] INFO [GroupCoordinator 2]: Shutting down. (kafka.coordinator.group.GroupCoordinator)
[2021-05-15 18:51:06,097] INFO [ExpirationReaper-2-Heartbeat]: Shutting down (kafka.server.DelayedOperationPurgatory$ExpiredOperationReaper)
[2021-05-15 18:51:06,251] INFO [ExpirationReaper-2-Heartbeat]: Stopped (kafka.server.DelayedOperationPurgatory$ExpiredOperationReaper)
[2021-05-15 18:51:06,251] INFO [ExpirationReaper-2-Heartbeat]: Shutdown completed (kafka.server.DelayedOperationPurgatory$ExpiredOperationReaper)
[2021-05-15 18:51:06,254] INFO [ExpirationReaper-2-Rebalance]: Shutting down (kafka.server.DelayedOperationPurgatory$ExpiredOperationReaper)
[2021-05-15 18:51:06,268] INFO [ExpirationReaper-2-Rebalance]: Stopped (kafka.server.DelayedOperationPurgatory$ExpiredOperationReaper)
[2021-05-15 18:51:06,268] INFO [ExpirationReaper-2-Rebalance]: Shutdown completed (kafka.server.DelayedOperationPurgatory$ExpiredOperationReaper)
[2021-05-15 18:51:06,272] INFO [GroupCoordinator 2]: Shutdown complete. (kafka.coordinator.group.GroupCoordinator)
[2021-05-15 18:51:06,303] INFO [ReplicaManager broker=2] Shutting down (kafka.server.ReplicaManager)
[2021-05-15 18:51:06,304] INFO [LogDirFailureHandler]: Shutting down (kafka.server.ReplicaManager$LogDirFailureHandler)
[2021-05-15 18:51:06,317] INFO [LogDirFailureHandler]: Shutdown completed (kafka.server.ReplicaManager$LogDirFailureHandler)
[2021-05-15 18:51:06,317] INFO [LogDirFailureHandler]: Stopped (kafka.server.ReplicaManager$LogDirFailureHandler)
[2021-05-15 18:51:06,319] INFO [ReplicaFetcherManager on broker 2] shutting down (kafka.server.ReplicaFetcherManager)
[2021-05-15 18:51:06,322] INFO [ReplicaFetcher replicaId=2, leaderId=3, fetcherId=0] Shutting down (kafka.server.ReplicaFetcherThread)
[2021-05-15 18:51:06,323] INFO [ReplicaFetcher replicaId=2, leaderId=0, fetcherId=0] Shutting down (kafka.server.ReplicaFetcherThread)
[2021-05-15 18:51:06,326] INFO [ReplicaFetcher replicaId=2, leaderId=3, fetcherId=0] Stopped (kafka.server.ReplicaFetcherThread)
[2021-05-15 18:51:06,326] INFO [ReplicaFetcher replicaId=2, leaderId=3, fetcherId=0] Shutdown completed (kafka.server.ReplicaFetcherThread)
[2021-05-15 18:51:06,336] INFO [ReplicaFetcher replicaId=2, leaderId=0, fetcherId=0] Stopped (kafka.server.ReplicaFetcherThread)
[2021-05-15 18:51:06,336] INFO [ReplicaFetcher replicaId=2, leaderId=0, fetcherId=0] Shutdown completed (kafka.server.ReplicaFetcherThread)
[2021-05-15 18:51:06,343] INFO [ReplicaFetcherManager on broker 2] shutdown completed (kafka.server.ReplicaFetcherManager)
[2021-05-15 18:51:06,345] INFO [ReplicaAlterLogDirsManager on broker 2] shutting down (kafka.server.ReplicaAlterLogDirsManager)
[2021-05-15 18:51:06,346] INFO [ReplicaAlterLogDirsManager on broker 2] shutdown completed (kafka.server.ReplicaAlterLogDirsManager)
[2021-05-15 18:51:06,347] INFO [ExpirationReaper-2-Fetch]: Shutting down (kafka.server.DelayedOperationPurgatory$ExpiredOperationReaper)
[2021-05-15 18:51:06,376] INFO [ExpirationReaper-2-Fetch]: Stopped (kafka.server.DelayedOperationPurgatory$ExpiredOperationReaper)
[2021-05-15 18:51:06,376] INFO [ExpirationReaper-2-Fetch]: Shutdown completed (kafka.server.DelayedOperationPurgatory$ExpiredOperationReaper)
[2021-05-15 18:51:06,378] INFO [ExpirationReaper-2-Produce]: Shutting down (kafka.server.DelayedOperationPurgatory$ExpiredOperationReaper)
[2021-05-15 18:51:06,501] INFO [ExpirationReaper-2-Produce]: Stopped (kafka.server.DelayedOperationPurgatory$ExpiredOperationReaper)
[2021-05-15 18:51:06,501] INFO [ExpirationReaper-2-Produce]: Shutdown completed (kafka.server.DelayedOperationPurgatory$ExpiredOperationReaper)
[2021-05-15 18:51:06,503] INFO [ExpirationReaper-2-DeleteRecords]: Shutting down (kafka.server.DelayedOperationPurgatory$ExpiredOperationReaper)
[2021-05-15 18:51:06,651] INFO [ExpirationReaper-2-DeleteRecords]: Shutdown completed (kafka.server.DelayedOperationPurgatory$ExpiredOperationReaper)
[2021-05-15 18:51:06,651] INFO [ExpirationReaper-2-DeleteRecords]: Stopped (kafka.server.DelayedOperationPurgatory$ExpiredOperationReaper)
[2021-05-15 18:51:06,653] INFO [ExpirationReaper-2-ElectLeader]: Shutting down (kafka.server.DelayedOperationPurgatory$ExpiredOperationReaper)
[2021-05-15 18:51:06,698] INFO [ExpirationReaper-2-ElectLeader]: Stopped (kafka.server.DelayedOperationPurgatory$ExpiredOperationReaper)
[2021-05-15 18:51:06,698] INFO [ExpirationReaper-2-ElectLeader]: Shutdown completed (kafka.server.DelayedOperationPurgatory$ExpiredOperationReaper)
[2021-05-15 18:51:06,706] INFO [ReplicaManager broker=2] Shut down completely (kafka.server.ReplicaManager)
[2021-05-15 18:51:06,708] INFO [broker-2-to-controller-send-thread]: Shutting down (kafka.server.BrokerToControllerRequestThread)
[2021-05-15 18:51:06,709] INFO [broker-2-to-controller-send-thread]: Shutdown completed (kafka.server.BrokerToControllerRequestThread)
[2021-05-15 18:51:06,709] INFO [broker-2-to-controller-send-thread]: Stopped (kafka.server.BrokerToControllerRequestThread)
[2021-05-15 18:51:06,712] INFO [broker-2-to-controller-send-thread]: Shutdown completed (kafka.server.BrokerToControllerRequestThread)
[2021-05-15 18:51:06,715] INFO Shutting down. (kafka.log.LogManager)
[2021-05-15 18:51:06,830] INFO Shutdown complete. (kafka.log.LogManager)
[2021-05-15 18:51:06,887] INFO Terminating process due to signal SIGTERM (org.apache.kafka.common.utils.LoggingSignalHandler)
[2021-05-15 18:51:06,903] INFO [feature-zk-node-event-process-thread]: Shutting down (kafka.server.FinalizedFeatureChangeListener$ChangeNotificationProcessorThread)
[2021-05-15 18:51:06,905] INFO [feature-zk-node-event-process-thread]: Stopped (kafka.server.FinalizedFeatureChangeListener$ChangeNotificationProcessorThread)
[2021-05-15 18:51:06,906] INFO [feature-zk-node-event-process-thread]: Shutdown completed (kafka.server.FinalizedFeatureChangeListener$ChangeNotificationProcessorThread)
[2021-05-15 18:51:06,908] INFO [ZooKeeperClient Kafka server] Closing. (kafka.zookeeper.ZooKeeperClient)
[2021-05-15 18:51:07,044] INFO EventThread shut down for session: 0x10001d046b90002 (org.apache.zookeeper.ClientCnxn)
[2021-05-15 18:51:07,044] INFO Session: 0x10001d046b90002 closed (org.apache.zookeeper.ZooKeeper)
[2021-05-15 18:51:07,046] INFO [ZooKeeperClient Kafka server] Closed. (kafka.zookeeper.ZooKeeperClient)
[2021-05-15 18:51:07,048] INFO [ThrottledChannelReaper-Fetch]: Shutting down (kafka.server.ClientQuotaManager$ThrottledChannelReaper)
[2021-05-15 18:51:07,864] INFO [ThrottledChannelReaper-Fetch]: Stopped (kafka.server.ClientQuotaManager$ThrottledChannelReaper)
[2021-05-15 18:51:07,864] INFO [ThrottledChannelReaper-Fetch]: Shutdown completed (kafka.server.ClientQuotaManager$ThrottledChannelReaper)
[2021-05-15 18:51:07,866] INFO [ThrottledChannelReaper-Produce]: Shutting down (kafka.server.ClientQuotaManager$ThrottledChannelReaper)
[2021-05-15 18:51:07,889] INFO [ThrottledChannelReaper-Produce]: Stopped (kafka.server.ClientQuotaManager$ThrottledChannelReaper)
[2021-05-15 18:51:07,889] INFO [ThrottledChannelReaper-Produce]: Shutdown completed (kafka.server.ClientQuotaManager$ThrottledChannelReaper)
[2021-05-15 18:51:07,890] INFO [ThrottledChannelReaper-Request]: Shutting down (kafka.server.ClientQuotaManager$ThrottledChannelReaper)
[2021-05-15 18:51:08,879] INFO [ThrottledChannelReaper-Request]: Shutdown completed (kafka.server.ClientQuotaManager$ThrottledChannelReaper)
[2021-05-15 18:51:08,879] INFO [ThrottledChannelReaper-Request]: Stopped (kafka.server.ClientQuotaManager$ThrottledChannelReaper)
[2021-05-15 18:51:08,882] INFO [ThrottledChannelReaper-ControllerMutation]: Shutting down (kafka.server.ClientQuotaManager$ThrottledChannelReaper)
[2021-05-15 18:51:08,905] INFO [ThrottledChannelReaper-ControllerMutation]: Stopped (kafka.server.ClientQuotaManager$ThrottledChannelReaper)
[2021-05-15 18:51:08,905] INFO [ThrottledChannelReaper-ControllerMutation]: Shutdown completed (kafka.server.ClientQuotaManager$ThrottledChannelReaper)
[2021-05-15 18:51:08,910] INFO [SocketServer brokerId=2] Shutting down socket server (kafka.network.SocketServer)
[2021-05-15 18:51:08,960] INFO [SocketServer brokerId=2] Shutdown completed (kafka.network.SocketServer)
[2021-05-15 18:51:08,962] INFO Metrics scheduler closed (org.apache.kafka.common.metrics.Metrics)
[2021-05-15 18:51:08,963] INFO Closing reporter org.apache.kafka.common.metrics.JmxReporter (org.apache.kafka.common.metrics.Metrics)
[2021-05-15 18:51:08,963] INFO Metrics reporters closed (org.apache.kafka.common.metrics.Metrics)
[2021-05-15 18:51:08,966] INFO Broker and topic stats closed (kafka.server.BrokerTopicStats)
[2021-05-15 18:51:08,967] INFO App info kafka.server for 2 unregistered (org.apache.kafka.common.utils.AppInfoParser)
[2021-05-15 18:51:08,968] INFO [KafkaServer id=2] shut down completed (kafka.server.KafkaServer)
