[2021-05-15 19:35:23,087] INFO Registered kafka:type=kafka.Log4jController MBean (kafka.utils.Log4jControllerRegistration$)
[2021-05-15 19:35:24,125] INFO Setting -D jdk.tls.rejectClientInitiatedRenegotiation=true to disable client-initiated TLS renegotiation (org.apache.zookeeper.common.X509Util)
[2021-05-15 19:35:24,261] INFO Registered signal handlers for TERM, INT, HUP (org.apache.kafka.common.utils.LoggingSignalHandler)
[2021-05-15 19:35:24,268] INFO starting (kafka.server.KafkaServer)
[2021-05-15 19:35:24,270] INFO Connecting to zookeeper on localhost:2181 (kafka.server.KafkaServer)
[2021-05-15 19:35:24,302] INFO [ZooKeeperClient Kafka server] Initializing a new session to localhost:2181. (kafka.zookeeper.ZooKeeperClient)
[2021-05-15 19:35:24,315] INFO Client environment:zookeeper.version=3.5.8-f439ca583e70862c3068a1f2a7d4d068eec33315, built on 05/04/2020 15:53 GMT (org.apache.zookeeper.ZooKeeper)
[2021-05-15 19:35:24,316] INFO Client environment:host.name=DESKTOP-OJISSPF.localdomain (org.apache.zookeeper.ZooKeeper)
[2021-05-15 19:35:24,317] INFO Client environment:java.version=11.0.10 (org.apache.zookeeper.ZooKeeper)
[2021-05-15 19:35:24,317] INFO Client environment:java.vendor=Ubuntu (org.apache.zookeeper.ZooKeeper)
[2021-05-15 19:35:24,318] INFO Client environment:java.home=/usr/lib/jvm/java-11-openjdk-amd64 (org.apache.zookeeper.ZooKeeper)
[2021-05-15 19:35:24,324] INFO Client environment:java.class.path=/mnt/d/Coding/WSL/Kafka_PA2/code/PA2_G6/src/Scripts/kafka_scripts/bin/../libs/activation-1.1.1.jar:/mnt/d/Coding/WSL/Kafka_PA2/code/PA2_G6/src/Scripts/kafka_scripts/bin/../libs/aopalliance-repackaged-2.6.1.jar:/mnt/d/Coding/WSL/Kafka_PA2/code/PA2_G6/src/Scripts/kafka_scripts/bin/../libs/argparse4j-0.7.0.jar:/mnt/d/Coding/WSL/Kafka_PA2/code/PA2_G6/src/Scripts/kafka_scripts/bin/../libs/audience-annotations-0.5.0.jar:/mnt/d/Coding/WSL/Kafka_PA2/code/PA2_G6/src/Scripts/kafka_scripts/bin/../libs/commons-cli-1.4.jar:/mnt/d/Coding/WSL/Kafka_PA2/code/PA2_G6/src/Scripts/kafka_scripts/bin/../libs/commons-lang3-3.8.1.jar:/mnt/d/Coding/WSL/Kafka_PA2/code/PA2_G6/src/Scripts/kafka_scripts/bin/../libs/connect-api-2.7.0.jar:/mnt/d/Coding/WSL/Kafka_PA2/code/PA2_G6/src/Scripts/kafka_scripts/bin/../libs/connect-basic-auth-extension-2.7.0.jar:/mnt/d/Coding/WSL/Kafka_PA2/code/PA2_G6/src/Scripts/kafka_scripts/bin/../libs/connect-file-2.7.0.jar:/mnt/d/Coding/WSL/Kafka_PA2/code/PA2_G6/src/Scripts/kafka_scripts/bin/../libs/connect-json-2.7.0.jar:/mnt/d/Coding/WSL/Kafka_PA2/code/PA2_G6/src/Scripts/kafka_scripts/bin/../libs/connect-mirror-2.7.0.jar:/mnt/d/Coding/WSL/Kafka_PA2/code/PA2_G6/src/Scripts/kafka_scripts/bin/../libs/connect-mirror-client-2.7.0.jar:/mnt/d/Coding/WSL/Kafka_PA2/code/PA2_G6/src/Scripts/kafka_scripts/bin/../libs/connect-runtime-2.7.0.jar:/mnt/d/Coding/WSL/Kafka_PA2/code/PA2_G6/src/Scripts/kafka_scripts/bin/../libs/connect-transforms-2.7.0.jar:/mnt/d/Coding/WSL/Kafka_PA2/code/PA2_G6/src/Scripts/kafka_scripts/bin/../libs/hk2-api-2.6.1.jar:/mnt/d/Coding/WSL/Kafka_PA2/code/PA2_G6/src/Scripts/kafka_scripts/bin/../libs/hk2-locator-2.6.1.jar:/mnt/d/Coding/WSL/Kafka_PA2/code/PA2_G6/src/Scripts/kafka_scripts/bin/../libs/hk2-utils-2.6.1.jar:/mnt/d/Coding/WSL/Kafka_PA2/code/PA2_G6/src/Scripts/kafka_scripts/bin/../libs/jackson-annotations-2.10.5.jar:/mnt/d/Coding/WSL/Kafka_PA2/code/PA2_G6/src/Scripts/kafka_scripts/bin/../libs/jackson-core-2.10.5.jar:/mnt/d/Coding/WSL/Kafka_PA2/code/PA2_G6/src/Scripts/kafka_scripts/bin/../libs/jackson-databind-2.10.5.1.jar:/mnt/d/Coding/WSL/Kafka_PA2/code/PA2_G6/src/Scripts/kafka_scripts/bin/../libs/jackson-dataformat-csv-2.10.5.jar:/mnt/d/Coding/WSL/Kafka_PA2/code/PA2_G6/src/Scripts/kafka_scripts/bin/../libs/jackson-datatype-jdk8-2.10.5.jar:/mnt/d/Coding/WSL/Kafka_PA2/code/PA2_G6/src/Scripts/kafka_scripts/bin/../libs/jackson-jaxrs-base-2.10.5.jar:/mnt/d/Coding/WSL/Kafka_PA2/code/PA2_G6/src/Scripts/kafka_scripts/bin/../libs/jackson-jaxrs-json-provider-2.10.5.jar:/mnt/d/Coding/WSL/Kafka_PA2/code/PA2_G6/src/Scripts/kafka_scripts/bin/../libs/jackson-module-jaxb-annotations-2.10.5.jar:/mnt/d/Coding/WSL/Kafka_PA2/code/PA2_G6/src/Scripts/kafka_scripts/bin/../libs/jackson-module-paranamer-2.10.5.jar:/mnt/d/Coding/WSL/Kafka_PA2/code/PA2_G6/src/Scripts/kafka_scripts/bin/../libs/jackson-module-scala_2.13-2.10.5.jar:/mnt/d/Coding/WSL/Kafka_PA2/code/PA2_G6/src/Scripts/kafka_scripts/bin/../libs/jakarta.activation-api-1.2.1.jar:/mnt/d/Coding/WSL/Kafka_PA2/code/PA2_G6/src/Scripts/kafka_scripts/bin/../libs/jakarta.annotation-api-1.3.5.jar:/mnt/d/Coding/WSL/Kafka_PA2/code/PA2_G6/src/Scripts/kafka_scripts/bin/../libs/jakarta.inject-2.6.1.jar:/mnt/d/Coding/WSL/Kafka_PA2/code/PA2_G6/src/Scripts/kafka_scripts/bin/../libs/jakarta.validation-api-2.0.2.jar:/mnt/d/Coding/WSL/Kafka_PA2/code/PA2_G6/src/Scripts/kafka_scripts/bin/../libs/jakarta.ws.rs-api-2.1.6.jar:/mnt/d/Coding/WSL/Kafka_PA2/code/PA2_G6/src/Scripts/kafka_scripts/bin/../libs/jakarta.xml.bind-api-2.3.2.jar:/mnt/d/Coding/WSL/Kafka_PA2/code/PA2_G6/src/Scripts/kafka_scripts/bin/../libs/javassist-3.25.0-GA.jar:/mnt/d/Coding/WSL/Kafka_PA2/code/PA2_G6/src/Scripts/kafka_scripts/bin/../libs/javassist-3.26.0-GA.jar:/mnt/d/Coding/WSL/Kafka_PA2/code/PA2_G6/src/Scripts/kafka_scripts/bin/../libs/javax.servlet-api-3.1.0.jar:/mnt/d/Coding/WSL/Kafka_PA2/code/PA2_G6/src/Scripts/kafka_scripts/bin/../libs/javax.ws.rs-api-2.1.1.jar:/mnt/d/Coding/WSL/Kafka_PA2/code/PA2_G6/src/Scripts/kafka_scripts/bin/../libs/jaxb-api-2.3.0.jar:/mnt/d/Coding/WSL/Kafka_PA2/code/PA2_G6/src/Scripts/kafka_scripts/bin/../libs/jersey-client-2.31.jar:/mnt/d/Coding/WSL/Kafka_PA2/code/PA2_G6/src/Scripts/kafka_scripts/bin/../libs/jersey-common-2.31.jar:/mnt/d/Coding/WSL/Kafka_PA2/code/PA2_G6/src/Scripts/kafka_scripts/bin/../libs/jersey-container-servlet-2.31.jar:/mnt/d/Coding/WSL/Kafka_PA2/code/PA2_G6/src/Scripts/kafka_scripts/bin/../libs/jersey-container-servlet-core-2.31.jar:/mnt/d/Coding/WSL/Kafka_PA2/code/PA2_G6/src/Scripts/kafka_scripts/bin/../libs/jersey-hk2-2.31.jar:/mnt/d/Coding/WSL/Kafka_PA2/code/PA2_G6/src/Scripts/kafka_scripts/bin/../libs/jersey-media-jaxb-2.31.jar:/mnt/d/Coding/WSL/Kafka_PA2/code/PA2_G6/src/Scripts/kafka_scripts/bin/../libs/jersey-server-2.31.jar:/mnt/d/Coding/WSL/Kafka_PA2/code/PA2_G6/src/Scripts/kafka_scripts/bin/../libs/jetty-client-9.4.33.v20201020.jar:/mnt/d/Coding/WSL/Kafka_PA2/code/PA2_G6/src/Scripts/kafka_scripts/bin/../libs/jetty-continuation-9.4.33.v20201020.jar:/mnt/d/Coding/WSL/Kafka_PA2/code/PA2_G6/src/Scripts/kafka_scripts/bin/../libs/jetty-http-9.4.33.v20201020.jar:/mnt/d/Coding/WSL/Kafka_PA2/code/PA2_G6/src/Scripts/kafka_scripts/bin/../libs/jetty-io-9.4.33.v20201020.jar:/mnt/d/Coding/WSL/Kafka_PA2/code/PA2_G6/src/Scripts/kafka_scripts/bin/../libs/jetty-security-9.4.33.v20201020.jar:/mnt/d/Coding/WSL/Kafka_PA2/code/PA2_G6/src/Scripts/kafka_scripts/bin/../libs/jetty-server-9.4.33.v20201020.jar:/mnt/d/Coding/WSL/Kafka_PA2/code/PA2_G6/src/Scripts/kafka_scripts/bin/../libs/jetty-servlet-9.4.33.v20201020.jar:/mnt/d/Coding/WSL/Kafka_PA2/code/PA2_G6/src/Scripts/kafka_scripts/bin/../libs/jetty-servlets-9.4.33.v20201020.jar:/mnt/d/Coding/WSL/Kafka_PA2/code/PA2_G6/src/Scripts/kafka_scripts/bin/../libs/jetty-util-9.4.33.v20201020.jar:/mnt/d/Coding/WSL/Kafka_PA2/code/PA2_G6/src/Scripts/kafka_scripts/bin/../libs/jopt-simple-5.0.4.jar:/mnt/d/Coding/WSL/Kafka_PA2/code/PA2_G6/src/Scripts/kafka_scripts/bin/../libs/kafka-clients-2.7.0.jar:/mnt/d/Coding/WSL/Kafka_PA2/code/PA2_G6/src/Scripts/kafka_scripts/bin/../libs/kafka-log4j-appender-2.7.0.jar:/mnt/d/Coding/WSL/Kafka_PA2/code/PA2_G6/src/Scripts/kafka_scripts/bin/../libs/kafka-raft-2.7.0.jar:/mnt/d/Coding/WSL/Kafka_PA2/code/PA2_G6/src/Scripts/kafka_scripts/bin/../libs/kafka-streams-2.7.0.jar:/mnt/d/Coding/WSL/Kafka_PA2/code/PA2_G6/src/Scripts/kafka_scripts/bin/../libs/kafka-streams-examples-2.7.0.jar:/mnt/d/Coding/WSL/Kafka_PA2/code/PA2_G6/src/Scripts/kafka_scripts/bin/../libs/kafka-streams-scala_2.13-2.7.0.jar:/mnt/d/Coding/WSL/Kafka_PA2/code/PA2_G6/src/Scripts/kafka_scripts/bin/../libs/kafka-streams-test-utils-2.7.0.jar:/mnt/d/Coding/WSL/Kafka_PA2/code/PA2_G6/src/Scripts/kafka_scripts/bin/../libs/kafka-tools-2.7.0.jar:/mnt/d/Coding/WSL/Kafka_PA2/code/PA2_G6/src/Scripts/kafka_scripts/bin/../libs/kafka_2.13-2.7.0-sources.jar:/mnt/d/Coding/WSL/Kafka_PA2/code/PA2_G6/src/Scripts/kafka_scripts/bin/../libs/kafka_2.13-2.7.0.jar:/mnt/d/Coding/WSL/Kafka_PA2/code/PA2_G6/src/Scripts/kafka_scripts/bin/../libs/log4j-1.2.17.jar:/mnt/d/Coding/WSL/Kafka_PA2/code/PA2_G6/src/Scripts/kafka_scripts/bin/../libs/lz4-java-1.7.1.jar:/mnt/d/Coding/WSL/Kafka_PA2/code/PA2_G6/src/Scripts/kafka_scripts/bin/../libs/maven-artifact-3.6.3.jar:/mnt/d/Coding/WSL/Kafka_PA2/code/PA2_G6/src/Scripts/kafka_scripts/bin/../libs/metrics-core-2.2.0.jar:/mnt/d/Coding/WSL/Kafka_PA2/code/PA2_G6/src/Scripts/kafka_scripts/bin/../libs/netty-buffer-4.1.51.Final.jar:/mnt/d/Coding/WSL/Kafka_PA2/code/PA2_G6/src/Scripts/kafka_scripts/bin/../libs/netty-codec-4.1.51.Final.jar:/mnt/d/Coding/WSL/Kafka_PA2/code/PA2_G6/src/Scripts/kafka_scripts/bin/../libs/netty-common-4.1.51.Final.jar:/mnt/d/Coding/WSL/Kafka_PA2/code/PA2_G6/src/Scripts/kafka_scripts/bin/../libs/netty-handler-4.1.51.Final.jar:/mnt/d/Coding/WSL/Kafka_PA2/code/PA2_G6/src/Scripts/kafka_scripts/bin/../libs/netty-resolver-4.1.51.Final.jar:/mnt/d/Coding/WSL/Kafka_PA2/code/PA2_G6/src/Scripts/kafka_scripts/bin/../libs/netty-transport-4.1.51.Final.jar:/mnt/d/Coding/WSL/Kafka_PA2/code/PA2_G6/src/Scripts/kafka_scripts/bin/../libs/netty-transport-native-epoll-4.1.51.Final.jar:/mnt/d/Coding/WSL/Kafka_PA2/code/PA2_G6/src/Scripts/kafka_scripts/bin/../libs/netty-transport-native-unix-common-4.1.51.Final.jar:/mnt/d/Coding/WSL/Kafka_PA2/code/PA2_G6/src/Scripts/kafka_scripts/bin/../libs/osgi-resource-locator-1.0.3.jar:/mnt/d/Coding/WSL/Kafka_PA2/code/PA2_G6/src/Scripts/kafka_scripts/bin/../libs/paranamer-2.8.jar:/mnt/d/Coding/WSL/Kafka_PA2/code/PA2_G6/src/Scripts/kafka_scripts/bin/../libs/plexus-utils-3.2.1.jar:/mnt/d/Coding/WSL/Kafka_PA2/code/PA2_G6/src/Scripts/kafka_scripts/bin/../libs/reflections-0.9.12.jar:/mnt/d/Coding/WSL/Kafka_PA2/code/PA2_G6/src/Scripts/kafka_scripts/bin/../libs/rocksdbjni-5.18.4.jar:/mnt/d/Coding/WSL/Kafka_PA2/code/PA2_G6/src/Scripts/kafka_scripts/bin/../libs/scala-collection-compat_2.13-2.2.0.jar:/mnt/d/Coding/WSL/Kafka_PA2/code/PA2_G6/src/Scripts/kafka_scripts/bin/../libs/scala-java8-compat_2.13-0.9.1.jar:/mnt/d/Coding/WSL/Kafka_PA2/code/PA2_G6/src/Scripts/kafka_scripts/bin/../libs/scala-library-2.13.3.jar:/mnt/d/Coding/WSL/Kafka_PA2/code/PA2_G6/src/Scripts/kafka_scripts/bin/../libs/scala-logging_2.13-3.9.2.jar:/mnt/d/Coding/WSL/Kafka_PA2/code/PA2_G6/src/Scripts/kafka_scripts/bin/../libs/scala-reflect-2.13.3.jar:/mnt/d/Coding/WSL/Kafka_PA2/code/PA2_G6/src/Scripts/kafka_scripts/bin/../libs/slf4j-api-1.7.30.jar:/mnt/d/Coding/WSL/Kafka_PA2/code/PA2_G6/src/Scripts/kafka_scripts/bin/../libs/slf4j-log4j12-1.7.30.jar:/mnt/d/Coding/WSL/Kafka_PA2/code/PA2_G6/src/Scripts/kafka_scripts/bin/../libs/snappy-java-1.1.7.7.jar:/mnt/d/Coding/WSL/Kafka_PA2/code/PA2_G6/src/Scripts/kafka_scripts/bin/../libs/zookeeper-3.5.8.jar:/mnt/d/Coding/WSL/Kafka_PA2/code/PA2_G6/src/Scripts/kafka_scripts/bin/../libs/zookeeper-jute-3.5.8.jar:/mnt/d/Coding/WSL/Kafka_PA2/code/PA2_G6/src/Scripts/kafka_scripts/bin/../libs/zstd-jni-1.4.5-6.jar (org.apache.zookeeper.ZooKeeper)
[2021-05-15 19:35:24,325] INFO Client environment:java.library.path=/usr/java/packages/lib:/usr/lib/x86_64-linux-gnu/jni:/lib/x86_64-linux-gnu:/usr/lib/x86_64-linux-gnu:/usr/lib/jni:/lib:/usr/lib (org.apache.zookeeper.ZooKeeper)
[2021-05-15 19:35:24,332] INFO Client environment:java.io.tmpdir=/tmp (org.apache.zookeeper.ZooKeeper)
[2021-05-15 19:35:24,332] INFO Client environment:java.compiler=<NA> (org.apache.zookeeper.ZooKeeper)
[2021-05-15 19:35:24,333] INFO Client environment:os.name=Linux (org.apache.zookeeper.ZooKeeper)
[2021-05-15 19:35:24,333] INFO Client environment:os.arch=amd64 (org.apache.zookeeper.ZooKeeper)
[2021-05-15 19:35:24,334] INFO Client environment:os.version=4.19.104-microsoft-standard (org.apache.zookeeper.ZooKeeper)
[2021-05-15 19:35:24,334] INFO Client environment:user.name=tom1k (org.apache.zookeeper.ZooKeeper)
[2021-05-15 19:35:24,335] INFO Client environment:user.home=/home/tom1k (org.apache.zookeeper.ZooKeeper)
[2021-05-15 19:35:24,335] INFO Client environment:user.dir=/mnt/d/Coding/WSL/Kafka_PA2/code/PA2_G6/src/Scripts (org.apache.zookeeper.ZooKeeper)
[2021-05-15 19:35:24,335] INFO Client environment:os.memory.free=977MB (org.apache.zookeeper.ZooKeeper)
[2021-05-15 19:35:24,336] INFO Client environment:os.memory.max=1024MB (org.apache.zookeeper.ZooKeeper)
[2021-05-15 19:35:24,336] INFO Client environment:os.memory.total=1024MB (org.apache.zookeeper.ZooKeeper)
[2021-05-15 19:35:24,342] INFO Initiating client connection, connectString=localhost:2181 sessionTimeout=18000 watcher=kafka.zookeeper.ZooKeeperClient$ZooKeeperClientWatcher$@18ece7f4 (org.apache.zookeeper.ZooKeeper)
[2021-05-15 19:35:24,357] INFO jute.maxbuffer value is 4194304 Bytes (org.apache.zookeeper.ClientCnxnSocket)
[2021-05-15 19:35:24,378] INFO zookeeper.request.timeout value is 0. feature enabled= (org.apache.zookeeper.ClientCnxn)
[2021-05-15 19:35:24,381] INFO [ZooKeeperClient Kafka server] Waiting until connected. (kafka.zookeeper.ZooKeeperClient)
[2021-05-15 19:35:24,396] INFO Opening socket connection to server localhost/127.0.0.1:2181. Will not attempt to authenticate using SASL (unknown error) (org.apache.zookeeper.ClientCnxn)
[2021-05-15 19:35:24,403] INFO Socket connection established, initiating session, client: /127.0.0.1:33924, server: localhost/127.0.0.1:2181 (org.apache.zookeeper.ClientCnxn)
[2021-05-15 19:35:24,415] INFO Session establishment complete on server localhost/127.0.0.1:2181, sessionid = 0x10001fadfe70001, negotiated timeout = 18000 (org.apache.zookeeper.ClientCnxn)
[2021-05-15 19:35:24,419] INFO [ZooKeeperClient Kafka server] Connected. (kafka.zookeeper.ZooKeeperClient)
[2021-05-15 19:35:24,626] INFO [feature-zk-node-event-process-thread]: Starting (kafka.server.FinalizedFeatureChangeListener$ChangeNotificationProcessorThread)
[2021-05-15 19:35:25,735] INFO Updated cache from existing <empty> to latest FinalizedFeaturesAndEpoch(features=Features{}, epoch=0). (kafka.server.FinalizedFeatureCache)
[2021-05-15 19:35:25,742] INFO Cluster ID = on6d-E0dT4yV0FqKghJFIg (kafka.server.KafkaServer)
[2021-05-15 19:35:25,855] INFO KafkaConfig values: 
	advertised.host.name = null
	advertised.listeners = null
	advertised.port = null
	alter.config.policy.class.name = null
	alter.log.dirs.replication.quota.window.num = 11
	alter.log.dirs.replication.quota.window.size.seconds = 1
	authorizer.class.name = 
	auto.create.topics.enable = true
	auto.leader.rebalance.enable = true
	background.threads = 10
	broker.id = 1
	broker.id.generation.enable = true
	broker.rack = null
	client.quota.callback.class = null
	compression.type = producer
	connection.failed.authentication.delay.ms = 100
	connections.max.idle.ms = 600000
	connections.max.reauth.ms = 0
	control.plane.listener.name = null
	controlled.shutdown.enable = true
	controlled.shutdown.max.retries = 3
	controlled.shutdown.retry.backoff.ms = 5000
	controller.quota.window.num = 11
	controller.quota.window.size.seconds = 1
	controller.socket.timeout.ms = 30000
	create.topic.policy.class.name = null
	default.replication.factor = 1
	delegation.token.expiry.check.interval.ms = 3600000
	delegation.token.expiry.time.ms = 86400000
	delegation.token.master.key = null
	delegation.token.max.lifetime.ms = 604800000
	delete.records.purgatory.purge.interval.requests = 1
	delete.topic.enable = false
	fetch.max.bytes = 57671680
	fetch.purgatory.purge.interval.requests = 1000
	group.initial.rebalance.delay.ms = 3000
	group.max.session.timeout.ms = 1800000
	group.max.size = 2147483647
	group.min.session.timeout.ms = 6000
	host.name = 
	inter.broker.listener.name = null
	inter.broker.protocol.version = 2.7-IV2
	kafka.metrics.polling.interval.secs = 10
	kafka.metrics.reporters = []
	leader.imbalance.check.interval.seconds = 300
	leader.imbalance.per.broker.percentage = 10
	listener.security.protocol.map = PLAINTEXT:PLAINTEXT,SSL:SSL,SASL_PLAINTEXT:SASL_PLAINTEXT,SASL_SSL:SASL_SSL
	listeners = PLAINTEXT://:9093
	log.cleaner.backoff.ms = 15000
	log.cleaner.dedupe.buffer.size = 134217728
	log.cleaner.delete.retention.ms = 86400000
	log.cleaner.enable = true
	log.cleaner.io.buffer.load.factor = 0.9
	log.cleaner.io.buffer.size = 524288
	log.cleaner.io.max.bytes.per.second = 1.7976931348623157E308
	log.cleaner.max.compaction.lag.ms = 9223372036854775807
	log.cleaner.min.cleanable.ratio = 0.5
	log.cleaner.min.compaction.lag.ms = 0
	log.cleaner.threads = 1
	log.cleanup.policy = [delete]
	log.dir = /tmp/kafka-logs
	log.dirs = /tmp/kafka-logs/server1
	log.flush.interval.messages = 9223372036854775807
	log.flush.interval.ms = null
	log.flush.offset.checkpoint.interval.ms = 60000
	log.flush.scheduler.interval.ms = 9223372036854775807
	log.flush.start.offset.checkpoint.interval.ms = 60000
	log.index.interval.bytes = 4096
	log.index.size.max.bytes = 10485760
	log.message.downconversion.enable = true
	log.message.format.version = 2.7-IV2
	log.message.timestamp.difference.max.ms = 9223372036854775807
	log.message.timestamp.type = CreateTime
	log.preallocate = false
	log.retention.bytes = -1
	log.retention.check.interval.ms = 300000
	log.retention.hours = 168
	log.retention.minutes = null
	log.retention.ms = null
	log.roll.hours = 168
	log.roll.jitter.hours = 0
	log.roll.jitter.ms = null
	log.roll.ms = null
	log.segment.bytes = 1073741824
	log.segment.delete.delay.ms = 60000
	max.connection.creation.rate = 2147483647
	max.connections = 2147483647
	max.connections.per.ip = 2147483647
	max.connections.per.ip.overrides = 
	max.incremental.fetch.session.cache.slots = 1000
	message.max.bytes = 1048588
	metric.reporters = []
	metrics.num.samples = 2
	metrics.recording.level = INFO
	metrics.sample.window.ms = 30000
	min.insync.replicas = 2
	num.io.threads = 8
	num.network.threads = 3
	num.partitions = 1
	num.recovery.threads.per.data.dir = 1
	num.replica.alter.log.dirs.threads = null
	num.replica.fetchers = 1
	offset.metadata.max.bytes = 4096
	offsets.commit.required.acks = -1
	offsets.commit.timeout.ms = 5000
	offsets.load.buffer.size = 5242880
	offsets.retention.check.interval.ms = 600000
	offsets.retention.minutes = 10080
	offsets.topic.compression.codec = 0
	offsets.topic.num.partitions = 50
	offsets.topic.replication.factor = 3
	offsets.topic.segment.bytes = 104857600
	password.encoder.cipher.algorithm = AES/CBC/PKCS5Padding
	password.encoder.iterations = 4096
	password.encoder.key.length = 128
	password.encoder.keyfactory.algorithm = null
	password.encoder.old.secret = null
	password.encoder.secret = null
	port = 9092
	principal.builder.class = null
	producer.purgatory.purge.interval.requests = 1000
	queued.max.request.bytes = -1
	queued.max.requests = 500
	quota.consumer.default = 9223372036854775807
	quota.producer.default = 9223372036854775807
	quota.window.num = 11
	quota.window.size.seconds = 1
	replica.fetch.backoff.ms = 1000
	replica.fetch.max.bytes = 1048576
	replica.fetch.min.bytes = 1
	replica.fetch.response.max.bytes = 10485760
	replica.fetch.wait.max.ms = 500
	replica.high.watermark.checkpoint.interval.ms = 5000
	replica.lag.time.max.ms = 30000
	replica.selector.class = null
	replica.socket.receive.buffer.bytes = 65536
	replica.socket.timeout.ms = 30000
	replication.quota.window.num = 11
	replication.quota.window.size.seconds = 1
	request.timeout.ms = 30000
	reserved.broker.max.id = 1000
	sasl.client.callback.handler.class = null
	sasl.enabled.mechanisms = [GSSAPI]
	sasl.jaas.config = null
	sasl.kerberos.kinit.cmd = /usr/bin/kinit
	sasl.kerberos.min.time.before.relogin = 60000
	sasl.kerberos.principal.to.local.rules = [DEFAULT]
	sasl.kerberos.service.name = null
	sasl.kerberos.ticket.renew.jitter = 0.05
	sasl.kerberos.ticket.renew.window.factor = 0.8
	sasl.login.callback.handler.class = null
	sasl.login.class = null
	sasl.login.refresh.buffer.seconds = 300
	sasl.login.refresh.min.period.seconds = 60
	sasl.login.refresh.window.factor = 0.8
	sasl.login.refresh.window.jitter = 0.05
	sasl.mechanism.inter.broker.protocol = GSSAPI
	sasl.server.callback.handler.class = null
	security.inter.broker.protocol = PLAINTEXT
	security.providers = null
	socket.connection.setup.timeout.max.ms = 127000
	socket.connection.setup.timeout.ms = 10000
	socket.receive.buffer.bytes = 102400
	socket.request.max.bytes = 104857600
	socket.send.buffer.bytes = 102400
	ssl.cipher.suites = []
	ssl.client.auth = none
	ssl.enabled.protocols = [TLSv1.2, TLSv1.3]
	ssl.endpoint.identification.algorithm = https
	ssl.engine.factory.class = null
	ssl.key.password = null
	ssl.keymanager.algorithm = SunX509
	ssl.keystore.certificate.chain = null
	ssl.keystore.key = null
	ssl.keystore.location = null
	ssl.keystore.password = null
	ssl.keystore.type = JKS
	ssl.principal.mapping.rules = DEFAULT
	ssl.protocol = TLSv1.3
	ssl.provider = null
	ssl.secure.random.implementation = null
	ssl.trustmanager.algorithm = PKIX
	ssl.truststore.certificates = null
	ssl.truststore.location = null
	ssl.truststore.password = null
	ssl.truststore.type = JKS
	transaction.abort.timed.out.transaction.cleanup.interval.ms = 10000
	transaction.max.timeout.ms = 900000
	transaction.remove.expired.transaction.cleanup.interval.ms = 3600000
	transaction.state.log.load.buffer.size = 5242880
	transaction.state.log.min.isr = 1
	transaction.state.log.num.partitions = 50
	transaction.state.log.replication.factor = 3
	transaction.state.log.segment.bytes = 104857600
	transactional.id.expiration.ms = 604800000
	unclean.leader.election.enable = false
	zookeeper.clientCnxnSocket = null
	zookeeper.connect = localhost:2181
	zookeeper.connection.timeout.ms = 18000
	zookeeper.max.in.flight.requests = 10
	zookeeper.session.timeout.ms = 18000
	zookeeper.set.acl = false
	zookeeper.ssl.cipher.suites = null
	zookeeper.ssl.client.enable = false
	zookeeper.ssl.crl.enable = false
	zookeeper.ssl.enabled.protocols = null
	zookeeper.ssl.endpoint.identification.algorithm = HTTPS
	zookeeper.ssl.keystore.location = null
	zookeeper.ssl.keystore.password = null
	zookeeper.ssl.keystore.type = null
	zookeeper.ssl.ocsp.enable = false
	zookeeper.ssl.protocol = TLSv1.2
	zookeeper.ssl.truststore.location = null
	zookeeper.ssl.truststore.password = null
	zookeeper.ssl.truststore.type = null
	zookeeper.sync.time.ms = 2000
 (kafka.server.KafkaConfig)
[2021-05-15 19:35:25,871] INFO KafkaConfig values: 
	advertised.host.name = null
	advertised.listeners = null
	advertised.port = null
	alter.config.policy.class.name = null
	alter.log.dirs.replication.quota.window.num = 11
	alter.log.dirs.replication.quota.window.size.seconds = 1
	authorizer.class.name = 
	auto.create.topics.enable = true
	auto.leader.rebalance.enable = true
	background.threads = 10
	broker.id = 1
	broker.id.generation.enable = true
	broker.rack = null
	client.quota.callback.class = null
	compression.type = producer
	connection.failed.authentication.delay.ms = 100
	connections.max.idle.ms = 600000
	connections.max.reauth.ms = 0
	control.plane.listener.name = null
	controlled.shutdown.enable = true
	controlled.shutdown.max.retries = 3
	controlled.shutdown.retry.backoff.ms = 5000
	controller.quota.window.num = 11
	controller.quota.window.size.seconds = 1
	controller.socket.timeout.ms = 30000
	create.topic.policy.class.name = null
	default.replication.factor = 1
	delegation.token.expiry.check.interval.ms = 3600000
	delegation.token.expiry.time.ms = 86400000
	delegation.token.master.key = null
	delegation.token.max.lifetime.ms = 604800000
	delete.records.purgatory.purge.interval.requests = 1
	delete.topic.enable = false
	fetch.max.bytes = 57671680
	fetch.purgatory.purge.interval.requests = 1000
	group.initial.rebalance.delay.ms = 3000
	group.max.session.timeout.ms = 1800000
	group.max.size = 2147483647
	group.min.session.timeout.ms = 6000
	host.name = 
	inter.broker.listener.name = null
	inter.broker.protocol.version = 2.7-IV2
	kafka.metrics.polling.interval.secs = 10
	kafka.metrics.reporters = []
	leader.imbalance.check.interval.seconds = 300
	leader.imbalance.per.broker.percentage = 10
	listener.security.protocol.map = PLAINTEXT:PLAINTEXT,SSL:SSL,SASL_PLAINTEXT:SASL_PLAINTEXT,SASL_SSL:SASL_SSL
	listeners = PLAINTEXT://:9093
	log.cleaner.backoff.ms = 15000
	log.cleaner.dedupe.buffer.size = 134217728
	log.cleaner.delete.retention.ms = 86400000
	log.cleaner.enable = true
	log.cleaner.io.buffer.load.factor = 0.9
	log.cleaner.io.buffer.size = 524288
	log.cleaner.io.max.bytes.per.second = 1.7976931348623157E308
	log.cleaner.max.compaction.lag.ms = 9223372036854775807
	log.cleaner.min.cleanable.ratio = 0.5
	log.cleaner.min.compaction.lag.ms = 0
	log.cleaner.threads = 1
	log.cleanup.policy = [delete]
	log.dir = /tmp/kafka-logs
	log.dirs = /tmp/kafka-logs/server1
	log.flush.interval.messages = 9223372036854775807
	log.flush.interval.ms = null
	log.flush.offset.checkpoint.interval.ms = 60000
	log.flush.scheduler.interval.ms = 9223372036854775807
	log.flush.start.offset.checkpoint.interval.ms = 60000
	log.index.interval.bytes = 4096
	log.index.size.max.bytes = 10485760
	log.message.downconversion.enable = true
	log.message.format.version = 2.7-IV2
	log.message.timestamp.difference.max.ms = 9223372036854775807
	log.message.timestamp.type = CreateTime
	log.preallocate = false
	log.retention.bytes = -1
	log.retention.check.interval.ms = 300000
	log.retention.hours = 168
	log.retention.minutes = null
	log.retention.ms = null
	log.roll.hours = 168
	log.roll.jitter.hours = 0
	log.roll.jitter.ms = null
	log.roll.ms = null
	log.segment.bytes = 1073741824
	log.segment.delete.delay.ms = 60000
	max.connection.creation.rate = 2147483647
	max.connections = 2147483647
	max.connections.per.ip = 2147483647
	max.connections.per.ip.overrides = 
	max.incremental.fetch.session.cache.slots = 1000
	message.max.bytes = 1048588
	metric.reporters = []
	metrics.num.samples = 2
	metrics.recording.level = INFO
	metrics.sample.window.ms = 30000
	min.insync.replicas = 2
	num.io.threads = 8
	num.network.threads = 3
	num.partitions = 1
	num.recovery.threads.per.data.dir = 1
	num.replica.alter.log.dirs.threads = null
	num.replica.fetchers = 1
	offset.metadata.max.bytes = 4096
	offsets.commit.required.acks = -1
	offsets.commit.timeout.ms = 5000
	offsets.load.buffer.size = 5242880
	offsets.retention.check.interval.ms = 600000
	offsets.retention.minutes = 10080
	offsets.topic.compression.codec = 0
	offsets.topic.num.partitions = 50
	offsets.topic.replication.factor = 3
	offsets.topic.segment.bytes = 104857600
	password.encoder.cipher.algorithm = AES/CBC/PKCS5Padding
	password.encoder.iterations = 4096
	password.encoder.key.length = 128
	password.encoder.keyfactory.algorithm = null
	password.encoder.old.secret = null
	password.encoder.secret = null
	port = 9092
	principal.builder.class = null
	producer.purgatory.purge.interval.requests = 1000
	queued.max.request.bytes = -1
	queued.max.requests = 500
	quota.consumer.default = 9223372036854775807
	quota.producer.default = 9223372036854775807
	quota.window.num = 11
	quota.window.size.seconds = 1
	replica.fetch.backoff.ms = 1000
	replica.fetch.max.bytes = 1048576
	replica.fetch.min.bytes = 1
	replica.fetch.response.max.bytes = 10485760
	replica.fetch.wait.max.ms = 500
	replica.high.watermark.checkpoint.interval.ms = 5000
	replica.lag.time.max.ms = 30000
	replica.selector.class = null
	replica.socket.receive.buffer.bytes = 65536
	replica.socket.timeout.ms = 30000
	replication.quota.window.num = 11
	replication.quota.window.size.seconds = 1
	request.timeout.ms = 30000
	reserved.broker.max.id = 1000
	sasl.client.callback.handler.class = null
	sasl.enabled.mechanisms = [GSSAPI]
	sasl.jaas.config = null
	sasl.kerberos.kinit.cmd = /usr/bin/kinit
	sasl.kerberos.min.time.before.relogin = 60000
	sasl.kerberos.principal.to.local.rules = [DEFAULT]
	sasl.kerberos.service.name = null
	sasl.kerberos.ticket.renew.jitter = 0.05
	sasl.kerberos.ticket.renew.window.factor = 0.8
	sasl.login.callback.handler.class = null
	sasl.login.class = null
	sasl.login.refresh.buffer.seconds = 300
	sasl.login.refresh.min.period.seconds = 60
	sasl.login.refresh.window.factor = 0.8
	sasl.login.refresh.window.jitter = 0.05
	sasl.mechanism.inter.broker.protocol = GSSAPI
	sasl.server.callback.handler.class = null
	security.inter.broker.protocol = PLAINTEXT
	security.providers = null
	socket.connection.setup.timeout.max.ms = 127000
	socket.connection.setup.timeout.ms = 10000
	socket.receive.buffer.bytes = 102400
	socket.request.max.bytes = 104857600
	socket.send.buffer.bytes = 102400
	ssl.cipher.suites = []
	ssl.client.auth = none
	ssl.enabled.protocols = [TLSv1.2, TLSv1.3]
	ssl.endpoint.identification.algorithm = https
	ssl.engine.factory.class = null
	ssl.key.password = null
	ssl.keymanager.algorithm = SunX509
	ssl.keystore.certificate.chain = null
	ssl.keystore.key = null
	ssl.keystore.location = null
	ssl.keystore.password = null
	ssl.keystore.type = JKS
	ssl.principal.mapping.rules = DEFAULT
	ssl.protocol = TLSv1.3
	ssl.provider = null
	ssl.secure.random.implementation = null
	ssl.trustmanager.algorithm = PKIX
	ssl.truststore.certificates = null
	ssl.truststore.location = null
	ssl.truststore.password = null
	ssl.truststore.type = JKS
	transaction.abort.timed.out.transaction.cleanup.interval.ms = 10000
	transaction.max.timeout.ms = 900000
	transaction.remove.expired.transaction.cleanup.interval.ms = 3600000
	transaction.state.log.load.buffer.size = 5242880
	transaction.state.log.min.isr = 1
	transaction.state.log.num.partitions = 50
	transaction.state.log.replication.factor = 3
	transaction.state.log.segment.bytes = 104857600
	transactional.id.expiration.ms = 604800000
	unclean.leader.election.enable = false
	zookeeper.clientCnxnSocket = null
	zookeeper.connect = localhost:2181
	zookeeper.connection.timeout.ms = 18000
	zookeeper.max.in.flight.requests = 10
	zookeeper.session.timeout.ms = 18000
	zookeeper.set.acl = false
	zookeeper.ssl.cipher.suites = null
	zookeeper.ssl.client.enable = false
	zookeeper.ssl.crl.enable = false
	zookeeper.ssl.enabled.protocols = null
	zookeeper.ssl.endpoint.identification.algorithm = HTTPS
	zookeeper.ssl.keystore.location = null
	zookeeper.ssl.keystore.password = null
	zookeeper.ssl.keystore.type = null
	zookeeper.ssl.ocsp.enable = false
	zookeeper.ssl.protocol = TLSv1.2
	zookeeper.ssl.truststore.location = null
	zookeeper.ssl.truststore.password = null
	zookeeper.ssl.truststore.type = null
	zookeeper.sync.time.ms = 2000
 (kafka.server.KafkaConfig)
[2021-05-15 19:35:25,948] INFO [ThrottledChannelReaper-Fetch]: Starting (kafka.server.ClientQuotaManager$ThrottledChannelReaper)
[2021-05-15 19:35:25,949] INFO [ThrottledChannelReaper-Produce]: Starting (kafka.server.ClientQuotaManager$ThrottledChannelReaper)
[2021-05-15 19:35:25,979] INFO [ThrottledChannelReaper-Request]: Starting (kafka.server.ClientQuotaManager$ThrottledChannelReaper)
[2021-05-15 19:35:25,984] INFO [ThrottledChannelReaper-ControllerMutation]: Starting (kafka.server.ClientQuotaManager$ThrottledChannelReaper)
[2021-05-15 19:35:26,111] INFO Loading logs from log dirs ArraySeq(/tmp/kafka-logs/server1) (kafka.log.LogManager)
[2021-05-15 19:35:26,115] INFO Skipping recovery for all logs in /tmp/kafka-logs/server1 since clean shutdown file was found (kafka.log.LogManager)
[2021-05-15 19:35:26,255] INFO [Log partition=Sensor-0, dir=/tmp/kafka-logs/server1] Loading producer state till offset 0 with message format version 2 (kafka.log.Log)
[2021-05-15 19:35:26,287] INFO Completed load of Log(dir=/tmp/kafka-logs/server1/Sensor-0, topic=Sensor, partition=0, highWatermark=0, lastStableOffset=0, logStartOffset=0, logEndOffset=0) with 1 segments in 143ms (1/3 loaded in /tmp/kafka-logs/server1) (kafka.log.LogManager)
[2021-05-15 19:35:26,290] INFO [Log partition=Sensor-5, dir=/tmp/kafka-logs/server1] Loading producer state till offset 0 with message format version 2 (kafka.log.Log)
[2021-05-15 19:35:26,296] INFO Completed load of Log(dir=/tmp/kafka-logs/server1/Sensor-5, topic=Sensor, partition=5, highWatermark=0, lastStableOffset=0, logStartOffset=0, logEndOffset=0) with 1 segments in 8ms (2/3 loaded in /tmp/kafka-logs/server1) (kafka.log.LogManager)
[2021-05-15 19:35:26,306] INFO [Log partition=Sensor-4, dir=/tmp/kafka-logs/server1] Loading producer state till offset 0 with message format version 2 (kafka.log.Log)
[2021-05-15 19:35:26,311] INFO Completed load of Log(dir=/tmp/kafka-logs/server1/Sensor-4, topic=Sensor, partition=4, highWatermark=0, lastStableOffset=0, logStartOffset=0, logEndOffset=0) with 1 segments in 14ms (3/3 loaded in /tmp/kafka-logs/server1) (kafka.log.LogManager)
[2021-05-15 19:35:26,314] INFO Loaded 3 logs in 202ms. (kafka.log.LogManager)
[2021-05-15 19:35:26,337] INFO Starting log cleanup with a period of 300000 ms. (kafka.log.LogManager)
[2021-05-15 19:35:26,339] INFO Starting log flusher with a default period of 9223372036854775807 ms. (kafka.log.LogManager)
[2021-05-15 19:35:28,405] INFO Created ConnectionAcceptRate sensor, quotaLimit=2147483647 (kafka.network.ConnectionQuotas)
[2021-05-15 19:35:28,416] INFO Created ConnectionAcceptRate-PLAINTEXT sensor, quotaLimit=2147483647 (kafka.network.ConnectionQuotas)
[2021-05-15 19:35:28,448] INFO Updated PLAINTEXT max connection creation rate to 2147483647 (kafka.network.ConnectionQuotas)
[2021-05-15 19:35:28,458] INFO Awaiting socket connections on 0.0.0.0:9093. (kafka.network.Acceptor)
[2021-05-15 19:35:28,594] INFO [SocketServer brokerId=1] Created data-plane acceptor and processors for endpoint : ListenerName(PLAINTEXT) (kafka.network.SocketServer)
[2021-05-15 19:35:28,833] INFO [ExpirationReaper-1-Produce]: Starting (kafka.server.DelayedOperationPurgatory$ExpiredOperationReaper)
[2021-05-15 19:35:28,833] INFO [ExpirationReaper-1-Fetch]: Starting (kafka.server.DelayedOperationPurgatory$ExpiredOperationReaper)
[2021-05-15 19:35:28,845] INFO [ExpirationReaper-1-ElectLeader]: Starting (kafka.server.DelayedOperationPurgatory$ExpiredOperationReaper)
[2021-05-15 19:35:28,845] INFO [ExpirationReaper-1-DeleteRecords]: Starting (kafka.server.DelayedOperationPurgatory$ExpiredOperationReaper)
[2021-05-15 19:35:28,882] INFO [LogDirFailureHandler]: Starting (kafka.server.ReplicaManager$LogDirFailureHandler)
[2021-05-15 19:35:28,883] INFO [broker-1-to-controller-send-thread]: Starting (kafka.server.BrokerToControllerRequestThread)
[2021-05-15 19:35:29,356] INFO Creating /brokers/ids/1 (is it secure? false) (kafka.zk.KafkaZkClient)
[2021-05-15 19:35:29,428] INFO Stat of the created znode at /brokers/ids/1 is: 302,302,1621103729398,1621103729398,1,0,0,72059771047837697,238,0,302
 (kafka.zk.KafkaZkClient)
[2021-05-15 19:35:29,430] INFO Registered broker 1 at path /brokers/ids/1 with addresses: PLAINTEXT://DESKTOP-OJISSPF.localdomain:9093, czxid (broker epoch): 302 (kafka.zk.KafkaZkClient)
[2021-05-15 19:35:29,701] INFO [ExpirationReaper-1-topic]: Starting (kafka.server.DelayedOperationPurgatory$ExpiredOperationReaper)
[2021-05-15 19:35:29,716] INFO [ExpirationReaper-1-Heartbeat]: Starting (kafka.server.DelayedOperationPurgatory$ExpiredOperationReaper)
[2021-05-15 19:35:29,720] INFO [ExpirationReaper-1-Rebalance]: Starting (kafka.server.DelayedOperationPurgatory$ExpiredOperationReaper)
[2021-05-15 19:35:29,766] INFO [GroupCoordinator 1]: Starting up. (kafka.coordinator.group.GroupCoordinator)
[2021-05-15 19:35:29,769] INFO [GroupCoordinator 1]: Startup complete. (kafka.coordinator.group.GroupCoordinator)
[2021-05-15 19:35:29,793] INFO [ProducerId Manager 1]: Acquired new producerId block (brokerId:1,blockStartProducerId:11000,blockEndProducerId:11999) by writing to Zk with path version 12 (kafka.coordinator.transaction.ProducerIdManager)
[2021-05-15 19:35:29,830] INFO [TransactionCoordinator id=1] Starting up. (kafka.coordinator.transaction.TransactionCoordinator)
[2021-05-15 19:35:29,835] INFO [Transaction Marker Channel Manager 1]: Starting (kafka.coordinator.transaction.TransactionMarkerChannelManager)
[2021-05-15 19:35:29,836] INFO [TransactionCoordinator id=1] Startup complete. (kafka.coordinator.transaction.TransactionCoordinator)
[2021-05-15 19:35:29,883] INFO [ExpirationReaper-1-AlterAcls]: Starting (kafka.server.DelayedOperationPurgatory$ExpiredOperationReaper)
[2021-05-15 19:35:29,961] INFO [/config/changes-event-process-thread]: Starting (kafka.common.ZkNodeChangeNotificationListener$ChangeEventProcessThread)
[2021-05-15 19:35:29,991] INFO [SocketServer brokerId=1] Starting socket server acceptors and processors (kafka.network.SocketServer)
[2021-05-15 19:35:30,008] INFO [SocketServer brokerId=1] Started data-plane acceptor and processor(s) for endpoint : ListenerName(PLAINTEXT) (kafka.network.SocketServer)
[2021-05-15 19:35:30,014] INFO [SocketServer brokerId=1] Started socket server acceptors and processors (kafka.network.SocketServer)
[2021-05-15 19:35:30,076] INFO Kafka version: 2.7.0 (org.apache.kafka.common.utils.AppInfoParser)
[2021-05-15 19:35:30,076] INFO Kafka commitId: 448719dc99a19793 (org.apache.kafka.common.utils.AppInfoParser)
[2021-05-15 19:35:30,078] INFO Kafka startTimeMs: 1621103730032 (org.apache.kafka.common.utils.AppInfoParser)
[2021-05-15 19:35:30,095] INFO [KafkaServer id=1] started (kafka.server.KafkaServer)
[2021-05-15 19:35:30,405] INFO [broker-1-to-controller-send-thread]: Recorded new controller, from now on will use broker 0 (kafka.server.BrokerToControllerRequestThread)
[2021-05-15 19:35:30,628] INFO [Partition Sensor-4 broker=1] Log loaded for partition Sensor-4 with initial high watermark 0 (kafka.cluster.Partition)
[2021-05-15 19:35:30,665] INFO [Partition Sensor-5 broker=1] Log loaded for partition Sensor-5 with initial high watermark 0 (kafka.cluster.Partition)
[2021-05-15 19:35:30,672] INFO [Partition Sensor-0 broker=1] Log loaded for partition Sensor-0 with initial high watermark 0 (kafka.cluster.Partition)
[2021-05-15 19:35:30,723] INFO [ReplicaFetcherManager on broker 1] Removed fetcher for partitions Set(Sensor-4) (kafka.server.ReplicaFetcherManager)
[2021-05-15 19:35:31,783] INFO [Partition Sensor-4 broker=1] ISR updated from AlterIsr to 1,0 and version updated to [7] (kafka.cluster.Partition)
[2021-05-15 19:35:47,591] INFO [ReplicaFetcherManager on broker 1] Removed fetcher for partitions HashSet(Sensor-5, Sensor-0) (kafka.server.ReplicaFetcherManager)
[2021-05-15 19:35:47,690] INFO [ReplicaFetcher replicaId=1, leaderId=4, fetcherId=0] Starting (kafka.server.ReplicaFetcherThread)
[2021-05-15 19:35:47,696] INFO [ReplicaFetcherManager on broker 1] Added fetcher to broker 4 for partitions Map(Sensor-0 -> (offset=0, leaderEpoch=7), Sensor-5 -> (offset=0, leaderEpoch=7)) (kafka.server.ReplicaFetcherManager)
[2021-05-15 19:35:47,700] INFO [ReplicaFetcher replicaId=1, leaderId=4, fetcherId=0] Truncating partition Sensor-5 to local high watermark 0 (kafka.server.ReplicaFetcherThread)
[2021-05-15 19:35:47,702] INFO [Log partition=Sensor-5, dir=/tmp/kafka-logs/server1] Truncating to 0 has no effect as the largest offset in the log is -1 (kafka.log.Log)
[2021-05-15 19:35:47,706] INFO [ReplicaFetcher replicaId=1, leaderId=4, fetcherId=0] Truncating partition Sensor-0 to local high watermark 0 (kafka.server.ReplicaFetcherThread)
[2021-05-15 19:35:47,708] INFO [Log partition=Sensor-0, dir=/tmp/kafka-logs/server1] Truncating to 0 has no effect as the largest offset in the log is -1 (kafka.log.Log)
[2021-05-15 19:35:48,455] WARN [ReplicaFetcher replicaId=1, leaderId=4, fetcherId=0] Received UNKNOWN_TOPIC_OR_PARTITION from the leader for partition Sensor-5. This error may be returned transiently when the partition is being created or deleted, but it is not expected to persist. (kafka.server.ReplicaFetcherThread)
[2021-05-15 19:35:48,471] WARN [ReplicaFetcher replicaId=1, leaderId=4, fetcherId=0] Received UNKNOWN_TOPIC_OR_PARTITION from the leader for partition Sensor-0. This error may be returned transiently when the partition is being created or deleted, but it is not expected to persist. (kafka.server.ReplicaFetcherThread)
[2021-05-15 19:35:57,859] INFO [Partition Sensor-4 broker=1] ISR updated from AlterIsr to 1,0,5 and version updated to [8] (kafka.cluster.Partition)
[2021-05-15 19:40:26,088] INFO [ReplicaFetcherManager on broker 1] Removed fetcher for partitions HashSet(Sensor-0) (kafka.server.ReplicaFetcherManager)
[2021-05-15 19:40:26,127] INFO [ReplicaFetcherManager on broker 1] Added fetcher to broker 2 for partitions Map(Sensor-0 -> (offset=0, leaderEpoch=8)) (kafka.server.ReplicaFetcherManager)
[2021-05-15 19:40:26,137] INFO [ReplicaFetcher replicaId=1, leaderId=2, fetcherId=0] Starting (kafka.server.ReplicaFetcherThread)
[2021-05-15 19:40:26,154] INFO [ReplicaFetcher replicaId=1, leaderId=2, fetcherId=0] Truncating partition Sensor-0 to local high watermark 0 (kafka.server.ReplicaFetcherThread)
[2021-05-15 19:40:26,156] INFO [Log partition=Sensor-0, dir=/tmp/kafka-logs/server1] Truncating to 0 has no effect as the largest offset in the log is -1 (kafka.log.Log)
[2021-05-15 19:53:20,498] INFO [ReplicaFetcherManager on broker 1] Removed fetcher for partitions HashSet(__consumer_offsets-8, __consumer_offsets-38, __consumer_offsets-26, __consumer_offsets-32, __consumer_offsets-2, __consumer_offsets-14, __consumer_offsets-20, __consumer_offsets-44) (kafka.server.ReplicaFetcherManager)
[2021-05-15 19:53:21,563] INFO [Log partition=__consumer_offsets-2, dir=/tmp/kafka-logs/server1] Loading producer state till offset 0 with message format version 2 (kafka.log.Log)
[2021-05-15 19:53:21,710] INFO Created log for partition __consumer_offsets-2 in /tmp/kafka-logs/server1/__consumer_offsets-2 with properties {compression.type -> producer, min.insync.replicas -> 2, message.downconversion.enable -> true, segment.jitter.ms -> 0, cleanup.policy -> compact, flush.ms -> 9223372036854775807, retention.ms -> 604800000, segment.bytes -> 104857600, flush.messages -> 9223372036854775807, message.format.version -> 2.7-IV2, max.compaction.lag.ms -> 9223372036854775807, file.delete.delay.ms -> 60000, max.message.bytes -> 1048588, min.compaction.lag.ms -> 0, message.timestamp.type -> CreateTime, preallocate -> false, index.interval.bytes -> 4096, min.cleanable.dirty.ratio -> 0.5, unclean.leader.election.enable -> false, retention.bytes -> -1, delete.retention.ms -> 86400000, segment.ms -> 604800000, message.timestamp.difference.max.ms -> 9223372036854775807, segment.index.bytes -> 10485760}. (kafka.log.LogManager)
[2021-05-15 19:53:21,722] INFO [Partition __consumer_offsets-2 broker=1] No checkpointed highwatermark is found for partition __consumer_offsets-2 (kafka.cluster.Partition)
[2021-05-15 19:53:21,775] INFO [Partition __consumer_offsets-2 broker=1] Log loaded for partition __consumer_offsets-2 with initial high watermark 0 (kafka.cluster.Partition)
[2021-05-15 19:53:22,053] INFO [Log partition=__consumer_offsets-20, dir=/tmp/kafka-logs/server1] Loading producer state till offset 0 with message format version 2 (kafka.log.Log)
[2021-05-15 19:53:22,058] INFO Created log for partition __consumer_offsets-20 in /tmp/kafka-logs/server1/__consumer_offsets-20 with properties {compression.type -> producer, min.insync.replicas -> 2, message.downconversion.enable -> true, segment.jitter.ms -> 0, cleanup.policy -> compact, flush.ms -> 9223372036854775807, retention.ms -> 604800000, segment.bytes -> 104857600, flush.messages -> 9223372036854775807, message.format.version -> 2.7-IV2, max.compaction.lag.ms -> 9223372036854775807, file.delete.delay.ms -> 60000, max.message.bytes -> 1048588, min.compaction.lag.ms -> 0, message.timestamp.type -> CreateTime, preallocate -> false, index.interval.bytes -> 4096, min.cleanable.dirty.ratio -> 0.5, unclean.leader.election.enable -> false, retention.bytes -> -1, delete.retention.ms -> 86400000, segment.ms -> 604800000, message.timestamp.difference.max.ms -> 9223372036854775807, segment.index.bytes -> 10485760}. (kafka.log.LogManager)
[2021-05-15 19:53:22,074] INFO [Partition __consumer_offsets-20 broker=1] No checkpointed highwatermark is found for partition __consumer_offsets-20 (kafka.cluster.Partition)
[2021-05-15 19:53:22,075] INFO [Partition __consumer_offsets-20 broker=1] Log loaded for partition __consumer_offsets-20 with initial high watermark 0 (kafka.cluster.Partition)
[2021-05-15 19:53:22,161] INFO [Log partition=__consumer_offsets-38, dir=/tmp/kafka-logs/server1] Loading producer state till offset 0 with message format version 2 (kafka.log.Log)
[2021-05-15 19:53:22,164] INFO Created log for partition __consumer_offsets-38 in /tmp/kafka-logs/server1/__consumer_offsets-38 with properties {compression.type -> producer, min.insync.replicas -> 2, message.downconversion.enable -> true, segment.jitter.ms -> 0, cleanup.policy -> compact, flush.ms -> 9223372036854775807, retention.ms -> 604800000, segment.bytes -> 104857600, flush.messages -> 9223372036854775807, message.format.version -> 2.7-IV2, max.compaction.lag.ms -> 9223372036854775807, file.delete.delay.ms -> 60000, max.message.bytes -> 1048588, min.compaction.lag.ms -> 0, message.timestamp.type -> CreateTime, preallocate -> false, index.interval.bytes -> 4096, min.cleanable.dirty.ratio -> 0.5, unclean.leader.election.enable -> false, retention.bytes -> -1, delete.retention.ms -> 86400000, segment.ms -> 604800000, message.timestamp.difference.max.ms -> 9223372036854775807, segment.index.bytes -> 10485760}. (kafka.log.LogManager)
[2021-05-15 19:53:22,164] INFO [Partition __consumer_offsets-38 broker=1] No checkpointed highwatermark is found for partition __consumer_offsets-38 (kafka.cluster.Partition)
[2021-05-15 19:53:22,165] INFO [Partition __consumer_offsets-38 broker=1] Log loaded for partition __consumer_offsets-38 with initial high watermark 0 (kafka.cluster.Partition)
[2021-05-15 19:53:22,233] INFO [Log partition=__consumer_offsets-8, dir=/tmp/kafka-logs/server1] Loading producer state till offset 0 with message format version 2 (kafka.log.Log)
[2021-05-15 19:53:22,244] INFO Created log for partition __consumer_offsets-8 in /tmp/kafka-logs/server1/__consumer_offsets-8 with properties {compression.type -> producer, min.insync.replicas -> 2, message.downconversion.enable -> true, segment.jitter.ms -> 0, cleanup.policy -> compact, flush.ms -> 9223372036854775807, retention.ms -> 604800000, segment.bytes -> 104857600, flush.messages -> 9223372036854775807, message.format.version -> 2.7-IV2, max.compaction.lag.ms -> 9223372036854775807, file.delete.delay.ms -> 60000, max.message.bytes -> 1048588, min.compaction.lag.ms -> 0, message.timestamp.type -> CreateTime, preallocate -> false, index.interval.bytes -> 4096, min.cleanable.dirty.ratio -> 0.5, unclean.leader.election.enable -> false, retention.bytes -> -1, delete.retention.ms -> 86400000, segment.ms -> 604800000, message.timestamp.difference.max.ms -> 9223372036854775807, segment.index.bytes -> 10485760}. (kafka.log.LogManager)
[2021-05-15 19:53:22,245] INFO [Partition __consumer_offsets-8 broker=1] No checkpointed highwatermark is found for partition __consumer_offsets-8 (kafka.cluster.Partition)
[2021-05-15 19:53:22,247] INFO [Partition __consumer_offsets-8 broker=1] Log loaded for partition __consumer_offsets-8 with initial high watermark 0 (kafka.cluster.Partition)
[2021-05-15 19:53:22,406] INFO [Log partition=__consumer_offsets-26, dir=/tmp/kafka-logs/server1] Loading producer state till offset 0 with message format version 2 (kafka.log.Log)
[2021-05-15 19:53:22,430] INFO Created log for partition __consumer_offsets-26 in /tmp/kafka-logs/server1/__consumer_offsets-26 with properties {compression.type -> producer, min.insync.replicas -> 2, message.downconversion.enable -> true, segment.jitter.ms -> 0, cleanup.policy -> compact, flush.ms -> 9223372036854775807, retention.ms -> 604800000, segment.bytes -> 104857600, flush.messages -> 9223372036854775807, message.format.version -> 2.7-IV2, max.compaction.lag.ms -> 9223372036854775807, file.delete.delay.ms -> 60000, max.message.bytes -> 1048588, min.compaction.lag.ms -> 0, message.timestamp.type -> CreateTime, preallocate -> false, index.interval.bytes -> 4096, min.cleanable.dirty.ratio -> 0.5, unclean.leader.election.enable -> false, retention.bytes -> -1, delete.retention.ms -> 86400000, segment.ms -> 604800000, message.timestamp.difference.max.ms -> 9223372036854775807, segment.index.bytes -> 10485760}. (kafka.log.LogManager)
[2021-05-15 19:53:22,443] INFO [Partition __consumer_offsets-26 broker=1] No checkpointed highwatermark is found for partition __consumer_offsets-26 (kafka.cluster.Partition)
[2021-05-15 19:53:22,444] INFO [Partition __consumer_offsets-26 broker=1] Log loaded for partition __consumer_offsets-26 with initial high watermark 0 (kafka.cluster.Partition)
[2021-05-15 19:53:22,541] INFO [Log partition=__consumer_offsets-44, dir=/tmp/kafka-logs/server1] Loading producer state till offset 0 with message format version 2 (kafka.log.Log)
[2021-05-15 19:53:22,544] INFO Created log for partition __consumer_offsets-44 in /tmp/kafka-logs/server1/__consumer_offsets-44 with properties {compression.type -> producer, min.insync.replicas -> 2, message.downconversion.enable -> true, segment.jitter.ms -> 0, cleanup.policy -> compact, flush.ms -> 9223372036854775807, retention.ms -> 604800000, segment.bytes -> 104857600, flush.messages -> 9223372036854775807, message.format.version -> 2.7-IV2, max.compaction.lag.ms -> 9223372036854775807, file.delete.delay.ms -> 60000, max.message.bytes -> 1048588, min.compaction.lag.ms -> 0, message.timestamp.type -> CreateTime, preallocate -> false, index.interval.bytes -> 4096, min.cleanable.dirty.ratio -> 0.5, unclean.leader.election.enable -> false, retention.bytes -> -1, delete.retention.ms -> 86400000, segment.ms -> 604800000, message.timestamp.difference.max.ms -> 9223372036854775807, segment.index.bytes -> 10485760}. (kafka.log.LogManager)
[2021-05-15 19:53:22,576] INFO [Partition __consumer_offsets-44 broker=1] No checkpointed highwatermark is found for partition __consumer_offsets-44 (kafka.cluster.Partition)
[2021-05-15 19:53:22,578] INFO [Partition __consumer_offsets-44 broker=1] Log loaded for partition __consumer_offsets-44 with initial high watermark 0 (kafka.cluster.Partition)
[2021-05-15 19:53:22,598] INFO [Log partition=__consumer_offsets-14, dir=/tmp/kafka-logs/server1] Loading producer state till offset 0 with message format version 2 (kafka.log.Log)
[2021-05-15 19:53:22,605] INFO Created log for partition __consumer_offsets-14 in /tmp/kafka-logs/server1/__consumer_offsets-14 with properties {compression.type -> producer, min.insync.replicas -> 2, message.downconversion.enable -> true, segment.jitter.ms -> 0, cleanup.policy -> compact, flush.ms -> 9223372036854775807, retention.ms -> 604800000, segment.bytes -> 104857600, flush.messages -> 9223372036854775807, message.format.version -> 2.7-IV2, max.compaction.lag.ms -> 9223372036854775807, file.delete.delay.ms -> 60000, max.message.bytes -> 1048588, min.compaction.lag.ms -> 0, message.timestamp.type -> CreateTime, preallocate -> false, index.interval.bytes -> 4096, min.cleanable.dirty.ratio -> 0.5, unclean.leader.election.enable -> false, retention.bytes -> -1, delete.retention.ms -> 86400000, segment.ms -> 604800000, message.timestamp.difference.max.ms -> 9223372036854775807, segment.index.bytes -> 10485760}. (kafka.log.LogManager)
[2021-05-15 19:53:22,605] INFO [Partition __consumer_offsets-14 broker=1] No checkpointed highwatermark is found for partition __consumer_offsets-14 (kafka.cluster.Partition)
[2021-05-15 19:53:22,605] INFO [Partition __consumer_offsets-14 broker=1] Log loaded for partition __consumer_offsets-14 with initial high watermark 0 (kafka.cluster.Partition)
[2021-05-15 19:53:22,720] INFO [Log partition=__consumer_offsets-32, dir=/tmp/kafka-logs/server1] Loading producer state till offset 0 with message format version 2 (kafka.log.Log)
[2021-05-15 19:53:22,722] INFO Created log for partition __consumer_offsets-32 in /tmp/kafka-logs/server1/__consumer_offsets-32 with properties {compression.type -> producer, min.insync.replicas -> 2, message.downconversion.enable -> true, segment.jitter.ms -> 0, cleanup.policy -> compact, flush.ms -> 9223372036854775807, retention.ms -> 604800000, segment.bytes -> 104857600, flush.messages -> 9223372036854775807, message.format.version -> 2.7-IV2, max.compaction.lag.ms -> 9223372036854775807, file.delete.delay.ms -> 60000, max.message.bytes -> 1048588, min.compaction.lag.ms -> 0, message.timestamp.type -> CreateTime, preallocate -> false, index.interval.bytes -> 4096, min.cleanable.dirty.ratio -> 0.5, unclean.leader.election.enable -> false, retention.bytes -> -1, delete.retention.ms -> 86400000, segment.ms -> 604800000, message.timestamp.difference.max.ms -> 9223372036854775807, segment.index.bytes -> 10485760}. (kafka.log.LogManager)
[2021-05-15 19:53:22,725] INFO [Partition __consumer_offsets-32 broker=1] No checkpointed highwatermark is found for partition __consumer_offsets-32 (kafka.cluster.Partition)
[2021-05-15 19:53:22,726] INFO [Partition __consumer_offsets-32 broker=1] Log loaded for partition __consumer_offsets-32 with initial high watermark 0 (kafka.cluster.Partition)
[2021-05-15 19:53:22,980] INFO [Log partition=__consumer_offsets-3, dir=/tmp/kafka-logs/server1] Loading producer state till offset 0 with message format version 2 (kafka.log.Log)
[2021-05-15 19:53:22,994] INFO Created log for partition __consumer_offsets-3 in /tmp/kafka-logs/server1/__consumer_offsets-3 with properties {compression.type -> producer, min.insync.replicas -> 2, message.downconversion.enable -> true, segment.jitter.ms -> 0, cleanup.policy -> compact, flush.ms -> 9223372036854775807, retention.ms -> 604800000, segment.bytes -> 104857600, flush.messages -> 9223372036854775807, message.format.version -> 2.7-IV2, max.compaction.lag.ms -> 9223372036854775807, file.delete.delay.ms -> 60000, max.message.bytes -> 1048588, min.compaction.lag.ms -> 0, message.timestamp.type -> CreateTime, preallocate -> false, index.interval.bytes -> 4096, min.cleanable.dirty.ratio -> 0.5, unclean.leader.election.enable -> false, retention.bytes -> -1, delete.retention.ms -> 86400000, segment.ms -> 604800000, message.timestamp.difference.max.ms -> 9223372036854775807, segment.index.bytes -> 10485760}. (kafka.log.LogManager)
[2021-05-15 19:53:23,009] INFO [Partition __consumer_offsets-3 broker=1] No checkpointed highwatermark is found for partition __consumer_offsets-3 (kafka.cluster.Partition)
[2021-05-15 19:53:23,010] INFO [Partition __consumer_offsets-3 broker=1] Log loaded for partition __consumer_offsets-3 with initial high watermark 0 (kafka.cluster.Partition)
[2021-05-15 19:53:23,020] INFO [Log partition=__consumer_offsets-18, dir=/tmp/kafka-logs/server1] Loading producer state till offset 0 with message format version 2 (kafka.log.Log)
[2021-05-15 19:53:23,030] INFO Created log for partition __consumer_offsets-18 in /tmp/kafka-logs/server1/__consumer_offsets-18 with properties {compression.type -> producer, min.insync.replicas -> 2, message.downconversion.enable -> true, segment.jitter.ms -> 0, cleanup.policy -> compact, flush.ms -> 9223372036854775807, retention.ms -> 604800000, segment.bytes -> 104857600, flush.messages -> 9223372036854775807, message.format.version -> 2.7-IV2, max.compaction.lag.ms -> 9223372036854775807, file.delete.delay.ms -> 60000, max.message.bytes -> 1048588, min.compaction.lag.ms -> 0, message.timestamp.type -> CreateTime, preallocate -> false, index.interval.bytes -> 4096, min.cleanable.dirty.ratio -> 0.5, unclean.leader.election.enable -> false, retention.bytes -> -1, delete.retention.ms -> 86400000, segment.ms -> 604800000, message.timestamp.difference.max.ms -> 9223372036854775807, segment.index.bytes -> 10485760}. (kafka.log.LogManager)
[2021-05-15 19:53:23,034] INFO [Partition __consumer_offsets-18 broker=1] No checkpointed highwatermark is found for partition __consumer_offsets-18 (kafka.cluster.Partition)
[2021-05-15 19:53:23,040] INFO [Partition __consumer_offsets-18 broker=1] Log loaded for partition __consumer_offsets-18 with initial high watermark 0 (kafka.cluster.Partition)
[2021-05-15 19:53:23,051] INFO [Log partition=__consumer_offsets-37, dir=/tmp/kafka-logs/server1] Loading producer state till offset 0 with message format version 2 (kafka.log.Log)
[2021-05-15 19:53:23,053] INFO Created log for partition __consumer_offsets-37 in /tmp/kafka-logs/server1/__consumer_offsets-37 with properties {compression.type -> producer, min.insync.replicas -> 2, message.downconversion.enable -> true, segment.jitter.ms -> 0, cleanup.policy -> compact, flush.ms -> 9223372036854775807, retention.ms -> 604800000, segment.bytes -> 104857600, flush.messages -> 9223372036854775807, message.format.version -> 2.7-IV2, max.compaction.lag.ms -> 9223372036854775807, file.delete.delay.ms -> 60000, max.message.bytes -> 1048588, min.compaction.lag.ms -> 0, message.timestamp.type -> CreateTime, preallocate -> false, index.interval.bytes -> 4096, min.cleanable.dirty.ratio -> 0.5, unclean.leader.election.enable -> false, retention.bytes -> -1, delete.retention.ms -> 86400000, segment.ms -> 604800000, message.timestamp.difference.max.ms -> 9223372036854775807, segment.index.bytes -> 10485760}. (kafka.log.LogManager)
[2021-05-15 19:53:23,065] INFO [Partition __consumer_offsets-37 broker=1] No checkpointed highwatermark is found for partition __consumer_offsets-37 (kafka.cluster.Partition)
[2021-05-15 19:53:23,068] INFO [Partition __consumer_offsets-37 broker=1] Log loaded for partition __consumer_offsets-37 with initial high watermark 0 (kafka.cluster.Partition)
[2021-05-15 19:53:23,073] INFO [Log partition=__consumer_offsets-7, dir=/tmp/kafka-logs/server1] Loading producer state till offset 0 with message format version 2 (kafka.log.Log)
[2021-05-15 19:53:23,082] INFO Created log for partition __consumer_offsets-7 in /tmp/kafka-logs/server1/__consumer_offsets-7 with properties {compression.type -> producer, min.insync.replicas -> 2, message.downconversion.enable -> true, segment.jitter.ms -> 0, cleanup.policy -> compact, flush.ms -> 9223372036854775807, retention.ms -> 604800000, segment.bytes -> 104857600, flush.messages -> 9223372036854775807, message.format.version -> 2.7-IV2, max.compaction.lag.ms -> 9223372036854775807, file.delete.delay.ms -> 60000, max.message.bytes -> 1048588, min.compaction.lag.ms -> 0, message.timestamp.type -> CreateTime, preallocate -> false, index.interval.bytes -> 4096, min.cleanable.dirty.ratio -> 0.5, unclean.leader.election.enable -> false, retention.bytes -> -1, delete.retention.ms -> 86400000, segment.ms -> 604800000, message.timestamp.difference.max.ms -> 9223372036854775807, segment.index.bytes -> 10485760}. (kafka.log.LogManager)
[2021-05-15 19:53:23,083] INFO [Partition __consumer_offsets-7 broker=1] No checkpointed highwatermark is found for partition __consumer_offsets-7 (kafka.cluster.Partition)
[2021-05-15 19:53:23,085] INFO [Partition __consumer_offsets-7 broker=1] Log loaded for partition __consumer_offsets-7 with initial high watermark 0 (kafka.cluster.Partition)
[2021-05-15 19:53:23,093] INFO [Log partition=__consumer_offsets-39, dir=/tmp/kafka-logs/server1] Loading producer state till offset 0 with message format version 2 (kafka.log.Log)
[2021-05-15 19:53:23,097] INFO Created log for partition __consumer_offsets-39 in /tmp/kafka-logs/server1/__consumer_offsets-39 with properties {compression.type -> producer, min.insync.replicas -> 2, message.downconversion.enable -> true, segment.jitter.ms -> 0, cleanup.policy -> compact, flush.ms -> 9223372036854775807, retention.ms -> 604800000, segment.bytes -> 104857600, flush.messages -> 9223372036854775807, message.format.version -> 2.7-IV2, max.compaction.lag.ms -> 9223372036854775807, file.delete.delay.ms -> 60000, max.message.bytes -> 1048588, min.compaction.lag.ms -> 0, message.timestamp.type -> CreateTime, preallocate -> false, index.interval.bytes -> 4096, min.cleanable.dirty.ratio -> 0.5, unclean.leader.election.enable -> false, retention.bytes -> -1, delete.retention.ms -> 86400000, segment.ms -> 604800000, message.timestamp.difference.max.ms -> 9223372036854775807, segment.index.bytes -> 10485760}. (kafka.log.LogManager)
[2021-05-15 19:53:23,100] INFO [Partition __consumer_offsets-39 broker=1] No checkpointed highwatermark is found for partition __consumer_offsets-39 (kafka.cluster.Partition)
[2021-05-15 19:53:23,101] INFO [Partition __consumer_offsets-39 broker=1] Log loaded for partition __consumer_offsets-39 with initial high watermark 0 (kafka.cluster.Partition)
[2021-05-15 19:53:23,136] INFO [Log partition=__consumer_offsets-9, dir=/tmp/kafka-logs/server1] Loading producer state till offset 0 with message format version 2 (kafka.log.Log)
[2021-05-15 19:53:23,145] INFO Created log for partition __consumer_offsets-9 in /tmp/kafka-logs/server1/__consumer_offsets-9 with properties {compression.type -> producer, min.insync.replicas -> 2, message.downconversion.enable -> true, segment.jitter.ms -> 0, cleanup.policy -> compact, flush.ms -> 9223372036854775807, retention.ms -> 604800000, segment.bytes -> 104857600, flush.messages -> 9223372036854775807, message.format.version -> 2.7-IV2, max.compaction.lag.ms -> 9223372036854775807, file.delete.delay.ms -> 60000, max.message.bytes -> 1048588, min.compaction.lag.ms -> 0, message.timestamp.type -> CreateTime, preallocate -> false, index.interval.bytes -> 4096, min.cleanable.dirty.ratio -> 0.5, unclean.leader.election.enable -> false, retention.bytes -> -1, delete.retention.ms -> 86400000, segment.ms -> 604800000, message.timestamp.difference.max.ms -> 9223372036854775807, segment.index.bytes -> 10485760}. (kafka.log.LogManager)
[2021-05-15 19:53:23,148] INFO [Partition __consumer_offsets-9 broker=1] No checkpointed highwatermark is found for partition __consumer_offsets-9 (kafka.cluster.Partition)
[2021-05-15 19:53:23,149] INFO [Partition __consumer_offsets-9 broker=1] Log loaded for partition __consumer_offsets-9 with initial high watermark 0 (kafka.cluster.Partition)
[2021-05-15 19:53:23,209] INFO [Log partition=__consumer_offsets-42, dir=/tmp/kafka-logs/server1] Loading producer state till offset 0 with message format version 2 (kafka.log.Log)
[2021-05-15 19:53:23,236] INFO Created log for partition __consumer_offsets-42 in /tmp/kafka-logs/server1/__consumer_offsets-42 with properties {compression.type -> producer, min.insync.replicas -> 2, message.downconversion.enable -> true, segment.jitter.ms -> 0, cleanup.policy -> compact, flush.ms -> 9223372036854775807, retention.ms -> 604800000, segment.bytes -> 104857600, flush.messages -> 9223372036854775807, message.format.version -> 2.7-IV2, max.compaction.lag.ms -> 9223372036854775807, file.delete.delay.ms -> 60000, max.message.bytes -> 1048588, min.compaction.lag.ms -> 0, message.timestamp.type -> CreateTime, preallocate -> false, index.interval.bytes -> 4096, min.cleanable.dirty.ratio -> 0.5, unclean.leader.election.enable -> false, retention.bytes -> -1, delete.retention.ms -> 86400000, segment.ms -> 604800000, message.timestamp.difference.max.ms -> 9223372036854775807, segment.index.bytes -> 10485760}. (kafka.log.LogManager)
[2021-05-15 19:53:23,255] INFO [Partition __consumer_offsets-42 broker=1] No checkpointed highwatermark is found for partition __consumer_offsets-42 (kafka.cluster.Partition)
[2021-05-15 19:53:23,264] INFO [Partition __consumer_offsets-42 broker=1] Log loaded for partition __consumer_offsets-42 with initial high watermark 0 (kafka.cluster.Partition)
[2021-05-15 19:53:23,288] INFO [Log partition=__consumer_offsets-29, dir=/tmp/kafka-logs/server1] Loading producer state till offset 0 with message format version 2 (kafka.log.Log)
[2021-05-15 19:53:23,306] INFO Created log for partition __consumer_offsets-29 in /tmp/kafka-logs/server1/__consumer_offsets-29 with properties {compression.type -> producer, min.insync.replicas -> 2, message.downconversion.enable -> true, segment.jitter.ms -> 0, cleanup.policy -> compact, flush.ms -> 9223372036854775807, retention.ms -> 604800000, segment.bytes -> 104857600, flush.messages -> 9223372036854775807, message.format.version -> 2.7-IV2, max.compaction.lag.ms -> 9223372036854775807, file.delete.delay.ms -> 60000, max.message.bytes -> 1048588, min.compaction.lag.ms -> 0, message.timestamp.type -> CreateTime, preallocate -> false, index.interval.bytes -> 4096, min.cleanable.dirty.ratio -> 0.5, unclean.leader.election.enable -> false, retention.bytes -> -1, delete.retention.ms -> 86400000, segment.ms -> 604800000, message.timestamp.difference.max.ms -> 9223372036854775807, segment.index.bytes -> 10485760}. (kafka.log.LogManager)
[2021-05-15 19:53:23,307] INFO [Partition __consumer_offsets-29 broker=1] No checkpointed highwatermark is found for partition __consumer_offsets-29 (kafka.cluster.Partition)
[2021-05-15 19:53:23,309] INFO [Partition __consumer_offsets-29 broker=1] Log loaded for partition __consumer_offsets-29 with initial high watermark 0 (kafka.cluster.Partition)
[2021-05-15 19:53:23,363] INFO [Log partition=__consumer_offsets-12, dir=/tmp/kafka-logs/server1] Loading producer state till offset 0 with message format version 2 (kafka.log.Log)
[2021-05-15 19:53:23,485] INFO Created log for partition __consumer_offsets-12 in /tmp/kafka-logs/server1/__consumer_offsets-12 with properties {compression.type -> producer, min.insync.replicas -> 2, message.downconversion.enable -> true, segment.jitter.ms -> 0, cleanup.policy -> compact, flush.ms -> 9223372036854775807, retention.ms -> 604800000, segment.bytes -> 104857600, flush.messages -> 9223372036854775807, message.format.version -> 2.7-IV2, max.compaction.lag.ms -> 9223372036854775807, file.delete.delay.ms -> 60000, max.message.bytes -> 1048588, min.compaction.lag.ms -> 0, message.timestamp.type -> CreateTime, preallocate -> false, index.interval.bytes -> 4096, min.cleanable.dirty.ratio -> 0.5, unclean.leader.election.enable -> false, retention.bytes -> -1, delete.retention.ms -> 86400000, segment.ms -> 604800000, message.timestamp.difference.max.ms -> 9223372036854775807, segment.index.bytes -> 10485760}. (kafka.log.LogManager)
[2021-05-15 19:53:23,486] INFO [Partition __consumer_offsets-12 broker=1] No checkpointed highwatermark is found for partition __consumer_offsets-12 (kafka.cluster.Partition)
[2021-05-15 19:53:24,020] INFO [Partition __consumer_offsets-12 broker=1] Log loaded for partition __consumer_offsets-12 with initial high watermark 0 (kafka.cluster.Partition)
[2021-05-15 19:53:24,047] INFO [Log partition=__consumer_offsets-33, dir=/tmp/kafka-logs/server1] Loading producer state till offset 0 with message format version 2 (kafka.log.Log)
[2021-05-15 19:53:24,068] INFO Created log for partition __consumer_offsets-33 in /tmp/kafka-logs/server1/__consumer_offsets-33 with properties {compression.type -> producer, min.insync.replicas -> 2, message.downconversion.enable -> true, segment.jitter.ms -> 0, cleanup.policy -> compact, flush.ms -> 9223372036854775807, retention.ms -> 604800000, segment.bytes -> 104857600, flush.messages -> 9223372036854775807, message.format.version -> 2.7-IV2, max.compaction.lag.ms -> 9223372036854775807, file.delete.delay.ms -> 60000, max.message.bytes -> 1048588, min.compaction.lag.ms -> 0, message.timestamp.type -> CreateTime, preallocate -> false, index.interval.bytes -> 4096, min.cleanable.dirty.ratio -> 0.5, unclean.leader.election.enable -> false, retention.bytes -> -1, delete.retention.ms -> 86400000, segment.ms -> 604800000, message.timestamp.difference.max.ms -> 9223372036854775807, segment.index.bytes -> 10485760}. (kafka.log.LogManager)
[2021-05-15 19:53:24,073] INFO [Partition __consumer_offsets-33 broker=1] No checkpointed highwatermark is found for partition __consumer_offsets-33 (kafka.cluster.Partition)
[2021-05-15 19:53:24,079] INFO [Partition __consumer_offsets-33 broker=1] Log loaded for partition __consumer_offsets-33 with initial high watermark 0 (kafka.cluster.Partition)
[2021-05-15 19:53:24,107] INFO [Log partition=__consumer_offsets-48, dir=/tmp/kafka-logs/server1] Loading producer state till offset 0 with message format version 2 (kafka.log.Log)
[2021-05-15 19:53:24,118] INFO Created log for partition __consumer_offsets-48 in /tmp/kafka-logs/server1/__consumer_offsets-48 with properties {compression.type -> producer, min.insync.replicas -> 2, message.downconversion.enable -> true, segment.jitter.ms -> 0, cleanup.policy -> compact, flush.ms -> 9223372036854775807, retention.ms -> 604800000, segment.bytes -> 104857600, flush.messages -> 9223372036854775807, message.format.version -> 2.7-IV2, max.compaction.lag.ms -> 9223372036854775807, file.delete.delay.ms -> 60000, max.message.bytes -> 1048588, min.compaction.lag.ms -> 0, message.timestamp.type -> CreateTime, preallocate -> false, index.interval.bytes -> 4096, min.cleanable.dirty.ratio -> 0.5, unclean.leader.election.enable -> false, retention.bytes -> -1, delete.retention.ms -> 86400000, segment.ms -> 604800000, message.timestamp.difference.max.ms -> 9223372036854775807, segment.index.bytes -> 10485760}. (kafka.log.LogManager)
[2021-05-15 19:53:24,121] INFO [Partition __consumer_offsets-48 broker=1] No checkpointed highwatermark is found for partition __consumer_offsets-48 (kafka.cluster.Partition)
[2021-05-15 19:53:24,141] INFO [Partition __consumer_offsets-48 broker=1] Log loaded for partition __consumer_offsets-48 with initial high watermark 0 (kafka.cluster.Partition)
[2021-05-15 19:53:24,192] INFO [Log partition=__consumer_offsets-34, dir=/tmp/kafka-logs/server1] Loading producer state till offset 0 with message format version 2 (kafka.log.Log)
[2021-05-15 19:53:24,193] INFO Created log for partition __consumer_offsets-34 in /tmp/kafka-logs/server1/__consumer_offsets-34 with properties {compression.type -> producer, min.insync.replicas -> 2, message.downconversion.enable -> true, segment.jitter.ms -> 0, cleanup.policy -> compact, flush.ms -> 9223372036854775807, retention.ms -> 604800000, segment.bytes -> 104857600, flush.messages -> 9223372036854775807, message.format.version -> 2.7-IV2, max.compaction.lag.ms -> 9223372036854775807, file.delete.delay.ms -> 60000, max.message.bytes -> 1048588, min.compaction.lag.ms -> 0, message.timestamp.type -> CreateTime, preallocate -> false, index.interval.bytes -> 4096, min.cleanable.dirty.ratio -> 0.5, unclean.leader.election.enable -> false, retention.bytes -> -1, delete.retention.ms -> 86400000, segment.ms -> 604800000, message.timestamp.difference.max.ms -> 9223372036854775807, segment.index.bytes -> 10485760}. (kafka.log.LogManager)
[2021-05-15 19:53:24,193] INFO [Partition __consumer_offsets-34 broker=1] No checkpointed highwatermark is found for partition __consumer_offsets-34 (kafka.cluster.Partition)
[2021-05-15 19:53:24,194] INFO [Partition __consumer_offsets-34 broker=1] Log loaded for partition __consumer_offsets-34 with initial high watermark 0 (kafka.cluster.Partition)
[2021-05-15 19:53:24,243] INFO [Log partition=__consumer_offsets-4, dir=/tmp/kafka-logs/server1] Loading producer state till offset 0 with message format version 2 (kafka.log.Log)
[2021-05-15 19:53:24,261] INFO Created log for partition __consumer_offsets-4 in /tmp/kafka-logs/server1/__consumer_offsets-4 with properties {compression.type -> producer, min.insync.replicas -> 2, message.downconversion.enable -> true, segment.jitter.ms -> 0, cleanup.policy -> compact, flush.ms -> 9223372036854775807, retention.ms -> 604800000, segment.bytes -> 104857600, flush.messages -> 9223372036854775807, message.format.version -> 2.7-IV2, max.compaction.lag.ms -> 9223372036854775807, file.delete.delay.ms -> 60000, max.message.bytes -> 1048588, min.compaction.lag.ms -> 0, message.timestamp.type -> CreateTime, preallocate -> false, index.interval.bytes -> 4096, min.cleanable.dirty.ratio -> 0.5, unclean.leader.election.enable -> false, retention.bytes -> -1, delete.retention.ms -> 86400000, segment.ms -> 604800000, message.timestamp.difference.max.ms -> 9223372036854775807, segment.index.bytes -> 10485760}. (kafka.log.LogManager)
[2021-05-15 19:53:24,264] INFO [Partition __consumer_offsets-4 broker=1] No checkpointed highwatermark is found for partition __consumer_offsets-4 (kafka.cluster.Partition)
[2021-05-15 19:53:24,271] INFO [Partition __consumer_offsets-4 broker=1] Log loaded for partition __consumer_offsets-4 with initial high watermark 0 (kafka.cluster.Partition)
[2021-05-15 19:53:24,310] INFO [Log partition=__consumer_offsets-23, dir=/tmp/kafka-logs/server1] Loading producer state till offset 0 with message format version 2 (kafka.log.Log)
[2021-05-15 19:53:24,317] INFO Created log for partition __consumer_offsets-23 in /tmp/kafka-logs/server1/__consumer_offsets-23 with properties {compression.type -> producer, min.insync.replicas -> 2, message.downconversion.enable -> true, segment.jitter.ms -> 0, cleanup.policy -> compact, flush.ms -> 9223372036854775807, retention.ms -> 604800000, segment.bytes -> 104857600, flush.messages -> 9223372036854775807, message.format.version -> 2.7-IV2, max.compaction.lag.ms -> 9223372036854775807, file.delete.delay.ms -> 60000, max.message.bytes -> 1048588, min.compaction.lag.ms -> 0, message.timestamp.type -> CreateTime, preallocate -> false, index.interval.bytes -> 4096, min.cleanable.dirty.ratio -> 0.5, unclean.leader.election.enable -> false, retention.bytes -> -1, delete.retention.ms -> 86400000, segment.ms -> 604800000, message.timestamp.difference.max.ms -> 9223372036854775807, segment.index.bytes -> 10485760}. (kafka.log.LogManager)
[2021-05-15 19:53:24,321] INFO [Partition __consumer_offsets-23 broker=1] No checkpointed highwatermark is found for partition __consumer_offsets-23 (kafka.cluster.Partition)
[2021-05-15 19:53:24,322] INFO [Partition __consumer_offsets-23 broker=1] Log loaded for partition __consumer_offsets-23 with initial high watermark 0 (kafka.cluster.Partition)
[2021-05-15 19:53:24,339] INFO [Log partition=__consumer_offsets-43, dir=/tmp/kafka-logs/server1] Loading producer state till offset 0 with message format version 2 (kafka.log.Log)
[2021-05-15 19:53:24,341] INFO Created log for partition __consumer_offsets-43 in /tmp/kafka-logs/server1/__consumer_offsets-43 with properties {compression.type -> producer, min.insync.replicas -> 2, message.downconversion.enable -> true, segment.jitter.ms -> 0, cleanup.policy -> compact, flush.ms -> 9223372036854775807, retention.ms -> 604800000, segment.bytes -> 104857600, flush.messages -> 9223372036854775807, message.format.version -> 2.7-IV2, max.compaction.lag.ms -> 9223372036854775807, file.delete.delay.ms -> 60000, max.message.bytes -> 1048588, min.compaction.lag.ms -> 0, message.timestamp.type -> CreateTime, preallocate -> false, index.interval.bytes -> 4096, min.cleanable.dirty.ratio -> 0.5, unclean.leader.election.enable -> false, retention.bytes -> -1, delete.retention.ms -> 86400000, segment.ms -> 604800000, message.timestamp.difference.max.ms -> 9223372036854775807, segment.index.bytes -> 10485760}. (kafka.log.LogManager)
[2021-05-15 19:53:24,342] INFO [Partition __consumer_offsets-43 broker=1] No checkpointed highwatermark is found for partition __consumer_offsets-43 (kafka.cluster.Partition)
[2021-05-15 19:53:24,342] INFO [Partition __consumer_offsets-43 broker=1] Log loaded for partition __consumer_offsets-43 with initial high watermark 0 (kafka.cluster.Partition)
[2021-05-15 19:53:24,393] INFO [Log partition=__consumer_offsets-13, dir=/tmp/kafka-logs/server1] Loading producer state till offset 0 with message format version 2 (kafka.log.Log)
[2021-05-15 19:53:24,424] INFO Created log for partition __consumer_offsets-13 in /tmp/kafka-logs/server1/__consumer_offsets-13 with properties {compression.type -> producer, min.insync.replicas -> 2, message.downconversion.enable -> true, segment.jitter.ms -> 0, cleanup.policy -> compact, flush.ms -> 9223372036854775807, retention.ms -> 604800000, segment.bytes -> 104857600, flush.messages -> 9223372036854775807, message.format.version -> 2.7-IV2, max.compaction.lag.ms -> 9223372036854775807, file.delete.delay.ms -> 60000, max.message.bytes -> 1048588, min.compaction.lag.ms -> 0, message.timestamp.type -> CreateTime, preallocate -> false, index.interval.bytes -> 4096, min.cleanable.dirty.ratio -> 0.5, unclean.leader.election.enable -> false, retention.bytes -> -1, delete.retention.ms -> 86400000, segment.ms -> 604800000, message.timestamp.difference.max.ms -> 9223372036854775807, segment.index.bytes -> 10485760}. (kafka.log.LogManager)
[2021-05-15 19:53:24,424] INFO [Partition __consumer_offsets-13 broker=1] No checkpointed highwatermark is found for partition __consumer_offsets-13 (kafka.cluster.Partition)
[2021-05-15 19:53:24,425] INFO [Partition __consumer_offsets-13 broker=1] Log loaded for partition __consumer_offsets-13 with initial high watermark 0 (kafka.cluster.Partition)
[2021-05-15 19:53:24,430] INFO [Log partition=__consumer_offsets-28, dir=/tmp/kafka-logs/server1] Loading producer state till offset 0 with message format version 2 (kafka.log.Log)
[2021-05-15 19:53:24,458] INFO Created log for partition __consumer_offsets-28 in /tmp/kafka-logs/server1/__consumer_offsets-28 with properties {compression.type -> producer, min.insync.replicas -> 2, message.downconversion.enable -> true, segment.jitter.ms -> 0, cleanup.policy -> compact, flush.ms -> 9223372036854775807, retention.ms -> 604800000, segment.bytes -> 104857600, flush.messages -> 9223372036854775807, message.format.version -> 2.7-IV2, max.compaction.lag.ms -> 9223372036854775807, file.delete.delay.ms -> 60000, max.message.bytes -> 1048588, min.compaction.lag.ms -> 0, message.timestamp.type -> CreateTime, preallocate -> false, index.interval.bytes -> 4096, min.cleanable.dirty.ratio -> 0.5, unclean.leader.election.enable -> false, retention.bytes -> -1, delete.retention.ms -> 86400000, segment.ms -> 604800000, message.timestamp.difference.max.ms -> 9223372036854775807, segment.index.bytes -> 10485760}. (kafka.log.LogManager)
[2021-05-15 19:53:24,459] INFO [Partition __consumer_offsets-28 broker=1] No checkpointed highwatermark is found for partition __consumer_offsets-28 (kafka.cluster.Partition)
[2021-05-15 19:53:24,460] INFO [Partition __consumer_offsets-28 broker=1] Log loaded for partition __consumer_offsets-28 with initial high watermark 0 (kafka.cluster.Partition)
[2021-05-15 19:53:24,461] INFO [ReplicaFetcherManager on broker 1] Removed fetcher for partitions HashSet(__consumer_offsets-48, __consumer_offsets-13, __consumer_offsets-43, __consumer_offsets-12, __consumer_offsets-9, __consumer_offsets-42, __consumer_offsets-23, __consumer_offsets-18, __consumer_offsets-29, __consumer_offsets-28, __consumer_offsets-39, __consumer_offsets-7, __consumer_offsets-37, __consumer_offsets-3, __consumer_offsets-4, __consumer_offsets-33, __consumer_offsets-34) (kafka.server.ReplicaFetcherManager)
[2021-05-15 19:53:24,466] INFO [ReplicaFetcherManager on broker 1] Added fetcher to broker 2 for partitions HashMap(__consumer_offsets-9 -> (offset=0, leaderEpoch=0), __consumer_offsets-33 -> (offset=0, leaderEpoch=0), __consumer_offsets-3 -> (offset=0, leaderEpoch=0), __consumer_offsets-39 -> (offset=0, leaderEpoch=0)) (kafka.server.ReplicaFetcherManager)
[2021-05-15 19:53:24,468] INFO [ReplicaFetcherManager on broker 1] Added fetcher to broker 4 for partitions HashMap(__consumer_offsets-23 -> (offset=0, leaderEpoch=0), __consumer_offsets-29 -> (offset=0, leaderEpoch=0)) (kafka.server.ReplicaFetcherManager)
[2021-05-15 19:53:24,485] INFO [ReplicaFetcher replicaId=1, leaderId=3, fetcherId=0] Starting (kafka.server.ReplicaFetcherThread)
[2021-05-15 19:53:24,486] INFO [ReplicaFetcherManager on broker 1] Added fetcher to broker 3 for partitions HashMap(__consumer_offsets-4 -> (offset=0, leaderEpoch=0), __consumer_offsets-28 -> (offset=0, leaderEpoch=0), __consumer_offsets-34 -> (offset=0, leaderEpoch=0)) (kafka.server.ReplicaFetcherManager)
[2021-05-15 19:53:24,487] INFO [ReplicaFetcher replicaId=1, leaderId=3, fetcherId=0] Truncating partition __consumer_offsets-28 to local high watermark 0 (kafka.server.ReplicaFetcherThread)
[2021-05-15 19:53:24,490] INFO [Log partition=__consumer_offsets-28, dir=/tmp/kafka-logs/server1] Truncating to 0 has no effect as the largest offset in the log is -1 (kafka.log.Log)
[2021-05-15 19:53:24,490] INFO [ReplicaFetcher replicaId=1, leaderId=3, fetcherId=0] Truncating partition __consumer_offsets-4 to local high watermark 0 (kafka.server.ReplicaFetcherThread)
[2021-05-15 19:53:24,498] INFO [Log partition=__consumer_offsets-4, dir=/tmp/kafka-logs/server1] Truncating to 0 has no effect as the largest offset in the log is -1 (kafka.log.Log)
[2021-05-15 19:53:24,499] INFO [ReplicaFetcher replicaId=1, leaderId=3, fetcherId=0] Truncating partition __consumer_offsets-34 to local high watermark 0 (kafka.server.ReplicaFetcherThread)
[2021-05-15 19:53:24,551] INFO [ReplicaFetcher replicaId=1, leaderId=5, fetcherId=0] Starting (kafka.server.ReplicaFetcherThread)
[2021-05-15 19:53:24,537] INFO [ReplicaFetcherManager on broker 1] Added fetcher to broker 5 for partitions HashMap(__consumer_offsets-48 -> (offset=0, leaderEpoch=0), __consumer_offsets-12 -> (offset=0, leaderEpoch=0), __consumer_offsets-42 -> (offset=0, leaderEpoch=0), __consumer_offsets-18 -> (offset=0, leaderEpoch=0)) (kafka.server.ReplicaFetcherManager)
[2021-05-15 19:53:24,524] INFO [ReplicaFetcher replicaId=1, leaderId=2, fetcherId=0] Truncating partition __consumer_offsets-9 to local high watermark 0 (kafka.server.ReplicaFetcherThread)
[2021-05-15 19:53:24,553] INFO [ReplicaFetcher replicaId=1, leaderId=5, fetcherId=0] Truncating partition __consumer_offsets-48 to local high watermark 0 (kafka.server.ReplicaFetcherThread)
[2021-05-15 19:53:24,562] INFO [Log partition=__consumer_offsets-48, dir=/tmp/kafka-logs/server1] Truncating to 0 has no effect as the largest offset in the log is -1 (kafka.log.Log)
[2021-05-15 19:53:24,551] INFO [Log partition=__consumer_offsets-34, dir=/tmp/kafka-logs/server1] Truncating to 0 has no effect as the largest offset in the log is -1 (kafka.log.Log)
[2021-05-15 19:53:24,564] INFO [ReplicaFetcher replicaId=1, leaderId=5, fetcherId=0] Truncating partition __consumer_offsets-12 to local high watermark 0 (kafka.server.ReplicaFetcherThread)
[2021-05-15 19:53:24,566] INFO [Log partition=__consumer_offsets-12, dir=/tmp/kafka-logs/server1] Truncating to 0 has no effect as the largest offset in the log is -1 (kafka.log.Log)
[2021-05-15 19:53:24,563] INFO [ReplicaFetcherManager on broker 1] Added fetcher to broker 0 for partitions HashMap(__consumer_offsets-7 -> (offset=0, leaderEpoch=0), __consumer_offsets-37 -> (offset=0, leaderEpoch=0), __consumer_offsets-13 -> (offset=0, leaderEpoch=0), __consumer_offsets-43 -> (offset=0, leaderEpoch=0)) (kafka.server.ReplicaFetcherManager)
[2021-05-15 19:53:24,563] INFO [ReplicaFetcher replicaId=1, leaderId=0, fetcherId=0] Starting (kafka.server.ReplicaFetcherThread)
[2021-05-15 19:53:24,619] INFO [ReplicaFetcher replicaId=1, leaderId=0, fetcherId=0] Truncating partition __consumer_offsets-13 to local high watermark 0 (kafka.server.ReplicaFetcherThread)
[2021-05-15 19:53:24,620] INFO [Log partition=__consumer_offsets-13, dir=/tmp/kafka-logs/server1] Truncating to 0 has no effect as the largest offset in the log is -1 (kafka.log.Log)
[2021-05-15 19:53:24,620] INFO [ReplicaFetcher replicaId=1, leaderId=0, fetcherId=0] Truncating partition __consumer_offsets-43 to local high watermark 0 (kafka.server.ReplicaFetcherThread)
[2021-05-15 19:53:24,622] INFO [Log partition=__consumer_offsets-43, dir=/tmp/kafka-logs/server1] Truncating to 0 has no effect as the largest offset in the log is -1 (kafka.log.Log)
[2021-05-15 19:53:24,555] INFO [Log partition=__consumer_offsets-9, dir=/tmp/kafka-logs/server1] Truncating to 0 has no effect as the largest offset in the log is -1 (kafka.log.Log)
[2021-05-15 19:53:24,623] INFO [ReplicaFetcher replicaId=1, leaderId=0, fetcherId=0] Truncating partition __consumer_offsets-7 to local high watermark 0 (kafka.server.ReplicaFetcherThread)
[2021-05-15 19:53:24,616] INFO [ReplicaFetcher replicaId=1, leaderId=5, fetcherId=0] Truncating partition __consumer_offsets-42 to local high watermark 0 (kafka.server.ReplicaFetcherThread)
[2021-05-15 19:53:24,625] INFO [Log partition=__consumer_offsets-7, dir=/tmp/kafka-logs/server1] Truncating to 0 has no effect as the largest offset in the log is -1 (kafka.log.Log)
[2021-05-15 19:53:24,624] INFO [ReplicaFetcher replicaId=1, leaderId=2, fetcherId=0] Truncating partition __consumer_offsets-39 to local high watermark 0 (kafka.server.ReplicaFetcherThread)
[2021-05-15 19:53:24,626] INFO [ReplicaFetcher replicaId=1, leaderId=0, fetcherId=0] Truncating partition __consumer_offsets-37 to local high watermark 0 (kafka.server.ReplicaFetcherThread)
[2021-05-15 19:53:24,625] INFO [Log partition=__consumer_offsets-42, dir=/tmp/kafka-logs/server1] Truncating to 0 has no effect as the largest offset in the log is -1 (kafka.log.Log)
[2021-05-15 19:53:24,627] INFO [Log partition=__consumer_offsets-37, dir=/tmp/kafka-logs/server1] Truncating to 0 has no effect as the largest offset in the log is -1 (kafka.log.Log)
[2021-05-15 19:53:24,626] INFO [Log partition=__consumer_offsets-39, dir=/tmp/kafka-logs/server1] Truncating to 0 has no effect as the largest offset in the log is -1 (kafka.log.Log)
[2021-05-15 19:53:24,628] INFO [ReplicaFetcher replicaId=1, leaderId=5, fetcherId=0] Truncating partition __consumer_offsets-18 to local high watermark 0 (kafka.server.ReplicaFetcherThread)
[2021-05-15 19:53:24,628] INFO [ReplicaFetcher replicaId=1, leaderId=2, fetcherId=0] Truncating partition __consumer_offsets-3 to local high watermark 0 (kafka.server.ReplicaFetcherThread)
[2021-05-15 19:53:24,630] INFO [Log partition=__consumer_offsets-18, dir=/tmp/kafka-logs/server1] Truncating to 0 has no effect as the largest offset in the log is -1 (kafka.log.Log)
[2021-05-15 19:53:24,630] INFO [Log partition=__consumer_offsets-3, dir=/tmp/kafka-logs/server1] Truncating to 0 has no effect as the largest offset in the log is -1 (kafka.log.Log)
[2021-05-15 19:53:24,633] INFO [ReplicaFetcher replicaId=1, leaderId=2, fetcherId=0] Truncating partition __consumer_offsets-33 to local high watermark 0 (kafka.server.ReplicaFetcherThread)
[2021-05-15 19:53:24,634] INFO [Log partition=__consumer_offsets-33, dir=/tmp/kafka-logs/server1] Truncating to 0 has no effect as the largest offset in the log is -1 (kafka.log.Log)
[2021-05-15 19:53:24,730] INFO [ReplicaFetcher replicaId=1, leaderId=4, fetcherId=0] Truncating partition __consumer_offsets-29 to local high watermark 0 (kafka.server.ReplicaFetcherThread)
[2021-05-15 19:53:24,755] INFO [Log partition=__consumer_offsets-29, dir=/tmp/kafka-logs/server1] Truncating to 0 has no effect as the largest offset in the log is -1 (kafka.log.Log)
[2021-05-15 19:53:24,757] INFO [ReplicaFetcher replicaId=1, leaderId=4, fetcherId=0] Truncating partition __consumer_offsets-23 to local high watermark 0 (kafka.server.ReplicaFetcherThread)
[2021-05-15 19:53:24,757] INFO [Log partition=__consumer_offsets-23, dir=/tmp/kafka-logs/server1] Truncating to 0 has no effect as the largest offset in the log is -1 (kafka.log.Log)
[2021-05-15 19:53:24,840] INFO [GroupMetadataManager brokerId=1] Scheduling loading of offsets and group metadata from __consumer_offsets-2 (kafka.coordinator.group.GroupMetadataManager)
[2021-05-15 19:53:24,844] INFO [GroupMetadataManager brokerId=1] Scheduling loading of offsets and group metadata from __consumer_offsets-20 (kafka.coordinator.group.GroupMetadataManager)
[2021-05-15 19:53:24,861] INFO [GroupMetadataManager brokerId=1] Scheduling loading of offsets and group metadata from __consumer_offsets-38 (kafka.coordinator.group.GroupMetadataManager)
[2021-05-15 19:53:24,862] INFO [GroupMetadataManager brokerId=1] Scheduling loading of offsets and group metadata from __consumer_offsets-8 (kafka.coordinator.group.GroupMetadataManager)
[2021-05-15 19:53:24,862] INFO [GroupMetadataManager brokerId=1] Scheduling loading of offsets and group metadata from __consumer_offsets-26 (kafka.coordinator.group.GroupMetadataManager)
[2021-05-15 19:53:24,862] INFO [GroupMetadataManager brokerId=1] Scheduling loading of offsets and group metadata from __consumer_offsets-44 (kafka.coordinator.group.GroupMetadataManager)
[2021-05-15 19:53:24,863] INFO [GroupMetadataManager brokerId=1] Scheduling loading of offsets and group metadata from __consumer_offsets-14 (kafka.coordinator.group.GroupMetadataManager)
[2021-05-15 19:53:24,863] INFO [GroupMetadataManager brokerId=1] Scheduling loading of offsets and group metadata from __consumer_offsets-32 (kafka.coordinator.group.GroupMetadataManager)
[2021-05-15 19:53:24,864] INFO [GroupMetadataManager brokerId=1] Scheduling unloading of offsets and group metadata from __consumer_offsets-3 (kafka.coordinator.group.GroupMetadataManager)
[2021-05-15 19:53:24,895] INFO [GroupMetadataManager brokerId=1] Scheduling unloading of offsets and group metadata from __consumer_offsets-18 (kafka.coordinator.group.GroupMetadataManager)
[2021-05-15 19:53:24,896] INFO [GroupMetadataManager brokerId=1] Finished loading offsets and group metadata from __consumer_offsets-2 in 55 milliseconds, of which 4 milliseconds was spent in the scheduler. (kafka.coordinator.group.GroupMetadataManager)
[2021-05-15 19:53:24,896] INFO [GroupMetadataManager brokerId=1] Scheduling unloading of offsets and group metadata from __consumer_offsets-37 (kafka.coordinator.group.GroupMetadataManager)
[2021-05-15 19:53:24,897] INFO [GroupMetadataManager brokerId=1] Finished loading offsets and group metadata from __consumer_offsets-20 in 36 milliseconds, of which 36 milliseconds was spent in the scheduler. (kafka.coordinator.group.GroupMetadataManager)
[2021-05-15 19:53:24,898] INFO [GroupMetadataManager brokerId=1] Scheduling unloading of offsets and group metadata from __consumer_offsets-7 (kafka.coordinator.group.GroupMetadataManager)
[2021-05-15 19:53:24,899] INFO [GroupMetadataManager brokerId=1] Finished loading offsets and group metadata from __consumer_offsets-38 in 37 milliseconds, of which 37 milliseconds was spent in the scheduler. (kafka.coordinator.group.GroupMetadataManager)
[2021-05-15 19:53:24,900] INFO [GroupMetadataManager brokerId=1] Scheduling unloading of offsets and group metadata from __consumer_offsets-39 (kafka.coordinator.group.GroupMetadataManager)
[2021-05-15 19:53:24,901] INFO [GroupMetadataManager brokerId=1] Finished loading offsets and group metadata from __consumer_offsets-8 in 39 milliseconds, of which 39 milliseconds was spent in the scheduler. (kafka.coordinator.group.GroupMetadataManager)
[2021-05-15 19:53:24,901] INFO [GroupMetadataManager brokerId=1] Scheduling unloading of offsets and group metadata from __consumer_offsets-9 (kafka.coordinator.group.GroupMetadataManager)
[2021-05-15 19:53:24,903] INFO [GroupMetadataManager brokerId=1] Finished loading offsets and group metadata from __consumer_offsets-26 in 41 milliseconds, of which 41 milliseconds was spent in the scheduler. (kafka.coordinator.group.GroupMetadataManager)
[2021-05-15 19:53:24,903] INFO [GroupMetadataManager brokerId=1] Scheduling unloading of offsets and group metadata from __consumer_offsets-42 (kafka.coordinator.group.GroupMetadataManager)
[2021-05-15 19:53:24,904] INFO [GroupMetadataManager brokerId=1] Finished loading offsets and group metadata from __consumer_offsets-44 in 41 milliseconds, of which 41 milliseconds was spent in the scheduler. (kafka.coordinator.group.GroupMetadataManager)
[2021-05-15 19:53:24,904] INFO [GroupMetadataManager brokerId=1] Scheduling unloading of offsets and group metadata from __consumer_offsets-29 (kafka.coordinator.group.GroupMetadataManager)
[2021-05-15 19:53:24,905] INFO [GroupMetadataManager brokerId=1] Finished loading offsets and group metadata from __consumer_offsets-14 in 42 milliseconds, of which 42 milliseconds was spent in the scheduler. (kafka.coordinator.group.GroupMetadataManager)
[2021-05-15 19:53:24,906] INFO [GroupMetadataManager brokerId=1] Scheduling unloading of offsets and group metadata from __consumer_offsets-12 (kafka.coordinator.group.GroupMetadataManager)
[2021-05-15 19:53:24,906] INFO [GroupMetadataManager brokerId=1] Finished loading offsets and group metadata from __consumer_offsets-32 in 43 milliseconds, of which 43 milliseconds was spent in the scheduler. (kafka.coordinator.group.GroupMetadataManager)
[2021-05-15 19:53:24,907] INFO [GroupMetadataManager brokerId=1] Scheduling unloading of offsets and group metadata from __consumer_offsets-33 (kafka.coordinator.group.GroupMetadataManager)
[2021-05-15 19:53:24,908] INFO [GroupMetadataManager brokerId=1] Scheduling unloading of offsets and group metadata from __consumer_offsets-48 (kafka.coordinator.group.GroupMetadataManager)
[2021-05-15 19:53:24,908] INFO [GroupMetadataManager brokerId=1] Scheduling unloading of offsets and group metadata from __consumer_offsets-34 (kafka.coordinator.group.GroupMetadataManager)
[2021-05-15 19:53:24,909] INFO [GroupMetadataManager brokerId=1] Scheduling unloading of offsets and group metadata from __consumer_offsets-4 (kafka.coordinator.group.GroupMetadataManager)
[2021-05-15 19:53:24,909] INFO [GroupMetadataManager brokerId=1] Scheduling unloading of offsets and group metadata from __consumer_offsets-23 (kafka.coordinator.group.GroupMetadataManager)
[2021-05-15 19:53:24,910] INFO [GroupMetadataManager brokerId=1] Finished unloading __consumer_offsets-3. Removed 0 cached offsets and 0 cached groups. (kafka.coordinator.group.GroupMetadataManager)
[2021-05-15 19:53:24,910] INFO [GroupMetadataManager brokerId=1] Scheduling unloading of offsets and group metadata from __consumer_offsets-43 (kafka.coordinator.group.GroupMetadataManager)
[2021-05-15 19:53:24,910] INFO [GroupMetadataManager brokerId=1] Finished unloading __consumer_offsets-18. Removed 0 cached offsets and 0 cached groups. (kafka.coordinator.group.GroupMetadataManager)
[2021-05-15 19:53:24,911] INFO [GroupMetadataManager brokerId=1] Scheduling unloading of offsets and group metadata from __consumer_offsets-13 (kafka.coordinator.group.GroupMetadataManager)
[2021-05-15 19:53:24,911] INFO [GroupMetadataManager brokerId=1] Finished unloading __consumer_offsets-37. Removed 0 cached offsets and 0 cached groups. (kafka.coordinator.group.GroupMetadataManager)
[2021-05-15 19:53:24,912] INFO [GroupMetadataManager brokerId=1] Scheduling unloading of offsets and group metadata from __consumer_offsets-28 (kafka.coordinator.group.GroupMetadataManager)
[2021-05-15 19:53:24,912] INFO [GroupMetadataManager brokerId=1] Finished unloading __consumer_offsets-7. Removed 0 cached offsets and 0 cached groups. (kafka.coordinator.group.GroupMetadataManager)
[2021-05-15 19:53:24,913] INFO [GroupMetadataManager brokerId=1] Finished unloading __consumer_offsets-39. Removed 0 cached offsets and 0 cached groups. (kafka.coordinator.group.GroupMetadataManager)
[2021-05-15 19:53:24,913] INFO [GroupMetadataManager brokerId=1] Finished unloading __consumer_offsets-9. Removed 0 cached offsets and 0 cached groups. (kafka.coordinator.group.GroupMetadataManager)
[2021-05-15 19:53:24,915] INFO [GroupMetadataManager brokerId=1] Finished unloading __consumer_offsets-42. Removed 0 cached offsets and 0 cached groups. (kafka.coordinator.group.GroupMetadataManager)
[2021-05-15 19:53:24,920] INFO [GroupMetadataManager brokerId=1] Finished unloading __consumer_offsets-29. Removed 0 cached offsets and 0 cached groups. (kafka.coordinator.group.GroupMetadataManager)
[2021-05-15 19:53:24,920] INFO [GroupMetadataManager brokerId=1] Finished unloading __consumer_offsets-12. Removed 0 cached offsets and 0 cached groups. (kafka.coordinator.group.GroupMetadataManager)
[2021-05-15 19:53:24,921] INFO [GroupMetadataManager brokerId=1] Finished unloading __consumer_offsets-33. Removed 0 cached offsets and 0 cached groups. (kafka.coordinator.group.GroupMetadataManager)
[2021-05-15 19:53:24,922] INFO [GroupMetadataManager brokerId=1] Finished unloading __consumer_offsets-48. Removed 0 cached offsets and 0 cached groups. (kafka.coordinator.group.GroupMetadataManager)
[2021-05-15 19:53:24,922] INFO [GroupMetadataManager brokerId=1] Finished unloading __consumer_offsets-34. Removed 0 cached offsets and 0 cached groups. (kafka.coordinator.group.GroupMetadataManager)
[2021-05-15 19:53:24,923] INFO [GroupMetadataManager brokerId=1] Finished unloading __consumer_offsets-4. Removed 0 cached offsets and 0 cached groups. (kafka.coordinator.group.GroupMetadataManager)
[2021-05-15 19:53:24,923] INFO [GroupMetadataManager brokerId=1] Finished unloading __consumer_offsets-23. Removed 0 cached offsets and 0 cached groups. (kafka.coordinator.group.GroupMetadataManager)
[2021-05-15 19:53:24,924] INFO [GroupMetadataManager brokerId=1] Finished unloading __consumer_offsets-43. Removed 0 cached offsets and 0 cached groups. (kafka.coordinator.group.GroupMetadataManager)
[2021-05-15 19:53:24,924] INFO [GroupMetadataManager brokerId=1] Finished unloading __consumer_offsets-13. Removed 0 cached offsets and 0 cached groups. (kafka.coordinator.group.GroupMetadataManager)
[2021-05-15 19:53:24,924] INFO [GroupMetadataManager brokerId=1] Finished unloading __consumer_offsets-28. Removed 0 cached offsets and 0 cached groups. (kafka.coordinator.group.GroupMetadataManager)
