[2021-05-15 18:14:50,245] DEBUG preRegister called. Server=com.sun.jmx.mbeanserver.JmxMBeanServer@b065c63, name=log4j:logger=kafka.controller (kafka.controller)
[2021-05-15 18:16:44,827] DEBUG preRegister called. Server=com.sun.jmx.mbeanserver.JmxMBeanServer@b065c63, name=log4j:logger=kafka.controller (kafka.controller)
[2021-05-15 18:19:35,840] DEBUG preRegister called. Server=com.sun.jmx.mbeanserver.JmxMBeanServer@b065c63, name=log4j:logger=kafka.controller (kafka.controller)
[2021-05-15 18:22:53,155] DEBUG preRegister called. Server=com.sun.jmx.mbeanserver.JmxMBeanServer@b065c63, name=log4j:logger=kafka.controller (kafka.controller)
[2021-05-15 18:24:50,976] DEBUG preRegister called. Server=com.sun.jmx.mbeanserver.JmxMBeanServer@b065c63, name=log4j:logger=kafka.controller (kafka.controller)
[2021-05-15 18:25:12,900] DEBUG preRegister called. Server=com.sun.jmx.mbeanserver.JmxMBeanServer@b065c63, name=log4j:logger=kafka.controller (kafka.controller)
[2021-05-15 18:28:08,405] INFO [ControllerEventThread controllerId=0] Starting (kafka.controller.ControllerEventManager$ControllerEventThread)
[2021-05-15 18:28:08,453] INFO [Controller id=0] 0 successfully elected as the controller. Epoch incremented to 1 and epoch zk version is now 1 (kafka.controller.KafkaController)
[2021-05-15 18:28:08,521] INFO [Controller id=0] Creating FeatureZNode at path: /feature with contents: FeatureZNode(Enabled,Features{}) (kafka.controller.KafkaController)
[2021-05-15 18:28:08,711] INFO [Controller id=0] Registering handlers (kafka.controller.KafkaController)
[2021-05-15 18:28:08,717] INFO [Controller id=0] Deleting log dir event notifications (kafka.controller.KafkaController)
[2021-05-15 18:28:08,722] INFO [Controller id=0] Deleting isr change notifications (kafka.controller.KafkaController)
[2021-05-15 18:28:08,725] INFO [Controller id=0] Initializing controller context (kafka.controller.KafkaController)
[2021-05-15 18:28:08,749] INFO [Controller id=0] Initialized broker epochs cache: HashMap(0 -> 43) (kafka.controller.KafkaController)
[2021-05-15 18:28:08,755] DEBUG [Controller id=0] Register BrokerModifications handler for Set(0) (kafka.controller.KafkaController)
[2021-05-15 18:28:08,787] DEBUG [Channel manager on controller 0]: Controller 0 trying to connect to broker 0 (kafka.controller.ControllerChannelManager)
[2021-05-15 18:28:08,798] INFO [RequestSendThread controllerId=0] Starting (kafka.controller.RequestSendThread)
[2021-05-15 18:28:08,800] INFO [Controller id=0] Currently active brokers in the cluster: Set(0) (kafka.controller.KafkaController)
[2021-05-15 18:28:08,801] INFO [Controller id=0] Currently shutting brokers in the cluster: HashSet() (kafka.controller.KafkaController)
[2021-05-15 18:28:08,801] INFO [Controller id=0] Current list of topics in the cluster: HashSet() (kafka.controller.KafkaController)
[2021-05-15 18:28:08,802] INFO [Controller id=0] Fetching topic deletions in progress (kafka.controller.KafkaController)
[2021-05-15 18:28:08,805] INFO [Controller id=0] List of topics to be deleted:  (kafka.controller.KafkaController)
[2021-05-15 18:28:08,806] INFO [Controller id=0] List of topics ineligible for deletion:  (kafka.controller.KafkaController)
[2021-05-15 18:28:08,807] INFO [Controller id=0] Initializing topic deletion manager (kafka.controller.KafkaController)
[2021-05-15 18:28:08,807] INFO [Topic Deletion Manager 0] Initializing manager with initial deletions: Set(), initial ineligible deletions: HashSet() (kafka.controller.TopicDeletionManager)
[2021-05-15 18:28:08,808] INFO [Topic Deletion Manager 0] Removing Set() since delete topic is disabled (kafka.controller.TopicDeletionManager)
[2021-05-15 18:28:08,813] INFO [Controller id=0] Sending update metadata request (kafka.controller.KafkaController)
[2021-05-15 18:28:08,844] INFO [ReplicaStateMachine controllerId=0] Initializing replica state (kafka.controller.ZkReplicaStateMachine)
[2021-05-15 18:28:08,845] INFO [ReplicaStateMachine controllerId=0] Triggering online replica state changes (kafka.controller.ZkReplicaStateMachine)
[2021-05-15 18:28:08,893] INFO [ReplicaStateMachine controllerId=0] Triggering offline replica state changes (kafka.controller.ZkReplicaStateMachine)
[2021-05-15 18:28:08,903] DEBUG [ReplicaStateMachine controllerId=0] Started replica state machine with initial state -> HashMap() (kafka.controller.ZkReplicaStateMachine)
[2021-05-15 18:28:08,904] INFO [PartitionStateMachine controllerId=0] Initializing partition state (kafka.controller.ZkPartitionStateMachine)
[2021-05-15 18:28:08,905] INFO [PartitionStateMachine controllerId=0] Triggering online partition state changes (kafka.controller.ZkPartitionStateMachine)
[2021-05-15 18:28:08,908] INFO [RequestSendThread controllerId=0] Controller 0 connected to DESKTOP-OJISSPF.localdomain:9092 (id: 0 rack: null) for sending state change requests (kafka.controller.RequestSendThread)
[2021-05-15 18:28:08,917] DEBUG [PartitionStateMachine controllerId=0] Started partition state machine with initial state -> HashMap() (kafka.controller.ZkPartitionStateMachine)
[2021-05-15 18:28:08,917] INFO [Controller id=0] Ready to serve as the new controller with epoch 1 (kafka.controller.KafkaController)
[2021-05-15 18:28:08,933] INFO [Controller id=0] Partitions undergoing preferred replica election:  (kafka.controller.KafkaController)
[2021-05-15 18:28:08,937] INFO [Controller id=0] Partitions that completed preferred replica election:  (kafka.controller.KafkaController)
[2021-05-15 18:28:08,938] INFO [Controller id=0] Skipping preferred replica election for partitions due to topic deletion:  (kafka.controller.KafkaController)
[2021-05-15 18:28:08,944] INFO [Controller id=0] Resuming preferred replica election for partitions:  (kafka.controller.KafkaController)
[2021-05-15 18:28:08,950] INFO [Controller id=0] Starting replica leader election (PREFERRED) for partitions  triggered by ZkTriggered (kafka.controller.KafkaController)
[2021-05-15 18:28:09,006] INFO [Controller id=0] Starting the controller scheduler (kafka.controller.KafkaController)
[2021-05-15 18:28:14,022] INFO [Controller id=0] Processing automatic preferred replica leader election (kafka.controller.KafkaController)
[2021-05-15 18:28:14,023] TRACE [Controller id=0] Checking need to trigger auto leader balancing (kafka.controller.KafkaController)
[2021-05-15 18:29:07,039] INFO [Controller id=0] New topics: [Set(Sensors)], deleted topics: [HashSet()], new partition replica assignment [Map(Sensors-0 -> ReplicaAssignment(replicas=0, addingReplicas=, removingReplicas=))] (kafka.controller.KafkaController)
[2021-05-15 18:29:07,039] INFO [Controller id=0] New partition creation callback for Sensors-0 (kafka.controller.KafkaController)
[2021-05-15 18:33:14,027] INFO [Controller id=0] Processing automatic preferred replica leader election (kafka.controller.KafkaController)
[2021-05-15 18:33:14,029] TRACE [Controller id=0] Checking need to trigger auto leader balancing (kafka.controller.KafkaController)
[2021-05-15 18:33:14,034] DEBUG [Controller id=0] Topics not in preferred replica for broker 0 Map() (kafka.controller.KafkaController)
[2021-05-15 18:33:14,038] TRACE [Controller id=0] Leader imbalance ratio for broker 0 is 0.0 (kafka.controller.KafkaController)
[2021-05-15 18:35:27,359] DEBUG preRegister called. Server=com.sun.jmx.mbeanserver.JmxMBeanServer@b065c63, name=log4j:logger=kafka.controller (kafka.controller)
[2021-05-15 18:35:28,686] INFO [Controller id=0] Shutting down broker 0 (kafka.controller.KafkaController)
[2021-05-15 18:35:28,686] DEBUG [Controller id=0] All shutting down brokers: 0 (kafka.controller.KafkaController)
[2021-05-15 18:35:28,687] DEBUG [Controller id=0] Live brokers:  (kafka.controller.KafkaController)
[2021-05-15 18:35:28,691] TRACE [Controller id=0] All leaders = Sensors-0 -> (Leader:0,ISR:0,LeaderEpoch:0,ControllerEpoch:1) (kafka.controller.KafkaController)
[2021-05-15 18:35:29,738] INFO [ControllerEventThread controllerId=0] Shutting down (kafka.controller.ControllerEventManager$ControllerEventThread)
[2021-05-15 18:35:29,739] INFO [ControllerEventThread controllerId=0] Shutdown completed (kafka.controller.ControllerEventManager$ControllerEventThread)
[2021-05-15 18:35:29,739] INFO [ControllerEventThread controllerId=0] Stopped (kafka.controller.ControllerEventManager$ControllerEventThread)
[2021-05-15 18:35:29,741] DEBUG [Controller id=0] Resigning (kafka.controller.KafkaController)
[2021-05-15 18:35:29,742] DEBUG [Controller id=0] Unregister BrokerModifications handler for Set(0) (kafka.controller.KafkaController)
[2021-05-15 18:35:29,746] INFO [PartitionStateMachine controllerId=0] Stopped partition state machine (kafka.controller.ZkPartitionStateMachine)
[2021-05-15 18:35:29,747] INFO [ReplicaStateMachine controllerId=0] Stopped replica state machine (kafka.controller.ZkReplicaStateMachine)
[2021-05-15 18:35:29,748] INFO [RequestSendThread controllerId=0] Shutting down (kafka.controller.RequestSendThread)
[2021-05-15 18:35:29,749] INFO [RequestSendThread controllerId=0] Shutdown completed (kafka.controller.RequestSendThread)
[2021-05-15 18:35:29,749] INFO [RequestSendThread controllerId=0] Stopped (kafka.controller.RequestSendThread)
[2021-05-15 18:35:29,755] INFO [Controller id=0] Resigned (kafka.controller.KafkaController)
[2021-05-15 18:38:47,990] DEBUG preRegister called. Server=com.sun.jmx.mbeanserver.JmxMBeanServer@b065c63, name=log4j:logger=kafka.controller (kafka.controller)
[2021-05-15 18:44:05,786] DEBUG preRegister called. Server=com.sun.jmx.mbeanserver.JmxMBeanServer@b065c63, name=log4j:logger=kafka.controller (kafka.controller)
[2021-05-15 18:45:02,663] DEBUG preRegister called. Server=com.sun.jmx.mbeanserver.JmxMBeanServer@b065c63, name=log4j:logger=kafka.controller (kafka.controller)
[2021-05-15 18:45:10,674] INFO [ControllerEventThread controllerId=0] Starting (kafka.controller.ControllerEventManager$ControllerEventThread)
[2021-05-15 18:45:10,743] INFO [Controller id=0] 0 successfully elected as the controller. Epoch incremented to 2 and epoch zk version is now 2 (kafka.controller.KafkaController)
[2021-05-15 18:45:10,746] INFO [Controller id=0] Registering handlers (kafka.controller.KafkaController)
[2021-05-15 18:45:10,751] INFO [Controller id=0] Deleting log dir event notifications (kafka.controller.KafkaController)
[2021-05-15 18:45:10,755] INFO [Controller id=0] Deleting isr change notifications (kafka.controller.KafkaController)
[2021-05-15 18:45:10,758] INFO [Controller id=0] Initializing controller context (kafka.controller.KafkaController)
[2021-05-15 18:45:10,773] INFO [Controller id=0] Initialized broker epochs cache: HashMap(0 -> 70) (kafka.controller.KafkaController)
[2021-05-15 18:45:10,786] DEBUG [Controller id=0] Register BrokerModifications handler for Set(0) (kafka.controller.KafkaController)
[2021-05-15 18:45:10,801] DEBUG [Channel manager on controller 0]: Controller 0 trying to connect to broker 0 (kafka.controller.ControllerChannelManager)
[2021-05-15 18:45:10,818] INFO [RequestSendThread controllerId=0] Starting (kafka.controller.RequestSendThread)
[2021-05-15 18:45:10,821] INFO [Controller id=0] Currently active brokers in the cluster: Set(0) (kafka.controller.KafkaController)
[2021-05-15 18:45:10,822] INFO [Controller id=0] Currently shutting brokers in the cluster: HashSet() (kafka.controller.KafkaController)
[2021-05-15 18:45:10,822] INFO [Controller id=0] Current list of topics in the cluster: HashSet(Sensors) (kafka.controller.KafkaController)
[2021-05-15 18:45:10,823] INFO [Controller id=0] Fetching topic deletions in progress (kafka.controller.KafkaController)
[2021-05-15 18:45:10,830] INFO [Controller id=0] List of topics to be deleted:  (kafka.controller.KafkaController)
[2021-05-15 18:45:10,831] INFO [Controller id=0] List of topics ineligible for deletion:  (kafka.controller.KafkaController)
[2021-05-15 18:45:10,832] INFO [Controller id=0] Initializing topic deletion manager (kafka.controller.KafkaController)
[2021-05-15 18:45:10,833] INFO [Topic Deletion Manager 0] Initializing manager with initial deletions: Set(), initial ineligible deletions: HashSet() (kafka.controller.TopicDeletionManager)
[2021-05-15 18:45:10,833] INFO [Topic Deletion Manager 0] Removing Set() since delete topic is disabled (kafka.controller.TopicDeletionManager)
[2021-05-15 18:45:10,834] INFO [Controller id=0] Sending update metadata request (kafka.controller.KafkaController)
[2021-05-15 18:45:10,862] INFO [ReplicaStateMachine controllerId=0] Initializing replica state (kafka.controller.ZkReplicaStateMachine)
[2021-05-15 18:45:10,876] INFO [ReplicaStateMachine controllerId=0] Triggering online replica state changes (kafka.controller.ZkReplicaStateMachine)
[2021-05-15 18:45:10,898] INFO [RequestSendThread controllerId=0] Controller 0 connected to localhost:9092 (id: 0 rack: null) for sending state change requests (kafka.controller.RequestSendThread)
[2021-05-15 18:45:10,898] INFO [ReplicaStateMachine controllerId=0] Triggering offline replica state changes (kafka.controller.ZkReplicaStateMachine)
[2021-05-15 18:45:10,903] DEBUG [ReplicaStateMachine controllerId=0] Started replica state machine with initial state -> HashMap([Topic=Sensors,Partition=0,Replica=0] -> OnlineReplica) (kafka.controller.ZkReplicaStateMachine)
[2021-05-15 18:45:10,919] INFO [PartitionStateMachine controllerId=0] Initializing partition state (kafka.controller.ZkPartitionStateMachine)
[2021-05-15 18:45:10,939] INFO [PartitionStateMachine controllerId=0] Triggering online partition state changes (kafka.controller.ZkPartitionStateMachine)
[2021-05-15 18:45:10,947] DEBUG [PartitionStateMachine controllerId=0] Started partition state machine with initial state -> HashMap(Sensors-0 -> OnlinePartition) (kafka.controller.ZkPartitionStateMachine)
[2021-05-15 18:45:10,948] INFO [Controller id=0] Ready to serve as the new controller with epoch 2 (kafka.controller.KafkaController)
[2021-05-15 18:45:10,960] INFO [Controller id=0] Partitions undergoing preferred replica election:  (kafka.controller.KafkaController)
[2021-05-15 18:45:10,961] INFO [Controller id=0] Partitions that completed preferred replica election:  (kafka.controller.KafkaController)
[2021-05-15 18:45:10,961] INFO [Controller id=0] Skipping preferred replica election for partitions due to topic deletion:  (kafka.controller.KafkaController)
[2021-05-15 18:45:10,962] INFO [Controller id=0] Resuming preferred replica election for partitions:  (kafka.controller.KafkaController)
[2021-05-15 18:45:10,964] INFO [Controller id=0] Starting replica leader election (PREFERRED) for partitions  triggered by ZkTriggered (kafka.controller.KafkaController)
[2021-05-15 18:45:11,004] INFO [Controller id=0] Starting the controller scheduler (kafka.controller.KafkaController)
[2021-05-15 18:45:16,006] INFO [Controller id=0] Processing automatic preferred replica leader election (kafka.controller.KafkaController)
[2021-05-15 18:45:16,007] TRACE [Controller id=0] Checking need to trigger auto leader balancing (kafka.controller.KafkaController)
[2021-05-15 18:45:16,012] DEBUG [Controller id=0] Topics not in preferred replica for broker 0 Map() (kafka.controller.KafkaController)
[2021-05-15 18:45:16,013] TRACE [Controller id=0] Leader imbalance ratio for broker 0 is 0.0 (kafka.controller.KafkaController)
[2021-05-15 18:46:30,257] INFO [Controller id=0] Shutting down broker 0 (kafka.controller.KafkaController)
[2021-05-15 18:46:30,258] DEBUG [Controller id=0] All shutting down brokers: 0 (kafka.controller.KafkaController)
[2021-05-15 18:46:30,258] DEBUG [Controller id=0] Live brokers:  (kafka.controller.KafkaController)
[2021-05-15 18:46:30,263] TRACE [Controller id=0] All leaders = Sensors-0 -> (Leader:0,ISR:0,LeaderEpoch:0,ControllerEpoch:1) (kafka.controller.KafkaController)
[2021-05-15 18:46:31,399] INFO [ControllerEventThread controllerId=0] Shutting down (kafka.controller.ControllerEventManager$ControllerEventThread)
[2021-05-15 18:46:31,400] INFO [ControllerEventThread controllerId=0] Shutdown completed (kafka.controller.ControllerEventManager$ControllerEventThread)
[2021-05-15 18:46:31,400] INFO [ControllerEventThread controllerId=0] Stopped (kafka.controller.ControllerEventManager$ControllerEventThread)
[2021-05-15 18:46:31,401] DEBUG [Controller id=0] Resigning (kafka.controller.KafkaController)
[2021-05-15 18:46:31,402] DEBUG [Controller id=0] Unregister BrokerModifications handler for Set(0) (kafka.controller.KafkaController)
[2021-05-15 18:46:31,423] INFO [PartitionStateMachine controllerId=0] Stopped partition state machine (kafka.controller.ZkPartitionStateMachine)
[2021-05-15 18:46:31,425] INFO [ReplicaStateMachine controllerId=0] Stopped replica state machine (kafka.controller.ZkReplicaStateMachine)
[2021-05-15 18:46:31,426] INFO [RequestSendThread controllerId=0] Shutting down (kafka.controller.RequestSendThread)
[2021-05-15 18:46:31,426] INFO [RequestSendThread controllerId=0] Shutdown completed (kafka.controller.RequestSendThread)
[2021-05-15 18:46:31,426] INFO [RequestSendThread controllerId=0] Stopped (kafka.controller.RequestSendThread)
[2021-05-15 18:46:31,431] INFO [Controller id=0] Resigned (kafka.controller.KafkaController)
[2021-05-15 18:48:40,510] DEBUG preRegister called. Server=com.sun.jmx.mbeanserver.JmxMBeanServer@b065c63, name=log4j:logger=kafka.controller (kafka.controller)
[2021-05-15 18:48:48,205] INFO [ControllerEventThread controllerId=0] Starting (kafka.controller.ControllerEventManager$ControllerEventThread)
[2021-05-15 18:48:48,269] INFO [Controller id=0] 0 successfully elected as the controller. Epoch incremented to 3 and epoch zk version is now 3 (kafka.controller.KafkaController)
[2021-05-15 18:48:48,274] INFO [Controller id=0] Registering handlers (kafka.controller.KafkaController)
[2021-05-15 18:48:48,291] INFO [Controller id=0] Deleting log dir event notifications (kafka.controller.KafkaController)
[2021-05-15 18:48:48,297] INFO [Controller id=0] Deleting isr change notifications (kafka.controller.KafkaController)
[2021-05-15 18:48:48,315] INFO [Controller id=0] Initializing controller context (kafka.controller.KafkaController)
[2021-05-15 18:48:48,341] INFO [Controller id=0] Initialized broker epochs cache: HashMap(0 -> 89) (kafka.controller.KafkaController)
[2021-05-15 18:48:48,363] DEBUG [Controller id=0] Register BrokerModifications handler for Set(0) (kafka.controller.KafkaController)
[2021-05-15 18:48:48,382] DEBUG [Channel manager on controller 0]: Controller 0 trying to connect to broker 0 (kafka.controller.ControllerChannelManager)
[2021-05-15 18:48:48,406] INFO [RequestSendThread controllerId=0] Starting (kafka.controller.RequestSendThread)
[2021-05-15 18:48:48,410] INFO [Controller id=0] Currently active brokers in the cluster: Set(0) (kafka.controller.KafkaController)
[2021-05-15 18:48:48,411] INFO [Controller id=0] Currently shutting brokers in the cluster: HashSet() (kafka.controller.KafkaController)
[2021-05-15 18:48:48,411] INFO [Controller id=0] Current list of topics in the cluster: HashSet(Sensors) (kafka.controller.KafkaController)
[2021-05-15 18:48:48,412] INFO [Controller id=0] Fetching topic deletions in progress (kafka.controller.KafkaController)
[2021-05-15 18:48:48,418] INFO [Controller id=0] List of topics to be deleted:  (kafka.controller.KafkaController)
[2021-05-15 18:48:48,419] INFO [Controller id=0] List of topics ineligible for deletion:  (kafka.controller.KafkaController)
[2021-05-15 18:48:48,420] INFO [Controller id=0] Initializing topic deletion manager (kafka.controller.KafkaController)
[2021-05-15 18:48:48,421] INFO [Topic Deletion Manager 0] Initializing manager with initial deletions: Set(), initial ineligible deletions: HashSet() (kafka.controller.TopicDeletionManager)
[2021-05-15 18:48:48,422] INFO [Topic Deletion Manager 0] Removing Set() since delete topic is disabled (kafka.controller.TopicDeletionManager)
[2021-05-15 18:48:48,423] INFO [Controller id=0] Sending update metadata request (kafka.controller.KafkaController)
[2021-05-15 18:48:48,453] INFO [ReplicaStateMachine controllerId=0] Initializing replica state (kafka.controller.ZkReplicaStateMachine)
[2021-05-15 18:48:48,464] INFO [ReplicaStateMachine controllerId=0] Triggering online replica state changes (kafka.controller.ZkReplicaStateMachine)
[2021-05-15 18:48:48,485] INFO [ReplicaStateMachine controllerId=0] Triggering offline replica state changes (kafka.controller.ZkReplicaStateMachine)
[2021-05-15 18:48:48,491] DEBUG [ReplicaStateMachine controllerId=0] Started replica state machine with initial state -> HashMap([Topic=Sensors,Partition=0,Replica=0] -> OnlineReplica) (kafka.controller.ZkReplicaStateMachine)
[2021-05-15 18:48:48,501] INFO [PartitionStateMachine controllerId=0] Initializing partition state (kafka.controller.ZkPartitionStateMachine)
[2021-05-15 18:48:48,506] INFO [RequestSendThread controllerId=0] Controller 0 connected to localhost:9092 (id: 0 rack: null) for sending state change requests (kafka.controller.RequestSendThread)
[2021-05-15 18:48:48,512] INFO [PartitionStateMachine controllerId=0] Triggering online partition state changes (kafka.controller.ZkPartitionStateMachine)
[2021-05-15 18:48:48,517] DEBUG [PartitionStateMachine controllerId=0] Started partition state machine with initial state -> HashMap(Sensors-0 -> OnlinePartition) (kafka.controller.ZkPartitionStateMachine)
[2021-05-15 18:48:48,518] INFO [Controller id=0] Ready to serve as the new controller with epoch 3 (kafka.controller.KafkaController)
[2021-05-15 18:48:48,528] INFO [Controller id=0] Partitions undergoing preferred replica election:  (kafka.controller.KafkaController)
[2021-05-15 18:48:48,529] INFO [Controller id=0] Partitions that completed preferred replica election:  (kafka.controller.KafkaController)
[2021-05-15 18:48:48,529] INFO [Controller id=0] Skipping preferred replica election for partitions due to topic deletion:  (kafka.controller.KafkaController)
[2021-05-15 18:48:48,530] INFO [Controller id=0] Resuming preferred replica election for partitions:  (kafka.controller.KafkaController)
[2021-05-15 18:48:48,539] INFO [Controller id=0] Starting replica leader election (PREFERRED) for partitions  triggered by ZkTriggered (kafka.controller.KafkaController)
[2021-05-15 18:48:48,627] INFO [Controller id=0] Starting the controller scheduler (kafka.controller.KafkaController)
[2021-05-15 18:48:53,629] INFO [Controller id=0] Processing automatic preferred replica leader election (kafka.controller.KafkaController)
[2021-05-15 18:48:53,631] TRACE [Controller id=0] Checking need to trigger auto leader balancing (kafka.controller.KafkaController)
[2021-05-15 18:48:53,634] DEBUG [Controller id=0] Topics not in preferred replica for broker 0 Map() (kafka.controller.KafkaController)
[2021-05-15 18:48:53,635] TRACE [Controller id=0] Leader imbalance ratio for broker 0 is 0.0 (kafka.controller.KafkaController)
[2021-05-15 18:48:53,841] INFO [Controller id=0] Newly added brokers: 1, deleted brokers: , bounced brokers: , all live brokers: 0,1 (kafka.controller.KafkaController)
[2021-05-15 18:48:53,842] DEBUG [Channel manager on controller 0]: Controller 0 trying to connect to broker 1 (kafka.controller.ControllerChannelManager)
[2021-05-15 18:48:53,847] INFO [Controller id=0] New broker startup callback for 1 (kafka.controller.KafkaController)
[2021-05-15 18:48:53,856] DEBUG [Controller id=0] Register BrokerModifications handler for List(1) (kafka.controller.KafkaController)
[2021-05-15 18:48:53,857] INFO [RequestSendThread controllerId=0] Starting (kafka.controller.RequestSendThread)
[2021-05-15 18:48:53,862] INFO [RequestSendThread controllerId=0] Controller 0 connected to DESKTOP-OJISSPF.localdomain:9093 (id: 1 rack: null) for sending state change requests (kafka.controller.RequestSendThread)
[2021-05-15 18:48:53,867] INFO [Controller id=0] Updated broker epochs cache: HashMap(0 -> 89, 1 -> 107) (kafka.controller.KafkaController)
[2021-05-15 18:48:53,976] INFO [ControllerEventThread controllerId=1] Starting (kafka.controller.ControllerEventManager$ControllerEventThread)
[2021-05-15 18:48:54,040] DEBUG [Controller id=1] Broker 0 has been elected as the controller, so stopping the election process. (kafka.controller.KafkaController)
[2021-05-15 18:49:00,164] INFO [Controller id=0] Newly added brokers: 2, deleted brokers: , bounced brokers: , all live brokers: 0,1,2 (kafka.controller.KafkaController)
[2021-05-15 18:49:00,166] DEBUG [Channel manager on controller 0]: Controller 0 trying to connect to broker 2 (kafka.controller.ControllerChannelManager)
[2021-05-15 18:49:00,186] INFO [RequestSendThread controllerId=0] Starting (kafka.controller.RequestSendThread)
[2021-05-15 18:49:00,190] INFO [Controller id=0] New broker startup callback for 2 (kafka.controller.KafkaController)
[2021-05-15 18:49:00,200] DEBUG [Controller id=0] Register BrokerModifications handler for List(2) (kafka.controller.KafkaController)
[2021-05-15 18:49:00,208] INFO [RequestSendThread controllerId=0] Controller 0 connected to DESKTOP-OJISSPF.localdomain:9094 (id: 2 rack: null) for sending state change requests (kafka.controller.RequestSendThread)
[2021-05-15 18:49:00,210] INFO [Controller id=0] Updated broker epochs cache: HashMap(0 -> 89, 1 -> 107, 2 -> 123) (kafka.controller.KafkaController)
[2021-05-15 18:49:00,306] INFO [ControllerEventThread controllerId=2] Starting (kafka.controller.ControllerEventManager$ControllerEventThread)
[2021-05-15 18:49:00,367] DEBUG [Controller id=2] Broker 0 has been elected as the controller, so stopping the election process. (kafka.controller.KafkaController)
[2021-05-15 18:49:07,817] INFO [Controller id=0] Newly added brokers: 3, deleted brokers: , bounced brokers: , all live brokers: 0,1,2,3 (kafka.controller.KafkaController)
[2021-05-15 18:49:07,822] DEBUG [Channel manager on controller 0]: Controller 0 trying to connect to broker 3 (kafka.controller.ControllerChannelManager)
[2021-05-15 18:49:07,847] INFO [RequestSendThread controllerId=0] Starting (kafka.controller.RequestSendThread)
[2021-05-15 18:49:07,850] INFO [Controller id=0] New broker startup callback for 3 (kafka.controller.KafkaController)
[2021-05-15 18:49:07,881] DEBUG [Controller id=0] Register BrokerModifications handler for List(3) (kafka.controller.KafkaController)
[2021-05-15 18:49:07,886] INFO [RequestSendThread controllerId=0] Controller 0 connected to DESKTOP-OJISSPF.localdomain:9095 (id: 3 rack: null) for sending state change requests (kafka.controller.RequestSendThread)
[2021-05-15 18:49:07,900] INFO [Controller id=0] Updated broker epochs cache: HashMap(0 -> 89, 1 -> 107, 2 -> 123, 3 -> 139) (kafka.controller.KafkaController)
[2021-05-15 18:49:08,053] INFO [ControllerEventThread controllerId=3] Starting (kafka.controller.ControllerEventManager$ControllerEventThread)
[2021-05-15 18:49:08,316] DEBUG [Controller id=3] Broker 0 has been elected as the controller, so stopping the election process. (kafka.controller.KafkaController)
[2021-05-15 18:49:16,866] INFO [Controller id=0] Newly added brokers: 4, deleted brokers: , bounced brokers: , all live brokers: 0,1,2,3,4 (kafka.controller.KafkaController)
[2021-05-15 18:49:16,871] DEBUG [Channel manager on controller 0]: Controller 0 trying to connect to broker 4 (kafka.controller.ControllerChannelManager)
[2021-05-15 18:49:16,973] INFO [RequestSendThread controllerId=0] Starting (kafka.controller.RequestSendThread)
[2021-05-15 18:49:17,025] INFO [Controller id=0] New broker startup callback for 4 (kafka.controller.KafkaController)
[2021-05-15 18:49:17,064] DEBUG [Controller id=0] Register BrokerModifications handler for List(4) (kafka.controller.KafkaController)
[2021-05-15 18:49:17,067] INFO [Controller id=0] Updated broker epochs cache: HashMap(0 -> 89, 1 -> 107, 2 -> 123, 3 -> 139, 4 -> 155) (kafka.controller.KafkaController)
[2021-05-15 18:49:17,123] INFO [RequestSendThread controllerId=0] Controller 0 connected to DESKTOP-OJISSPF.localdomain:9096 (id: 4 rack: null) for sending state change requests (kafka.controller.RequestSendThread)
[2021-05-15 18:49:17,120] INFO [ControllerEventThread controllerId=4] Starting (kafka.controller.ControllerEventManager$ControllerEventThread)
[2021-05-15 18:49:17,301] DEBUG [Controller id=4] Broker 0 has been elected as the controller, so stopping the election process. (kafka.controller.KafkaController)
[2021-05-15 18:49:22,252] INFO [Controller id=0] Newly added brokers: 5, deleted brokers: , bounced brokers: , all live brokers: 0,1,2,3,4,5 (kafka.controller.KafkaController)
[2021-05-15 18:49:22,255] DEBUG [Channel manager on controller 0]: Controller 0 trying to connect to broker 5 (kafka.controller.ControllerChannelManager)
[2021-05-15 18:49:22,302] INFO [ControllerEventThread controllerId=5] Starting (kafka.controller.ControllerEventManager$ControllerEventThread)
[2021-05-15 18:49:22,373] DEBUG [Controller id=5] Broker 0 has been elected as the controller, so stopping the election process. (kafka.controller.KafkaController)
[2021-05-15 18:49:22,397] INFO [Controller id=0] New broker startup callback for 5 (kafka.controller.KafkaController)
[2021-05-15 18:49:22,398] INFO [RequestSendThread controllerId=0] Starting (kafka.controller.RequestSendThread)
[2021-05-15 18:49:22,488] DEBUG [Controller id=0] Register BrokerModifications handler for List(5) (kafka.controller.KafkaController)
[2021-05-15 18:49:22,492] INFO [RequestSendThread controllerId=0] Controller 0 connected to DESKTOP-OJISSPF.localdomain:9097 (id: 5 rack: null) for sending state change requests (kafka.controller.RequestSendThread)
[2021-05-15 18:49:22,497] INFO [Controller id=0] Updated broker epochs cache: HashMap(0 -> 89, 1 -> 107, 2 -> 123, 3 -> 139, 4 -> 155, 5 -> 171) (kafka.controller.KafkaController)
[2021-05-15 18:49:39,517] INFO [Controller id=0] New topics: [Set(Sensor)], deleted topics: [HashSet()], new partition replica assignment [HashMap(Sensor-0 -> ReplicaAssignment(replicas=2,1,4, addingReplicas=, removingReplicas=), Sensor-5 -> ReplicaAssignment(replicas=4,5,1, addingReplicas=, removingReplicas=), Sensor-2 -> ReplicaAssignment(replicas=0,2,3, addingReplicas=, removingReplicas=), Sensor-3 -> ReplicaAssignment(replicas=5,3,0, addingReplicas=, removingReplicas=), Sensor-1 -> ReplicaAssignment(replicas=3,4,2, addingReplicas=, removingReplicas=), Sensor-4 -> ReplicaAssignment(replicas=1,0,5, addingReplicas=, removingReplicas=))] (kafka.controller.KafkaController)
[2021-05-15 18:49:39,522] INFO [Controller id=0] New partition creation callback for Sensor-0,Sensor-5,Sensor-2,Sensor-3,Sensor-1,Sensor-4 (kafka.controller.KafkaController)
[2021-05-15 18:51:05,044] INFO [Controller id=0] Shutting down broker 1 (kafka.controller.KafkaController)
[2021-05-15 18:51:05,057] DEBUG [Controller id=0] All shutting down brokers: 1 (kafka.controller.KafkaController)
[2021-05-15 18:51:05,065] DEBUG [Controller id=0] Live brokers: 0,5,2,3,4 (kafka.controller.KafkaController)
[2021-05-15 18:51:05,425] TRACE [Controller id=0] All leaders = Sensor-4 -> (Leader:0,ISR:0,5,LeaderEpoch:1,ControllerEpoch:3),Sensor-5 -> (Leader:4,ISR:4,5,LeaderEpoch:1,ControllerEpoch:3),Sensors-0 -> (Leader:0,ISR:0,LeaderEpoch:0,ControllerEpoch:1),Sensor-2 -> (Leader:0,ISR:0,2,3,LeaderEpoch:0,ControllerEpoch:3),Sensor-3 -> (Leader:5,ISR:5,3,0,LeaderEpoch:0,ControllerEpoch:3),Sensor-0 -> (Leader:2,ISR:2,4,LeaderEpoch:1,ControllerEpoch:3),Sensor-1 -> (Leader:3,ISR:3,4,2,LeaderEpoch:0,ControllerEpoch:3) (kafka.controller.KafkaController)
[2021-05-15 18:51:05,511] INFO [Controller id=0] Shutting down broker 2 (kafka.controller.KafkaController)
[2021-05-15 18:51:05,514] DEBUG [Controller id=0] All shutting down brokers: 1,2 (kafka.controller.KafkaController)
[2021-05-15 18:51:05,515] DEBUG [Controller id=0] Live brokers: 0,3,4,5 (kafka.controller.KafkaController)
[2021-05-15 18:51:05,646] WARN [RequestSendThread controllerId=0] Controller 0 epoch 3 fails to send request (type=StopReplicaRequest, controllerId=0, controllerEpoch=3, brokerEpoch=107, deletePartitions=false, topicStates=StopReplicaTopicState(topicName='Sensor', partitionStates=[StopReplicaPartitionState(partitionIndex=5, leaderEpoch=0, deletePartition=false), StopReplicaPartitionState(partitionIndex=0, leaderEpoch=0, deletePartition=false)])) to broker DESKTOP-OJISSPF.localdomain:9093 (id: 1 rack: null). Reconnecting to broker. (kafka.controller.RequestSendThread)
java.io.IOException: Connection to 1 was disconnected before the response was read
	at org.apache.kafka.clients.NetworkClientUtils.sendAndReceive(NetworkClientUtils.java:100)
	at kafka.controller.RequestSendThread.doWork(ControllerChannelManager.scala:253)
	at kafka.utils.ShutdownableThread.run(ShutdownableThread.scala:96)
[2021-05-15 18:51:05,684] TRACE [Controller id=0] All leaders = Sensor-4 -> (Leader:0,ISR:0,5,LeaderEpoch:1,ControllerEpoch:3),Sensor-5 -> (Leader:4,ISR:4,5,LeaderEpoch:1,ControllerEpoch:3),Sensors-0 -> (Leader:0,ISR:0,LeaderEpoch:0,ControllerEpoch:1),Sensor-2 -> (Leader:0,ISR:0,3,LeaderEpoch:1,ControllerEpoch:3),Sensor-3 -> (Leader:5,ISR:5,3,0,LeaderEpoch:0,ControllerEpoch:3),Sensor-0 -> (Leader:4,ISR:4,LeaderEpoch:2,ControllerEpoch:3),Sensor-1 -> (Leader:3,ISR:3,4,LeaderEpoch:1,ControllerEpoch:3) (kafka.controller.KafkaController)
[2021-05-15 18:51:05,686] INFO [Controller id=0] Shutting down broker 5 (kafka.controller.KafkaController)
[2021-05-15 18:51:05,687] DEBUG [Controller id=0] All shutting down brokers: 1,2,5 (kafka.controller.KafkaController)
[2021-05-15 18:51:05,688] DEBUG [Controller id=0] Live brokers: 0,3,4 (kafka.controller.KafkaController)
[2021-05-15 18:51:05,765] WARN [RequestSendThread controllerId=0] Controller 0's connection to broker DESKTOP-OJISSPF.localdomain:9093 (id: 1 rack: null) was unsuccessful (kafka.controller.RequestSendThread)
java.io.IOException: Connection to DESKTOP-OJISSPF.localdomain:9093 (id: 1 rack: null) failed.
	at org.apache.kafka.clients.NetworkClientUtils.awaitReady(NetworkClientUtils.java:71)
	at kafka.controller.RequestSendThread.brokerReady(ControllerChannelManager.scala:292)
	at kafka.controller.RequestSendThread.doWork(ControllerChannelManager.scala:246)
	at kafka.utils.ShutdownableThread.run(ShutdownableThread.scala:96)
[2021-05-15 18:51:05,789] TRACE [Controller id=0] All leaders = Sensor-4 -> (Leader:0,ISR:0,LeaderEpoch:2,ControllerEpoch:3),Sensor-5 -> (Leader:4,ISR:4,LeaderEpoch:2,ControllerEpoch:3),Sensors-0 -> (Leader:0,ISR:0,LeaderEpoch:0,ControllerEpoch:1),Sensor-2 -> (Leader:0,ISR:0,3,LeaderEpoch:1,ControllerEpoch:3),Sensor-3 -> (Leader:3,ISR:3,0,LeaderEpoch:1,ControllerEpoch:3),Sensor-0 -> (Leader:4,ISR:4,LeaderEpoch:2,ControllerEpoch:3),Sensor-1 -> (Leader:3,ISR:3,4,LeaderEpoch:1,ControllerEpoch:3) (kafka.controller.KafkaController)
[2021-05-15 18:51:05,790] INFO [Controller id=0] Shutting down broker 4 (kafka.controller.KafkaController)
[2021-05-15 18:51:05,790] DEBUG [Controller id=0] All shutting down brokers: 1,2,4,5 (kafka.controller.KafkaController)
[2021-05-15 18:51:05,791] DEBUG [Controller id=0] Live brokers: 0,3 (kafka.controller.KafkaController)
[2021-05-15 18:51:05,789] WARN [RequestSendThread controllerId=0] Controller 0's connection to broker DESKTOP-OJISSPF.localdomain:9094 (id: 2 rack: null) was unsuccessful (kafka.controller.RequestSendThread)
java.io.IOException: Connection to DESKTOP-OJISSPF.localdomain:9094 (id: 2 rack: null) failed.
	at org.apache.kafka.clients.NetworkClientUtils.awaitReady(NetworkClientUtils.java:71)
	at kafka.controller.RequestSendThread.brokerReady(ControllerChannelManager.scala:292)
	at kafka.controller.RequestSendThread.doWork(ControllerChannelManager.scala:246)
	at kafka.utils.ShutdownableThread.run(ShutdownableThread.scala:96)
[2021-05-15 18:51:05,822] TRACE [Controller id=0] All leaders = Sensor-4 -> (Leader:0,ISR:0,LeaderEpoch:2,ControllerEpoch:3),Sensor-5 -> (Leader:4,ISR:4,LeaderEpoch:2,ControllerEpoch:3),Sensors-0 -> (Leader:0,ISR:0,LeaderEpoch:0,ControllerEpoch:1),Sensor-2 -> (Leader:0,ISR:0,3,LeaderEpoch:1,ControllerEpoch:3),Sensor-3 -> (Leader:3,ISR:3,0,LeaderEpoch:1,ControllerEpoch:3),Sensor-0 -> (Leader:4,ISR:4,LeaderEpoch:2,ControllerEpoch:3),Sensor-1 -> (Leader:3,ISR:3,LeaderEpoch:2,ControllerEpoch:3) (kafka.controller.KafkaController)
[2021-05-15 18:51:05,826] INFO [Controller id=0] Shutting down broker 0 (kafka.controller.KafkaController)
[2021-05-15 18:51:05,828] DEBUG [Controller id=0] All shutting down brokers: 0,1,2,4,5 (kafka.controller.KafkaController)
[2021-05-15 18:51:05,832] DEBUG [Controller id=0] Live brokers: 3 (kafka.controller.KafkaController)
[2021-05-15 18:51:05,857] WARN [RequestSendThread controllerId=0] Controller 0's connection to broker DESKTOP-OJISSPF.localdomain:9097 (id: 5 rack: null) was unsuccessful (kafka.controller.RequestSendThread)
java.io.IOException: Connection to DESKTOP-OJISSPF.localdomain:9097 (id: 5 rack: null) failed.
	at org.apache.kafka.clients.NetworkClientUtils.awaitReady(NetworkClientUtils.java:71)
	at kafka.controller.RequestSendThread.brokerReady(ControllerChannelManager.scala:292)
	at kafka.controller.RequestSendThread.doWork(ControllerChannelManager.scala:246)
	at kafka.utils.ShutdownableThread.run(ShutdownableThread.scala:96)
[2021-05-15 18:51:05,867] WARN [RequestSendThread controllerId=0] Controller 0's connection to broker DESKTOP-OJISSPF.localdomain:9093 (id: 1 rack: null) was unsuccessful (kafka.controller.RequestSendThread)
java.io.IOException: Connection to DESKTOP-OJISSPF.localdomain:9093 (id: 1 rack: null) failed.
	at org.apache.kafka.clients.NetworkClientUtils.awaitReady(NetworkClientUtils.java:71)
	at kafka.controller.RequestSendThread.brokerReady(ControllerChannelManager.scala:292)
	at kafka.controller.RequestSendThread.doWork(ControllerChannelManager.scala:246)
	at kafka.utils.ShutdownableThread.run(ShutdownableThread.scala:96)
[2021-05-15 18:51:05,882] TRACE [Controller id=0] All leaders = Sensor-4 -> (Leader:0,ISR:0,LeaderEpoch:2,ControllerEpoch:3),Sensor-5 -> (Leader:4,ISR:4,LeaderEpoch:2,ControllerEpoch:3),Sensors-0 -> (Leader:0,ISR:0,LeaderEpoch:0,ControllerEpoch:1),Sensor-2 -> (Leader:3,ISR:3,LeaderEpoch:2,ControllerEpoch:3),Sensor-3 -> (Leader:3,ISR:3,LeaderEpoch:2,ControllerEpoch:3),Sensor-0 -> (Leader:4,ISR:4,LeaderEpoch:2,ControllerEpoch:3),Sensor-1 -> (Leader:3,ISR:3,LeaderEpoch:2,ControllerEpoch:3) (kafka.controller.KafkaController)
[2021-05-15 18:51:05,883] INFO [Controller id=0] Shutting down broker 3 (kafka.controller.KafkaController)
[2021-05-15 18:51:05,884] DEBUG [Controller id=0] All shutting down brokers: 0,1,2,3,4,5 (kafka.controller.KafkaController)
[2021-05-15 18:51:05,884] DEBUG [Controller id=0] Live brokers:  (kafka.controller.KafkaController)
[2021-05-15 18:51:05,897] WARN [RequestSendThread controllerId=0] Controller 0's connection to broker DESKTOP-OJISSPF.localdomain:9094 (id: 2 rack: null) was unsuccessful (kafka.controller.RequestSendThread)
java.io.IOException: Connection to DESKTOP-OJISSPF.localdomain:9094 (id: 2 rack: null) failed.
	at org.apache.kafka.clients.NetworkClientUtils.awaitReady(NetworkClientUtils.java:71)
	at kafka.controller.RequestSendThread.brokerReady(ControllerChannelManager.scala:292)
	at kafka.controller.RequestSendThread.doWork(ControllerChannelManager.scala:246)
	at kafka.utils.ShutdownableThread.run(ShutdownableThread.scala:96)
[2021-05-15 18:51:05,902] TRACE [Controller id=0] All leaders = Sensor-4 -> (Leader:0,ISR:0,LeaderEpoch:2,ControllerEpoch:3),Sensor-5 -> (Leader:4,ISR:4,LeaderEpoch:2,ControllerEpoch:3),Sensors-0 -> (Leader:0,ISR:0,LeaderEpoch:0,ControllerEpoch:1),Sensor-2 -> (Leader:3,ISR:3,LeaderEpoch:2,ControllerEpoch:3),Sensor-3 -> (Leader:3,ISR:3,LeaderEpoch:2,ControllerEpoch:3),Sensor-0 -> (Leader:4,ISR:4,LeaderEpoch:2,ControllerEpoch:3),Sensor-1 -> (Leader:3,ISR:3,LeaderEpoch:2,ControllerEpoch:3) (kafka.controller.KafkaController)
[2021-05-15 18:51:05,961] WARN [RequestSendThread controllerId=0] Controller 0's connection to broker DESKTOP-OJISSPF.localdomain:9097 (id: 5 rack: null) was unsuccessful (kafka.controller.RequestSendThread)
java.io.IOException: Connection to DESKTOP-OJISSPF.localdomain:9097 (id: 5 rack: null) failed.
	at org.apache.kafka.clients.NetworkClientUtils.awaitReady(NetworkClientUtils.java:71)
	at kafka.controller.RequestSendThread.brokerReady(ControllerChannelManager.scala:292)
	at kafka.controller.RequestSendThread.doWork(ControllerChannelManager.scala:246)
	at kafka.utils.ShutdownableThread.run(ShutdownableThread.scala:96)
[2021-05-15 18:51:05,969] WARN [RequestSendThread controllerId=0] Controller 0's connection to broker DESKTOP-OJISSPF.localdomain:9093 (id: 1 rack: null) was unsuccessful (kafka.controller.RequestSendThread)
java.io.IOException: Connection to DESKTOP-OJISSPF.localdomain:9093 (id: 1 rack: null) failed.
	at org.apache.kafka.clients.NetworkClientUtils.awaitReady(NetworkClientUtils.java:71)
	at kafka.controller.RequestSendThread.brokerReady(ControllerChannelManager.scala:292)
	at kafka.controller.RequestSendThread.doWork(ControllerChannelManager.scala:246)
	at kafka.utils.ShutdownableThread.run(ShutdownableThread.scala:96)
[2021-05-15 18:51:06,001] WARN [RequestSendThread controllerId=0] Controller 0's connection to broker DESKTOP-OJISSPF.localdomain:9094 (id: 2 rack: null) was unsuccessful (kafka.controller.RequestSendThread)
java.io.IOException: Connection to DESKTOP-OJISSPF.localdomain:9094 (id: 2 rack: null) failed.
	at org.apache.kafka.clients.NetworkClientUtils.awaitReady(NetworkClientUtils.java:71)
	at kafka.controller.RequestSendThread.brokerReady(ControllerChannelManager.scala:292)
	at kafka.controller.RequestSendThread.doWork(ControllerChannelManager.scala:246)
	at kafka.utils.ShutdownableThread.run(ShutdownableThread.scala:96)
[2021-05-15 18:51:06,063] WARN [RequestSendThread controllerId=0] Controller 0's connection to broker DESKTOP-OJISSPF.localdomain:9097 (id: 5 rack: null) was unsuccessful (kafka.controller.RequestSendThread)
java.io.IOException: Connection to DESKTOP-OJISSPF.localdomain:9097 (id: 5 rack: null) failed.
	at org.apache.kafka.clients.NetworkClientUtils.awaitReady(NetworkClientUtils.java:71)
	at kafka.controller.RequestSendThread.brokerReady(ControllerChannelManager.scala:292)
	at kafka.controller.RequestSendThread.doWork(ControllerChannelManager.scala:246)
	at kafka.utils.ShutdownableThread.run(ShutdownableThread.scala:96)
[2021-05-15 18:51:06,072] WARN [RequestSendThread controllerId=0] Controller 0's connection to broker DESKTOP-OJISSPF.localdomain:9093 (id: 1 rack: null) was unsuccessful (kafka.controller.RequestSendThread)
java.io.IOException: Connection to DESKTOP-OJISSPF.localdomain:9093 (id: 1 rack: null) failed.
	at org.apache.kafka.clients.NetworkClientUtils.awaitReady(NetworkClientUtils.java:71)
	at kafka.controller.RequestSendThread.brokerReady(ControllerChannelManager.scala:292)
	at kafka.controller.RequestSendThread.doWork(ControllerChannelManager.scala:246)
	at kafka.utils.ShutdownableThread.run(ShutdownableThread.scala:96)
[2021-05-15 18:51:06,103] WARN [RequestSendThread controllerId=0] Controller 0's connection to broker DESKTOP-OJISSPF.localdomain:9094 (id: 2 rack: null) was unsuccessful (kafka.controller.RequestSendThread)
java.io.IOException: Connection to DESKTOP-OJISSPF.localdomain:9094 (id: 2 rack: null) failed.
	at org.apache.kafka.clients.NetworkClientUtils.awaitReady(NetworkClientUtils.java:71)
	at kafka.controller.RequestSendThread.brokerReady(ControllerChannelManager.scala:292)
	at kafka.controller.RequestSendThread.doWork(ControllerChannelManager.scala:246)
	at kafka.utils.ShutdownableThread.run(ShutdownableThread.scala:96)
[2021-05-15 18:51:06,165] WARN [RequestSendThread controllerId=0] Controller 0's connection to broker DESKTOP-OJISSPF.localdomain:9097 (id: 5 rack: null) was unsuccessful (kafka.controller.RequestSendThread)
java.io.IOException: Connection to DESKTOP-OJISSPF.localdomain:9097 (id: 5 rack: null) failed.
	at org.apache.kafka.clients.NetworkClientUtils.awaitReady(NetworkClientUtils.java:71)
	at kafka.controller.RequestSendThread.brokerReady(ControllerChannelManager.scala:292)
	at kafka.controller.RequestSendThread.doWork(ControllerChannelManager.scala:246)
	at kafka.utils.ShutdownableThread.run(ShutdownableThread.scala:96)
[2021-05-15 18:51:06,174] WARN [RequestSendThread controllerId=0] Controller 0's connection to broker DESKTOP-OJISSPF.localdomain:9093 (id: 1 rack: null) was unsuccessful (kafka.controller.RequestSendThread)
java.io.IOException: Connection to DESKTOP-OJISSPF.localdomain:9093 (id: 1 rack: null) failed.
	at org.apache.kafka.clients.NetworkClientUtils.awaitReady(NetworkClientUtils.java:71)
	at kafka.controller.RequestSendThread.brokerReady(ControllerChannelManager.scala:292)
	at kafka.controller.RequestSendThread.doWork(ControllerChannelManager.scala:246)
	at kafka.utils.ShutdownableThread.run(ShutdownableThread.scala:96)
[2021-05-15 18:51:06,206] WARN [RequestSendThread controllerId=0] Controller 0's connection to broker DESKTOP-OJISSPF.localdomain:9094 (id: 2 rack: null) was unsuccessful (kafka.controller.RequestSendThread)
java.io.IOException: Connection to DESKTOP-OJISSPF.localdomain:9094 (id: 2 rack: null) failed.
	at org.apache.kafka.clients.NetworkClientUtils.awaitReady(NetworkClientUtils.java:71)
	at kafka.controller.RequestSendThread.brokerReady(ControllerChannelManager.scala:292)
	at kafka.controller.RequestSendThread.doWork(ControllerChannelManager.scala:246)
	at kafka.utils.ShutdownableThread.run(ShutdownableThread.scala:96)
[2021-05-15 18:51:06,269] WARN [RequestSendThread controllerId=0] Controller 0's connection to broker DESKTOP-OJISSPF.localdomain:9097 (id: 5 rack: null) was unsuccessful (kafka.controller.RequestSendThread)
java.io.IOException: Connection to DESKTOP-OJISSPF.localdomain:9097 (id: 5 rack: null) failed.
	at org.apache.kafka.clients.NetworkClientUtils.awaitReady(NetworkClientUtils.java:71)
	at kafka.controller.RequestSendThread.brokerReady(ControllerChannelManager.scala:292)
	at kafka.controller.RequestSendThread.doWork(ControllerChannelManager.scala:246)
	at kafka.utils.ShutdownableThread.run(ShutdownableThread.scala:96)
[2021-05-15 18:51:06,293] WARN [RequestSendThread controllerId=0] Controller 0's connection to broker DESKTOP-OJISSPF.localdomain:9093 (id: 1 rack: null) was unsuccessful (kafka.controller.RequestSendThread)
java.io.IOException: Connection to DESKTOP-OJISSPF.localdomain:9093 (id: 1 rack: null) failed.
	at org.apache.kafka.clients.NetworkClientUtils.awaitReady(NetworkClientUtils.java:71)
	at kafka.controller.RequestSendThread.brokerReady(ControllerChannelManager.scala:292)
	at kafka.controller.RequestSendThread.doWork(ControllerChannelManager.scala:246)
	at kafka.utils.ShutdownableThread.run(ShutdownableThread.scala:96)
[2021-05-15 18:51:06,310] WARN [RequestSendThread controllerId=0] Controller 0's connection to broker DESKTOP-OJISSPF.localdomain:9094 (id: 2 rack: null) was unsuccessful (kafka.controller.RequestSendThread)
java.io.IOException: Connection to DESKTOP-OJISSPF.localdomain:9094 (id: 2 rack: null) failed.
	at org.apache.kafka.clients.NetworkClientUtils.awaitReady(NetworkClientUtils.java:71)
	at kafka.controller.RequestSendThread.brokerReady(ControllerChannelManager.scala:292)
	at kafka.controller.RequestSendThread.doWork(ControllerChannelManager.scala:246)
	at kafka.utils.ShutdownableThread.run(ShutdownableThread.scala:96)
[2021-05-15 18:51:06,372] WARN [RequestSendThread controllerId=0] Controller 0's connection to broker DESKTOP-OJISSPF.localdomain:9097 (id: 5 rack: null) was unsuccessful (kafka.controller.RequestSendThread)
java.io.IOException: Connection to DESKTOP-OJISSPF.localdomain:9097 (id: 5 rack: null) failed.
	at org.apache.kafka.clients.NetworkClientUtils.awaitReady(NetworkClientUtils.java:71)
	at kafka.controller.RequestSendThread.brokerReady(ControllerChannelManager.scala:292)
	at kafka.controller.RequestSendThread.doWork(ControllerChannelManager.scala:246)
	at kafka.utils.ShutdownableThread.run(ShutdownableThread.scala:96)
[2021-05-15 18:51:06,396] WARN [RequestSendThread controllerId=0] Controller 0's connection to broker DESKTOP-OJISSPF.localdomain:9093 (id: 1 rack: null) was unsuccessful (kafka.controller.RequestSendThread)
java.io.IOException: Connection to DESKTOP-OJISSPF.localdomain:9093 (id: 1 rack: null) failed.
	at org.apache.kafka.clients.NetworkClientUtils.awaitReady(NetworkClientUtils.java:71)
	at kafka.controller.RequestSendThread.brokerReady(ControllerChannelManager.scala:292)
	at kafka.controller.RequestSendThread.doWork(ControllerChannelManager.scala:246)
	at kafka.utils.ShutdownableThread.run(ShutdownableThread.scala:96)
[2021-05-15 18:51:06,414] WARN [RequestSendThread controllerId=0] Controller 0's connection to broker DESKTOP-OJISSPF.localdomain:9094 (id: 2 rack: null) was unsuccessful (kafka.controller.RequestSendThread)
java.io.IOException: Connection to DESKTOP-OJISSPF.localdomain:9094 (id: 2 rack: null) failed.
	at org.apache.kafka.clients.NetworkClientUtils.awaitReady(NetworkClientUtils.java:71)
	at kafka.controller.RequestSendThread.brokerReady(ControllerChannelManager.scala:292)
	at kafka.controller.RequestSendThread.doWork(ControllerChannelManager.scala:246)
	at kafka.utils.ShutdownableThread.run(ShutdownableThread.scala:96)
[2021-05-15 18:51:06,474] WARN [RequestSendThread controllerId=0] Controller 0's connection to broker DESKTOP-OJISSPF.localdomain:9097 (id: 5 rack: null) was unsuccessful (kafka.controller.RequestSendThread)
java.io.IOException: Connection to DESKTOP-OJISSPF.localdomain:9097 (id: 5 rack: null) failed.
	at org.apache.kafka.clients.NetworkClientUtils.awaitReady(NetworkClientUtils.java:71)
	at kafka.controller.RequestSendThread.brokerReady(ControllerChannelManager.scala:292)
	at kafka.controller.RequestSendThread.doWork(ControllerChannelManager.scala:246)
	at kafka.utils.ShutdownableThread.run(ShutdownableThread.scala:96)
[2021-05-15 18:51:06,498] WARN [RequestSendThread controllerId=0] Controller 0's connection to broker DESKTOP-OJISSPF.localdomain:9093 (id: 1 rack: null) was unsuccessful (kafka.controller.RequestSendThread)
java.io.IOException: Connection to DESKTOP-OJISSPF.localdomain:9093 (id: 1 rack: null) failed.
	at org.apache.kafka.clients.NetworkClientUtils.awaitReady(NetworkClientUtils.java:71)
	at kafka.controller.RequestSendThread.brokerReady(ControllerChannelManager.scala:292)
	at kafka.controller.RequestSendThread.doWork(ControllerChannelManager.scala:246)
	at kafka.utils.ShutdownableThread.run(ShutdownableThread.scala:96)
[2021-05-15 18:51:06,516] WARN [RequestSendThread controllerId=0] Controller 0's connection to broker DESKTOP-OJISSPF.localdomain:9094 (id: 2 rack: null) was unsuccessful (kafka.controller.RequestSendThread)
java.io.IOException: Connection to DESKTOP-OJISSPF.localdomain:9094 (id: 2 rack: null) failed.
	at org.apache.kafka.clients.NetworkClientUtils.awaitReady(NetworkClientUtils.java:71)
	at kafka.controller.RequestSendThread.brokerReady(ControllerChannelManager.scala:292)
	at kafka.controller.RequestSendThread.doWork(ControllerChannelManager.scala:246)
	at kafka.utils.ShutdownableThread.run(ShutdownableThread.scala:96)
[2021-05-15 18:51:06,577] WARN [RequestSendThread controllerId=0] Controller 0's connection to broker DESKTOP-OJISSPF.localdomain:9097 (id: 5 rack: null) was unsuccessful (kafka.controller.RequestSendThread)
java.io.IOException: Connection to DESKTOP-OJISSPF.localdomain:9097 (id: 5 rack: null) failed.
	at org.apache.kafka.clients.NetworkClientUtils.awaitReady(NetworkClientUtils.java:71)
	at kafka.controller.RequestSendThread.brokerReady(ControllerChannelManager.scala:292)
	at kafka.controller.RequestSendThread.doWork(ControllerChannelManager.scala:246)
	at kafka.utils.ShutdownableThread.run(ShutdownableThread.scala:96)
[2021-05-15 18:51:06,601] WARN [RequestSendThread controllerId=0] Controller 0's connection to broker DESKTOP-OJISSPF.localdomain:9093 (id: 1 rack: null) was unsuccessful (kafka.controller.RequestSendThread)
java.io.IOException: Connection to DESKTOP-OJISSPF.localdomain:9093 (id: 1 rack: null) failed.
	at org.apache.kafka.clients.NetworkClientUtils.awaitReady(NetworkClientUtils.java:71)
	at kafka.controller.RequestSendThread.brokerReady(ControllerChannelManager.scala:292)
	at kafka.controller.RequestSendThread.doWork(ControllerChannelManager.scala:246)
	at kafka.utils.ShutdownableThread.run(ShutdownableThread.scala:96)
[2021-05-15 18:51:06,620] WARN [RequestSendThread controllerId=0] Controller 0's connection to broker DESKTOP-OJISSPF.localdomain:9094 (id: 2 rack: null) was unsuccessful (kafka.controller.RequestSendThread)
java.io.IOException: Connection to DESKTOP-OJISSPF.localdomain:9094 (id: 2 rack: null) failed.
	at org.apache.kafka.clients.NetworkClientUtils.awaitReady(NetworkClientUtils.java:71)
	at kafka.controller.RequestSendThread.brokerReady(ControllerChannelManager.scala:292)
	at kafka.controller.RequestSendThread.doWork(ControllerChannelManager.scala:246)
	at kafka.utils.ShutdownableThread.run(ShutdownableThread.scala:96)
[2021-05-15 18:51:06,681] WARN [RequestSendThread controllerId=0] Controller 0's connection to broker DESKTOP-OJISSPF.localdomain:9097 (id: 5 rack: null) was unsuccessful (kafka.controller.RequestSendThread)
java.io.IOException: Connection to DESKTOP-OJISSPF.localdomain:9097 (id: 5 rack: null) failed.
	at org.apache.kafka.clients.NetworkClientUtils.awaitReady(NetworkClientUtils.java:71)
	at kafka.controller.RequestSendThread.brokerReady(ControllerChannelManager.scala:292)
	at kafka.controller.RequestSendThread.doWork(ControllerChannelManager.scala:246)
	at kafka.utils.ShutdownableThread.run(ShutdownableThread.scala:96)
[2021-05-15 18:51:06,704] WARN [RequestSendThread controllerId=0] Controller 0's connection to broker DESKTOP-OJISSPF.localdomain:9093 (id: 1 rack: null) was unsuccessful (kafka.controller.RequestSendThread)
java.io.IOException: Connection to DESKTOP-OJISSPF.localdomain:9093 (id: 1 rack: null) failed.
	at org.apache.kafka.clients.NetworkClientUtils.awaitReady(NetworkClientUtils.java:71)
	at kafka.controller.RequestSendThread.brokerReady(ControllerChannelManager.scala:292)
	at kafka.controller.RequestSendThread.doWork(ControllerChannelManager.scala:246)
	at kafka.utils.ShutdownableThread.run(ShutdownableThread.scala:96)
[2021-05-15 18:51:06,724] WARN [RequestSendThread controllerId=0] Controller 0's connection to broker DESKTOP-OJISSPF.localdomain:9094 (id: 2 rack: null) was unsuccessful (kafka.controller.RequestSendThread)
java.io.IOException: Connection to DESKTOP-OJISSPF.localdomain:9094 (id: 2 rack: null) failed.
	at org.apache.kafka.clients.NetworkClientUtils.awaitReady(NetworkClientUtils.java:71)
	at kafka.controller.RequestSendThread.brokerReady(ControllerChannelManager.scala:292)
	at kafka.controller.RequestSendThread.doWork(ControllerChannelManager.scala:246)
	at kafka.utils.ShutdownableThread.run(ShutdownableThread.scala:96)
[2021-05-15 18:51:06,811] WARN [RequestSendThread controllerId=0] Controller 0's connection to broker DESKTOP-OJISSPF.localdomain:9097 (id: 5 rack: null) was unsuccessful (kafka.controller.RequestSendThread)
java.io.IOException: Connection to DESKTOP-OJISSPF.localdomain:9097 (id: 5 rack: null) failed.
	at org.apache.kafka.clients.NetworkClientUtils.awaitReady(NetworkClientUtils.java:71)
	at kafka.controller.RequestSendThread.brokerReady(ControllerChannelManager.scala:292)
	at kafka.controller.RequestSendThread.doWork(ControllerChannelManager.scala:246)
	at kafka.utils.ShutdownableThread.run(ShutdownableThread.scala:96)
[2021-05-15 18:51:06,814] WARN [RequestSendThread controllerId=0] Controller 0's connection to broker DESKTOP-OJISSPF.localdomain:9093 (id: 1 rack: null) was unsuccessful (kafka.controller.RequestSendThread)
java.io.IOException: Connection to DESKTOP-OJISSPF.localdomain:9093 (id: 1 rack: null) failed.
	at org.apache.kafka.clients.NetworkClientUtils.awaitReady(NetworkClientUtils.java:71)
	at kafka.controller.RequestSendThread.brokerReady(ControllerChannelManager.scala:292)
	at kafka.controller.RequestSendThread.doWork(ControllerChannelManager.scala:246)
	at kafka.utils.ShutdownableThread.run(ShutdownableThread.scala:96)
[2021-05-15 18:51:06,831] INFO [ControllerEventThread controllerId=2] Shutting down (kafka.controller.ControllerEventManager$ControllerEventThread)
[2021-05-15 18:51:06,840] INFO [ControllerEventThread controllerId=2] Shutdown completed (kafka.controller.ControllerEventManager$ControllerEventThread)
[2021-05-15 18:51:06,840] INFO [ControllerEventThread controllerId=2] Stopped (kafka.controller.ControllerEventManager$ControllerEventThread)
[2021-05-15 18:51:06,843] DEBUG [Controller id=2] Resigning (kafka.controller.KafkaController)
[2021-05-15 18:51:06,844] DEBUG [Controller id=2] Unregister BrokerModifications handler for Set() (kafka.controller.KafkaController)
[2021-05-15 18:51:06,849] WARN [RequestSendThread controllerId=0] Controller 0's connection to broker DESKTOP-OJISSPF.localdomain:9094 (id: 2 rack: null) was unsuccessful (kafka.controller.RequestSendThread)
java.io.IOException: Connection to DESKTOP-OJISSPF.localdomain:9094 (id: 2 rack: null) failed.
	at org.apache.kafka.clients.NetworkClientUtils.awaitReady(NetworkClientUtils.java:71)
	at kafka.controller.RequestSendThread.brokerReady(ControllerChannelManager.scala:292)
	at kafka.controller.RequestSendThread.doWork(ControllerChannelManager.scala:246)
	at kafka.utils.ShutdownableThread.run(ShutdownableThread.scala:96)
[2021-05-15 18:51:06,857] INFO [ControllerEventThread controllerId=1] Shutting down (kafka.controller.ControllerEventManager$ControllerEventThread)
[2021-05-15 18:51:06,858] INFO [ControllerEventThread controllerId=1] Shutdown completed (kafka.controller.ControllerEventManager$ControllerEventThread)
[2021-05-15 18:51:06,858] INFO [ControllerEventThread controllerId=1] Stopped (kafka.controller.ControllerEventManager$ControllerEventThread)
[2021-05-15 18:51:06,859] DEBUG [Controller id=1] Resigning (kafka.controller.KafkaController)
[2021-05-15 18:51:06,861] DEBUG [Controller id=1] Unregister BrokerModifications handler for Set() (kafka.controller.KafkaController)
[2021-05-15 18:51:06,887] INFO [PartitionStateMachine controllerId=1] Stopped partition state machine (kafka.controller.ZkPartitionStateMachine)
[2021-05-15 18:51:06,888] INFO [PartitionStateMachine controllerId=2] Stopped partition state machine (kafka.controller.ZkPartitionStateMachine)
[2021-05-15 18:51:06,899] INFO [ReplicaStateMachine controllerId=1] Stopped replica state machine (kafka.controller.ZkReplicaStateMachine)
[2021-05-15 18:51:06,899] INFO [ReplicaStateMachine controllerId=2] Stopped replica state machine (kafka.controller.ZkReplicaStateMachine)
[2021-05-15 18:51:06,900] INFO [Controller id=1] Resigned (kafka.controller.KafkaController)
[2021-05-15 18:51:06,902] INFO [Controller id=2] Resigned (kafka.controller.KafkaController)
[2021-05-15 18:51:06,915] WARN [RequestSendThread controllerId=0] Controller 0's connection to broker DESKTOP-OJISSPF.localdomain:9097 (id: 5 rack: null) was unsuccessful (kafka.controller.RequestSendThread)
java.io.IOException: Connection to DESKTOP-OJISSPF.localdomain:9097 (id: 5 rack: null) failed.
	at org.apache.kafka.clients.NetworkClientUtils.awaitReady(NetworkClientUtils.java:71)
	at kafka.controller.RequestSendThread.brokerReady(ControllerChannelManager.scala:292)
	at kafka.controller.RequestSendThread.doWork(ControllerChannelManager.scala:246)
	at kafka.utils.ShutdownableThread.run(ShutdownableThread.scala:96)
[2021-05-15 18:51:06,924] WARN [RequestSendThread controllerId=0] Controller 0's connection to broker DESKTOP-OJISSPF.localdomain:9093 (id: 1 rack: null) was unsuccessful (kafka.controller.RequestSendThread)
java.io.IOException: Connection to DESKTOP-OJISSPF.localdomain:9093 (id: 1 rack: null) failed.
	at org.apache.kafka.clients.NetworkClientUtils.awaitReady(NetworkClientUtils.java:71)
	at kafka.controller.RequestSendThread.brokerReady(ControllerChannelManager.scala:292)
	at kafka.controller.RequestSendThread.doWork(ControllerChannelManager.scala:246)
	at kafka.utils.ShutdownableThread.run(ShutdownableThread.scala:96)
[2021-05-15 18:51:06,954] WARN [RequestSendThread controllerId=0] Controller 0's connection to broker DESKTOP-OJISSPF.localdomain:9094 (id: 2 rack: null) was unsuccessful (kafka.controller.RequestSendThread)
java.io.IOException: Connection to DESKTOP-OJISSPF.localdomain:9094 (id: 2 rack: null) failed.
	at org.apache.kafka.clients.NetworkClientUtils.awaitReady(NetworkClientUtils.java:71)
	at kafka.controller.RequestSendThread.brokerReady(ControllerChannelManager.scala:292)
	at kafka.controller.RequestSendThread.doWork(ControllerChannelManager.scala:246)
	at kafka.utils.ShutdownableThread.run(ShutdownableThread.scala:96)
[2021-05-15 18:51:06,992] INFO [Controller id=0] Newly added brokers: , deleted brokers: 1,2, bounced brokers: , all live brokers: 0,3,4,5 (kafka.controller.KafkaController)
[2021-05-15 18:51:06,993] INFO [RequestSendThread controllerId=0] Shutting down (kafka.controller.RequestSendThread)
[2021-05-15 18:51:06,993] WARN [RequestSendThread controllerId=0] Controller 0 epoch 3 fails to send request (type=StopReplicaRequest, controllerId=0, controllerEpoch=3, brokerEpoch=107, deletePartitions=false, topicStates=StopReplicaTopicState(topicName='Sensor', partitionStates=[StopReplicaPartitionState(partitionIndex=5, leaderEpoch=0, deletePartition=false), StopReplicaPartitionState(partitionIndex=0, leaderEpoch=0, deletePartition=false)])) to broker DESKTOP-OJISSPF.localdomain:9093 (id: 1 rack: null). Reconnecting to broker. (kafka.controller.RequestSendThread)
java.lang.InterruptedException
	at java.base/java.util.concurrent.locks.AbstractQueuedSynchronizer.doAcquireSharedNanos(AbstractQueuedSynchronizer.java:1081)
	at java.base/java.util.concurrent.locks.AbstractQueuedSynchronizer.tryAcquireSharedNanos(AbstractQueuedSynchronizer.java:1369)
	at java.base/java.util.concurrent.CountDownLatch.await(CountDownLatch.java:278)
	at kafka.utils.ShutdownableThread.pause(ShutdownableThread.scala:82)
	at kafka.controller.RequestSendThread.doWork(ControllerChannelManager.scala:234)
	at kafka.utils.ShutdownableThread.run(ShutdownableThread.scala:96)
[2021-05-15 18:51:07,016] TRACE [RequestSendThread controllerId=0] shutdownInitiated latch count reached zero. Shutdown called. (kafka.controller.RequestSendThread)
[2021-05-15 18:51:07,017] INFO [RequestSendThread controllerId=0] Stopped (kafka.controller.RequestSendThread)
[2021-05-15 18:51:07,017] INFO [RequestSendThread controllerId=0] Shutdown completed (kafka.controller.RequestSendThread)
[2021-05-15 18:51:07,018] WARN [RequestSendThread controllerId=0] Controller 0's connection to broker DESKTOP-OJISSPF.localdomain:9097 (id: 5 rack: null) was unsuccessful (kafka.controller.RequestSendThread)
java.io.IOException: Connection to DESKTOP-OJISSPF.localdomain:9097 (id: 5 rack: null) failed.
	at org.apache.kafka.clients.NetworkClientUtils.awaitReady(NetworkClientUtils.java:71)
	at kafka.controller.RequestSendThread.brokerReady(ControllerChannelManager.scala:292)
	at kafka.controller.RequestSendThread.doWork(ControllerChannelManager.scala:246)
	at kafka.utils.ShutdownableThread.run(ShutdownableThread.scala:96)
[2021-05-15 18:51:07,020] INFO [RequestSendThread controllerId=0] Shutting down (kafka.controller.RequestSendThread)
[2021-05-15 18:51:07,023] WARN [RequestSendThread controllerId=0] Controller 0 epoch 3 fails to send request (type: UpdateMetadataRequest=, controllerId=0, controllerEpoch=3, brokerEpoch=123, partitionStates=[UpdateMetadataPartitionState(topicName='Sensor', partitionIndex=4, controllerEpoch=3, leader=0, leaderEpoch=2, isr=[0], zkVersion=2, replicas=[1, 0, 5], offlineReplicas=[1, 5]), UpdateMetadataPartitionState(topicName='Sensor', partitionIndex=5, controllerEpoch=3, leader=4, leaderEpoch=2, isr=[4], zkVersion=2, replicas=[4, 5, 1], offlineReplicas=[5, 1])], liveBrokers=UpdateMetadataBroker(id=3, v0Host='', v0Port=0, endpoints=[UpdateMetadataEndpoint(port=9095, host='DESKTOP-OJISSPF.localdomain', listener='PLAINTEXT', securityProtocol=0)], rack=null), UpdateMetadataBroker(id=1, v0Host='', v0Port=0, endpoints=[UpdateMetadataEndpoint(port=9093, host='DESKTOP-OJISSPF.localdomain', listener='PLAINTEXT', securityProtocol=0)], rack=null), UpdateMetadataBroker(id=2, v0Host='', v0Port=0, endpoints=[UpdateMetadataEndpoint(port=9094, host='DESKTOP-OJISSPF.localdomain', listener='PLAINTEXT', securityProtocol=0)], rack=null), UpdateMetadataBroker(id=5, v0Host='', v0Port=0, endpoints=[UpdateMetadataEndpoint(port=9097, host='DESKTOP-OJISSPF.localdomain', listener='PLAINTEXT', securityProtocol=0)], rack=null), UpdateMetadataBroker(id=0, v0Host='', v0Port=0, endpoints=[UpdateMetadataEndpoint(port=9092, host='localhost', listener='PLAINTEXT', securityProtocol=0)], rack=null), UpdateMetadataBroker(id=4, v0Host='', v0Port=0, endpoints=[UpdateMetadataEndpoint(port=9096, host='DESKTOP-OJISSPF.localdomain', listener='PLAINTEXT', securityProtocol=0)], rack=null)) to broker DESKTOP-OJISSPF.localdomain:9094 (id: 2 rack: null). Reconnecting to broker. (kafka.controller.RequestSendThread)
java.lang.InterruptedException
	at java.base/java.util.concurrent.locks.AbstractQueuedSynchronizer.doAcquireSharedNanos(AbstractQueuedSynchronizer.java:1081)
	at java.base/java.util.concurrent.locks.AbstractQueuedSynchronizer.tryAcquireSharedNanos(AbstractQueuedSynchronizer.java:1369)
	at java.base/java.util.concurrent.CountDownLatch.await(CountDownLatch.java:278)
	at kafka.utils.ShutdownableThread.pause(ShutdownableThread.scala:82)
	at kafka.controller.RequestSendThread.doWork(ControllerChannelManager.scala:234)
	at kafka.utils.ShutdownableThread.run(ShutdownableThread.scala:96)
[2021-05-15 18:51:07,023] TRACE [RequestSendThread controllerId=0] shutdownInitiated latch count reached zero. Shutdown called. (kafka.controller.RequestSendThread)
[2021-05-15 18:51:07,024] INFO [RequestSendThread controllerId=0] Stopped (kafka.controller.RequestSendThread)
[2021-05-15 18:51:07,024] INFO [RequestSendThread controllerId=0] Shutdown completed (kafka.controller.RequestSendThread)
[2021-05-15 18:51:07,030] INFO [Controller id=0] Broker failure callback for 1,2 (kafka.controller.KafkaController)
[2021-05-15 18:51:07,031] INFO [Controller id=0] Removed 1,2 from list of shutting down brokers. (kafka.controller.KafkaController)
[2021-05-15 18:51:07,120] WARN [RequestSendThread controllerId=0] Controller 0's connection to broker DESKTOP-OJISSPF.localdomain:9097 (id: 5 rack: null) was unsuccessful (kafka.controller.RequestSendThread)
java.io.IOException: Connection to DESKTOP-OJISSPF.localdomain:9097 (id: 5 rack: null) failed.
	at org.apache.kafka.clients.NetworkClientUtils.awaitReady(NetworkClientUtils.java:71)
	at kafka.controller.RequestSendThread.brokerReady(ControllerChannelManager.scala:292)
	at kafka.controller.RequestSendThread.doWork(ControllerChannelManager.scala:246)
	at kafka.utils.ShutdownableThread.run(ShutdownableThread.scala:96)
[2021-05-15 18:51:07,159] DEBUG [Controller id=0] Unregister BrokerModifications handler for List(1, 2) (kafka.controller.KafkaController)
[2021-05-15 18:51:07,164] INFO [Controller id=0] Updated broker epochs cache: HashMap(0 -> 89, 3 -> 139, 4 -> 155, 5 -> 171) (kafka.controller.KafkaController)
[2021-05-15 18:51:07,214] INFO [ControllerEventThread controllerId=5] Shutting down (kafka.controller.ControllerEventManager$ControllerEventThread)
[2021-05-15 18:51:07,215] INFO [ControllerEventThread controllerId=5] Shutdown completed (kafka.controller.ControllerEventManager$ControllerEventThread)
[2021-05-15 18:51:07,215] INFO [ControllerEventThread controllerId=5] Stopped (kafka.controller.ControllerEventManager$ControllerEventThread)
[2021-05-15 18:51:07,216] DEBUG [Controller id=5] Resigning (kafka.controller.KafkaController)
[2021-05-15 18:51:07,226] DEBUG [Controller id=5] Unregister BrokerModifications handler for Set() (kafka.controller.KafkaController)
[2021-05-15 18:51:07,228] WARN [RequestSendThread controllerId=0] Controller 0's connection to broker DESKTOP-OJISSPF.localdomain:9097 (id: 5 rack: null) was unsuccessful (kafka.controller.RequestSendThread)
java.io.IOException: Connection to DESKTOP-OJISSPF.localdomain:9097 (id: 5 rack: null) failed.
	at org.apache.kafka.clients.NetworkClientUtils.awaitReady(NetworkClientUtils.java:71)
	at kafka.controller.RequestSendThread.brokerReady(ControllerChannelManager.scala:292)
	at kafka.controller.RequestSendThread.doWork(ControllerChannelManager.scala:246)
	at kafka.utils.ShutdownableThread.run(ShutdownableThread.scala:96)
[2021-05-15 18:51:07,229] INFO [PartitionStateMachine controllerId=5] Stopped partition state machine (kafka.controller.ZkPartitionStateMachine)
[2021-05-15 18:51:07,230] INFO [ReplicaStateMachine controllerId=5] Stopped replica state machine (kafka.controller.ZkReplicaStateMachine)
[2021-05-15 18:51:07,231] INFO [Controller id=5] Resigned (kafka.controller.KafkaController)
[2021-05-15 18:51:07,243] INFO [Controller id=0] Newly added brokers: , deleted brokers: 5, bounced brokers: , all live brokers: 0,3,4 (kafka.controller.KafkaController)
[2021-05-15 18:51:07,243] INFO [RequestSendThread controllerId=0] Shutting down (kafka.controller.RequestSendThread)
[2021-05-15 18:51:07,243] WARN [RequestSendThread controllerId=0] Controller 0 epoch 3 fails to send request (type: UpdateMetadataRequest=, controllerId=0, controllerEpoch=3, brokerEpoch=171, partitionStates=[UpdateMetadataPartitionState(topicName='Sensor', partitionIndex=2, controllerEpoch=3, leader=3, leaderEpoch=2, isr=[3], zkVersion=2, replicas=[0, 2, 3], offlineReplicas=[0, 2])], liveBrokers=UpdateMetadataBroker(id=3, v0Host='', v0Port=0, endpoints=[UpdateMetadataEndpoint(port=9095, host='DESKTOP-OJISSPF.localdomain', listener='PLAINTEXT', securityProtocol=0)], rack=null), UpdateMetadataBroker(id=1, v0Host='', v0Port=0, endpoints=[UpdateMetadataEndpoint(port=9093, host='DESKTOP-OJISSPF.localdomain', listener='PLAINTEXT', securityProtocol=0)], rack=null), UpdateMetadataBroker(id=2, v0Host='', v0Port=0, endpoints=[UpdateMetadataEndpoint(port=9094, host='DESKTOP-OJISSPF.localdomain', listener='PLAINTEXT', securityProtocol=0)], rack=null), UpdateMetadataBroker(id=5, v0Host='', v0Port=0, endpoints=[UpdateMetadataEndpoint(port=9097, host='DESKTOP-OJISSPF.localdomain', listener='PLAINTEXT', securityProtocol=0)], rack=null), UpdateMetadataBroker(id=0, v0Host='', v0Port=0, endpoints=[UpdateMetadataEndpoint(port=9092, host='localhost', listener='PLAINTEXT', securityProtocol=0)], rack=null), UpdateMetadataBroker(id=4, v0Host='', v0Port=0, endpoints=[UpdateMetadataEndpoint(port=9096, host='DESKTOP-OJISSPF.localdomain', listener='PLAINTEXT', securityProtocol=0)], rack=null)) to broker DESKTOP-OJISSPF.localdomain:9097 (id: 5 rack: null). Reconnecting to broker. (kafka.controller.RequestSendThread)
java.lang.InterruptedException
	at java.base/java.util.concurrent.locks.AbstractQueuedSynchronizer.doAcquireSharedNanos(AbstractQueuedSynchronizer.java:1081)
	at java.base/java.util.concurrent.locks.AbstractQueuedSynchronizer.tryAcquireSharedNanos(AbstractQueuedSynchronizer.java:1369)
	at java.base/java.util.concurrent.CountDownLatch.await(CountDownLatch.java:278)
	at kafka.utils.ShutdownableThread.pause(ShutdownableThread.scala:82)
	at kafka.controller.RequestSendThread.doWork(ControllerChannelManager.scala:234)
	at kafka.utils.ShutdownableThread.run(ShutdownableThread.scala:96)
[2021-05-15 18:51:07,244] TRACE [RequestSendThread controllerId=0] shutdownInitiated latch count reached zero. Shutdown called. (kafka.controller.RequestSendThread)
[2021-05-15 18:51:07,244] INFO [RequestSendThread controllerId=0] Stopped (kafka.controller.RequestSendThread)
[2021-05-15 18:51:07,245] INFO [RequestSendThread controllerId=0] Shutdown completed (kafka.controller.RequestSendThread)
[2021-05-15 18:51:07,248] INFO [Controller id=0] Broker failure callback for 5 (kafka.controller.KafkaController)
[2021-05-15 18:51:07,249] INFO [Controller id=0] Removed 5 from list of shutting down brokers. (kafka.controller.KafkaController)
[2021-05-15 18:51:07,294] DEBUG [Controller id=0] Unregister BrokerModifications handler for List(5) (kafka.controller.KafkaController)
[2021-05-15 18:51:07,295] INFO [Controller id=0] Updated broker epochs cache: HashMap(0 -> 89, 3 -> 139, 4 -> 155) (kafka.controller.KafkaController)
[2021-05-15 18:51:10,863] INFO [Controller id=0] Shutting down broker 4 (kafka.controller.KafkaController)
[2021-05-15 18:51:10,865] DEBUG [Controller id=0] All shutting down brokers: 0,3,4 (kafka.controller.KafkaController)
[2021-05-15 18:51:10,866] DEBUG [Controller id=0] Live brokers:  (kafka.controller.KafkaController)
[2021-05-15 18:51:10,909] TRACE [Controller id=0] All leaders = Sensor-4 -> (Leader:0,ISR:0,LeaderEpoch:2,ControllerEpoch:3),Sensor-5 -> (Leader:4,ISR:4,LeaderEpoch:2,ControllerEpoch:3),Sensors-0 -> (Leader:0,ISR:0,LeaderEpoch:0,ControllerEpoch:1),Sensor-2 -> (Leader:3,ISR:3,LeaderEpoch:2,ControllerEpoch:3),Sensor-3 -> (Leader:3,ISR:3,LeaderEpoch:2,ControllerEpoch:3),Sensor-0 -> (Leader:4,ISR:4,LeaderEpoch:2,ControllerEpoch:3),Sensor-1 -> (Leader:3,ISR:3,LeaderEpoch:2,ControllerEpoch:3) (kafka.controller.KafkaController)
[2021-05-15 18:51:10,921] INFO [Controller id=0] Shutting down broker 0 (kafka.controller.KafkaController)
[2021-05-15 18:51:10,922] DEBUG [Controller id=0] All shutting down brokers: 0,3,4 (kafka.controller.KafkaController)
[2021-05-15 18:51:10,923] DEBUG [Controller id=0] Live brokers:  (kafka.controller.KafkaController)
[2021-05-15 18:51:10,976] TRACE [Controller id=0] All leaders = Sensor-4 -> (Leader:0,ISR:0,LeaderEpoch:2,ControllerEpoch:3),Sensor-5 -> (Leader:4,ISR:4,LeaderEpoch:2,ControllerEpoch:3),Sensors-0 -> (Leader:0,ISR:0,LeaderEpoch:0,ControllerEpoch:1),Sensor-2 -> (Leader:3,ISR:3,LeaderEpoch:2,ControllerEpoch:3),Sensor-3 -> (Leader:3,ISR:3,LeaderEpoch:2,ControllerEpoch:3),Sensor-0 -> (Leader:4,ISR:4,LeaderEpoch:2,ControllerEpoch:3),Sensor-1 -> (Leader:3,ISR:3,LeaderEpoch:2,ControllerEpoch:3) (kafka.controller.KafkaController)
[2021-05-15 18:51:10,978] INFO [Controller id=0] Shutting down broker 3 (kafka.controller.KafkaController)
[2021-05-15 18:51:10,981] DEBUG [Controller id=0] All shutting down brokers: 0,3,4 (kafka.controller.KafkaController)
[2021-05-15 18:51:10,985] DEBUG [Controller id=0] Live brokers:  (kafka.controller.KafkaController)
[2021-05-15 18:51:11,034] TRACE [Controller id=0] All leaders = Sensor-4 -> (Leader:0,ISR:0,LeaderEpoch:2,ControllerEpoch:3),Sensor-5 -> (Leader:4,ISR:4,LeaderEpoch:2,ControllerEpoch:3),Sensors-0 -> (Leader:0,ISR:0,LeaderEpoch:0,ControllerEpoch:1),Sensor-2 -> (Leader:3,ISR:3,LeaderEpoch:2,ControllerEpoch:3),Sensor-3 -> (Leader:3,ISR:3,LeaderEpoch:2,ControllerEpoch:3),Sensor-0 -> (Leader:4,ISR:4,LeaderEpoch:2,ControllerEpoch:3),Sensor-1 -> (Leader:3,ISR:3,LeaderEpoch:2,ControllerEpoch:3) (kafka.controller.KafkaController)
[2021-05-15 18:51:15,942] INFO [Controller id=0] Shutting down broker 4 (kafka.controller.KafkaController)
[2021-05-15 18:51:15,943] DEBUG [Controller id=0] All shutting down brokers: 0,3,4 (kafka.controller.KafkaController)
[2021-05-15 18:51:15,943] DEBUG [Controller id=0] Live brokers:  (kafka.controller.KafkaController)
[2021-05-15 18:51:15,958] TRACE [Controller id=0] All leaders = Sensor-4 -> (Leader:0,ISR:0,LeaderEpoch:2,ControllerEpoch:3),Sensor-5 -> (Leader:4,ISR:4,LeaderEpoch:2,ControllerEpoch:3),Sensors-0 -> (Leader:0,ISR:0,LeaderEpoch:0,ControllerEpoch:1),Sensor-2 -> (Leader:3,ISR:3,LeaderEpoch:2,ControllerEpoch:3),Sensor-3 -> (Leader:3,ISR:3,LeaderEpoch:2,ControllerEpoch:3),Sensor-0 -> (Leader:4,ISR:4,LeaderEpoch:2,ControllerEpoch:3),Sensor-1 -> (Leader:3,ISR:3,LeaderEpoch:2,ControllerEpoch:3) (kafka.controller.KafkaController)
[2021-05-15 18:51:16,002] INFO [Controller id=0] Shutting down broker 0 (kafka.controller.KafkaController)
[2021-05-15 18:51:16,002] DEBUG [Controller id=0] All shutting down brokers: 0,3,4 (kafka.controller.KafkaController)
[2021-05-15 18:51:16,002] DEBUG [Controller id=0] Live brokers:  (kafka.controller.KafkaController)
[2021-05-15 18:51:16,014] TRACE [Controller id=0] All leaders = Sensor-4 -> (Leader:0,ISR:0,LeaderEpoch:2,ControllerEpoch:3),Sensor-5 -> (Leader:4,ISR:4,LeaderEpoch:2,ControllerEpoch:3),Sensors-0 -> (Leader:0,ISR:0,LeaderEpoch:0,ControllerEpoch:1),Sensor-2 -> (Leader:3,ISR:3,LeaderEpoch:2,ControllerEpoch:3),Sensor-3 -> (Leader:3,ISR:3,LeaderEpoch:2,ControllerEpoch:3),Sensor-0 -> (Leader:4,ISR:4,LeaderEpoch:2,ControllerEpoch:3),Sensor-1 -> (Leader:3,ISR:3,LeaderEpoch:2,ControllerEpoch:3) (kafka.controller.KafkaController)
[2021-05-15 18:51:16,100] INFO [Controller id=0] Shutting down broker 3 (kafka.controller.KafkaController)
[2021-05-15 18:51:16,100] DEBUG [Controller id=0] All shutting down brokers: 0,3,4 (kafka.controller.KafkaController)
[2021-05-15 18:51:16,100] DEBUG [Controller id=0] Live brokers:  (kafka.controller.KafkaController)
[2021-05-15 18:51:16,108] TRACE [Controller id=0] All leaders = Sensor-4 -> (Leader:0,ISR:0,LeaderEpoch:2,ControllerEpoch:3),Sensor-5 -> (Leader:4,ISR:4,LeaderEpoch:2,ControllerEpoch:3),Sensors-0 -> (Leader:0,ISR:0,LeaderEpoch:0,ControllerEpoch:1),Sensor-2 -> (Leader:3,ISR:3,LeaderEpoch:2,ControllerEpoch:3),Sensor-3 -> (Leader:3,ISR:3,LeaderEpoch:2,ControllerEpoch:3),Sensor-0 -> (Leader:4,ISR:4,LeaderEpoch:2,ControllerEpoch:3),Sensor-1 -> (Leader:3,ISR:3,LeaderEpoch:2,ControllerEpoch:3) (kafka.controller.KafkaController)
[2021-05-15 18:51:21,812] INFO [ControllerEventThread controllerId=4] Shutting down (kafka.controller.ControllerEventManager$ControllerEventThread)
[2021-05-15 18:51:21,813] INFO [ControllerEventThread controllerId=4] Shutdown completed (kafka.controller.ControllerEventManager$ControllerEventThread)
[2021-05-15 18:51:21,813] INFO [ControllerEventThread controllerId=4] Stopped (kafka.controller.ControllerEventManager$ControllerEventThread)
[2021-05-15 18:51:21,814] DEBUG [Controller id=4] Resigning (kafka.controller.KafkaController)
[2021-05-15 18:51:21,815] DEBUG [Controller id=4] Unregister BrokerModifications handler for Set() (kafka.controller.KafkaController)
[2021-05-15 18:51:21,817] INFO [PartitionStateMachine controllerId=4] Stopped partition state machine (kafka.controller.ZkPartitionStateMachine)
[2021-05-15 18:51:21,818] INFO [ReplicaStateMachine controllerId=4] Stopped replica state machine (kafka.controller.ZkReplicaStateMachine)
[2021-05-15 18:51:21,819] INFO [Controller id=4] Resigned (kafka.controller.KafkaController)
[2021-05-15 18:51:21,830] INFO [Controller id=0] Newly added brokers: , deleted brokers: 4, bounced brokers: , all live brokers: 0,3 (kafka.controller.KafkaController)
[2021-05-15 18:51:21,830] INFO [RequestSendThread controllerId=0] Shutting down (kafka.controller.RequestSendThread)
[2021-05-15 18:51:21,830] INFO [RequestSendThread controllerId=0] Stopped (kafka.controller.RequestSendThread)
[2021-05-15 18:51:21,830] INFO [RequestSendThread controllerId=0] Shutdown completed (kafka.controller.RequestSendThread)
[2021-05-15 18:51:21,834] INFO [Controller id=0] Broker failure callback for 4 (kafka.controller.KafkaController)
[2021-05-15 18:51:21,834] INFO [Controller id=0] Removed 4 from list of shutting down brokers. (kafka.controller.KafkaController)
[2021-05-15 18:51:21,867] DEBUG [Controller id=0] Unregister BrokerModifications handler for List(4) (kafka.controller.KafkaController)
[2021-05-15 18:51:21,868] INFO [Controller id=0] Updated broker epochs cache: HashMap(0 -> 89, 3 -> 139) (kafka.controller.KafkaController)
[2021-05-15 18:51:21,868] WARN [RequestSendThread controllerId=0] Controller 0's connection to broker DESKTOP-OJISSPF.localdomain:9095 (id: 3 rack: null) was unsuccessful (kafka.controller.RequestSendThread)
java.io.IOException: Connection to DESKTOP-OJISSPF.localdomain:9095 (id: 3 rack: null) failed.
	at org.apache.kafka.clients.NetworkClientUtils.awaitReady(NetworkClientUtils.java:71)
	at kafka.controller.RequestSendThread.brokerReady(ControllerChannelManager.scala:292)
	at kafka.controller.RequestSendThread.doWork(ControllerChannelManager.scala:246)
	at kafka.utils.ShutdownableThread.run(ShutdownableThread.scala:96)
[2021-05-15 18:51:21,869] WARN [RequestSendThread controllerId=0] Controller 0's connection to broker localhost:9092 (id: 0 rack: null) was unsuccessful (kafka.controller.RequestSendThread)
java.io.IOException: Connection to localhost:9092 (id: 0 rack: null) failed.
	at org.apache.kafka.clients.NetworkClientUtils.awaitReady(NetworkClientUtils.java:71)
	at kafka.controller.RequestSendThread.brokerReady(ControllerChannelManager.scala:292)
	at kafka.controller.RequestSendThread.doWork(ControllerChannelManager.scala:246)
	at kafka.utils.ShutdownableThread.run(ShutdownableThread.scala:96)
[2021-05-15 18:51:21,970] WARN [RequestSendThread controllerId=0] Controller 0's connection to broker DESKTOP-OJISSPF.localdomain:9095 (id: 3 rack: null) was unsuccessful (kafka.controller.RequestSendThread)
java.io.IOException: Connection to DESKTOP-OJISSPF.localdomain:9095 (id: 3 rack: null) failed.
	at org.apache.kafka.clients.NetworkClientUtils.awaitReady(NetworkClientUtils.java:71)
	at kafka.controller.RequestSendThread.brokerReady(ControllerChannelManager.scala:292)
	at kafka.controller.RequestSendThread.doWork(ControllerChannelManager.scala:246)
	at kafka.utils.ShutdownableThread.run(ShutdownableThread.scala:96)
[2021-05-15 18:51:21,972] WARN [RequestSendThread controllerId=0] Controller 0's connection to broker localhost:9092 (id: 0 rack: null) was unsuccessful (kafka.controller.RequestSendThread)
java.io.IOException: Connection to localhost:9092 (id: 0 rack: null) failed.
	at org.apache.kafka.clients.NetworkClientUtils.awaitReady(NetworkClientUtils.java:71)
	at kafka.controller.RequestSendThread.brokerReady(ControllerChannelManager.scala:292)
	at kafka.controller.RequestSendThread.doWork(ControllerChannelManager.scala:246)
	at kafka.utils.ShutdownableThread.run(ShutdownableThread.scala:96)
[2021-05-15 18:51:21,987] INFO [ControllerEventThread controllerId=3] Shutting down (kafka.controller.ControllerEventManager$ControllerEventThread)
[2021-05-15 18:51:21,988] INFO [ControllerEventThread controllerId=3] Shutdown completed (kafka.controller.ControllerEventManager$ControllerEventThread)
[2021-05-15 18:51:21,988] INFO [ControllerEventThread controllerId=3] Stopped (kafka.controller.ControllerEventManager$ControllerEventThread)
[2021-05-15 18:51:21,989] DEBUG [Controller id=3] Resigning (kafka.controller.KafkaController)
[2021-05-15 18:51:21,990] DEBUG [Controller id=3] Unregister BrokerModifications handler for Set() (kafka.controller.KafkaController)
[2021-05-15 18:51:21,992] INFO [PartitionStateMachine controllerId=3] Stopped partition state machine (kafka.controller.ZkPartitionStateMachine)
[2021-05-15 18:51:21,994] INFO [ReplicaStateMachine controllerId=3] Stopped replica state machine (kafka.controller.ZkReplicaStateMachine)
[2021-05-15 18:51:21,997] INFO [Controller id=3] Resigned (kafka.controller.KafkaController)
[2021-05-15 18:51:22,007] INFO [Controller id=0] Newly added brokers: , deleted brokers: 3, bounced brokers: , all live brokers: 0 (kafka.controller.KafkaController)
[2021-05-15 18:51:22,008] INFO [RequestSendThread controllerId=0] Shutting down (kafka.controller.RequestSendThread)
[2021-05-15 18:51:22,008] WARN [RequestSendThread controllerId=0] Controller 0 epoch 3 fails to send request (type=LeaderAndIsRequest, controllerId=0, controllerEpoch=3, brokerEpoch=139, partitionStates=[LeaderAndIsrPartitionState(topicName='Sensor', partitionIndex=1, controllerEpoch=3, leader=3, leaderEpoch=2, isr=[3], zkVersion=2, replicas=[3, 4, 2], addingReplicas=[], removingReplicas=[], isNew=false)], liveLeaders=(DESKTOP-OJISSPF.localdomain:9095 (id: 3 rack: null))) to broker DESKTOP-OJISSPF.localdomain:9095 (id: 3 rack: null). Reconnecting to broker. (kafka.controller.RequestSendThread)
java.lang.InterruptedException
	at java.base/java.util.concurrent.locks.AbstractQueuedSynchronizer.doAcquireSharedNanos(AbstractQueuedSynchronizer.java:1081)
	at java.base/java.util.concurrent.locks.AbstractQueuedSynchronizer.tryAcquireSharedNanos(AbstractQueuedSynchronizer.java:1369)
	at java.base/java.util.concurrent.CountDownLatch.await(CountDownLatch.java:278)
	at kafka.utils.ShutdownableThread.pause(ShutdownableThread.scala:82)
	at kafka.controller.RequestSendThread.doWork(ControllerChannelManager.scala:234)
	at kafka.utils.ShutdownableThread.run(ShutdownableThread.scala:96)
[2021-05-15 18:51:22,009] TRACE [RequestSendThread controllerId=0] shutdownInitiated latch count reached zero. Shutdown called. (kafka.controller.RequestSendThread)
[2021-05-15 18:51:22,009] INFO [RequestSendThread controllerId=0] Stopped (kafka.controller.RequestSendThread)
[2021-05-15 18:51:22,009] INFO [RequestSendThread controllerId=0] Shutdown completed (kafka.controller.RequestSendThread)
[2021-05-15 18:51:22,034] INFO [Controller id=0] Broker failure callback for 3 (kafka.controller.KafkaController)
[2021-05-15 18:51:22,035] INFO [Controller id=0] Removed 3 from list of shutting down brokers. (kafka.controller.KafkaController)
[2021-05-15 18:51:22,058] DEBUG [Controller id=0] Unregister BrokerModifications handler for List(3) (kafka.controller.KafkaController)
[2021-05-15 18:51:22,059] INFO [Controller id=0] Updated broker epochs cache: HashMap(0 -> 89) (kafka.controller.KafkaController)
[2021-05-15 18:51:22,073] WARN [RequestSendThread controllerId=0] Controller 0's connection to broker localhost:9092 (id: 0 rack: null) was unsuccessful (kafka.controller.RequestSendThread)
java.io.IOException: Connection to localhost:9092 (id: 0 rack: null) failed.
	at org.apache.kafka.clients.NetworkClientUtils.awaitReady(NetworkClientUtils.java:71)
	at kafka.controller.RequestSendThread.brokerReady(ControllerChannelManager.scala:292)
	at kafka.controller.RequestSendThread.doWork(ControllerChannelManager.scala:246)
	at kafka.utils.ShutdownableThread.run(ShutdownableThread.scala:96)
[2021-05-15 18:51:22,175] WARN [RequestSendThread controllerId=0] Controller 0's connection to broker localhost:9092 (id: 0 rack: null) was unsuccessful (kafka.controller.RequestSendThread)
java.io.IOException: Connection to localhost:9092 (id: 0 rack: null) failed.
	at org.apache.kafka.clients.NetworkClientUtils.awaitReady(NetworkClientUtils.java:71)
	at kafka.controller.RequestSendThread.brokerReady(ControllerChannelManager.scala:292)
	at kafka.controller.RequestSendThread.doWork(ControllerChannelManager.scala:246)
	at kafka.utils.ShutdownableThread.run(ShutdownableThread.scala:96)
[2021-05-15 18:51:22,279] WARN [RequestSendThread controllerId=0] Controller 0's connection to broker localhost:9092 (id: 0 rack: null) was unsuccessful (kafka.controller.RequestSendThread)
java.io.IOException: Connection to localhost:9092 (id: 0 rack: null) failed.
	at org.apache.kafka.clients.NetworkClientUtils.awaitReady(NetworkClientUtils.java:71)
	at kafka.controller.RequestSendThread.brokerReady(ControllerChannelManager.scala:292)
	at kafka.controller.RequestSendThread.doWork(ControllerChannelManager.scala:246)
	at kafka.utils.ShutdownableThread.run(ShutdownableThread.scala:96)
[2021-05-15 18:51:22,333] INFO [ControllerEventThread controllerId=0] Shutting down (kafka.controller.ControllerEventManager$ControllerEventThread)
[2021-05-15 18:51:22,333] INFO [ControllerEventThread controllerId=0] Shutdown completed (kafka.controller.ControllerEventManager$ControllerEventThread)
[2021-05-15 18:51:22,333] INFO [ControllerEventThread controllerId=0] Stopped (kafka.controller.ControllerEventManager$ControllerEventThread)
[2021-05-15 18:51:22,335] DEBUG [Controller id=0] Resigning (kafka.controller.KafkaController)
[2021-05-15 18:51:22,335] DEBUG [Controller id=0] Unregister BrokerModifications handler for Set(0) (kafka.controller.KafkaController)
[2021-05-15 18:51:22,352] INFO [PartitionStateMachine controllerId=0] Stopped partition state machine (kafka.controller.ZkPartitionStateMachine)
[2021-05-15 18:51:22,354] INFO [ReplicaStateMachine controllerId=0] Stopped replica state machine (kafka.controller.ZkReplicaStateMachine)
[2021-05-15 18:51:22,354] INFO [RequestSendThread controllerId=0] Shutting down (kafka.controller.RequestSendThread)
[2021-05-15 18:51:22,355] WARN [RequestSendThread controllerId=0] Controller 0 epoch 3 fails to send request (type: UpdateMetadataRequest=, controllerId=0, controllerEpoch=3, brokerEpoch=89, partitionStates=[UpdateMetadataPartitionState(topicName='Sensor', partitionIndex=5, controllerEpoch=3, leader=-1, leaderEpoch=3, isr=[4], zkVersion=3, replicas=[4, 5, 1], offlineReplicas=[4, 5, 1]), UpdateMetadataPartitionState(topicName='Sensor', partitionIndex=0, controllerEpoch=3, leader=-1, leaderEpoch=3, isr=[4], zkVersion=3, replicas=[2, 1, 4], offlineReplicas=[2, 1, 4]), UpdateMetadataPartitionState(topicName='Sensor', partitionIndex=1, controllerEpoch=3, leader=3, leaderEpoch=2, isr=[3], zkVersion=2, replicas=[3, 4, 2], offlineReplicas=[3, 4, 2])], liveBrokers=UpdateMetadataBroker(id=3, v0Host='', v0Port=0, endpoints=[UpdateMetadataEndpoint(port=9095, host='DESKTOP-OJISSPF.localdomain', listener='PLAINTEXT', securityProtocol=0)], rack=null), UpdateMetadataBroker(id=0, v0Host='', v0Port=0, endpoints=[UpdateMetadataEndpoint(port=9092, host='localhost', listener='PLAINTEXT', securityProtocol=0)], rack=null)) to broker localhost:9092 (id: 0 rack: null). Reconnecting to broker. (kafka.controller.RequestSendThread)
java.lang.InterruptedException
	at java.base/java.util.concurrent.locks.AbstractQueuedSynchronizer.doAcquireSharedNanos(AbstractQueuedSynchronizer.java:1081)
	at java.base/java.util.concurrent.locks.AbstractQueuedSynchronizer.tryAcquireSharedNanos(AbstractQueuedSynchronizer.java:1369)
	at java.base/java.util.concurrent.CountDownLatch.await(CountDownLatch.java:278)
	at kafka.utils.ShutdownableThread.pause(ShutdownableThread.scala:82)
	at kafka.controller.RequestSendThread.doWork(ControllerChannelManager.scala:234)
	at kafka.utils.ShutdownableThread.run(ShutdownableThread.scala:96)
[2021-05-15 18:51:22,356] TRACE [RequestSendThread controllerId=0] shutdownInitiated latch count reached zero. Shutdown called. (kafka.controller.RequestSendThread)
[2021-05-15 18:51:22,356] INFO [RequestSendThread controllerId=0] Stopped (kafka.controller.RequestSendThread)
[2021-05-15 18:51:22,356] INFO [RequestSendThread controllerId=0] Shutdown completed (kafka.controller.RequestSendThread)
[2021-05-15 18:51:22,360] INFO [Controller id=0] Resigned (kafka.controller.KafkaController)
