[2021-05-15 18:27:48,533] INFO Starting the log cleaner (kafka.log.LogCleaner)
[2021-05-15 18:27:48,786] INFO [kafka-log-cleaner-thread-0]: Starting (kafka.log.LogCleaner)
[2021-05-15 18:28:07,000] INFO Starting the log cleaner (kafka.log.LogCleaner)
[2021-05-15 18:28:07,291] INFO [kafka-log-cleaner-thread-0]: Starting (kafka.log.LogCleaner)
[2021-05-15 18:35:29,640] INFO Shutting down the log cleaner. (kafka.log.LogCleaner)
[2021-05-15 18:35:29,641] INFO [kafka-log-cleaner-thread-0]: Shutting down (kafka.log.LogCleaner)
[2021-05-15 18:35:29,643] INFO [kafka-log-cleaner-thread-0]: Stopped (kafka.log.LogCleaner)
[2021-05-15 18:35:29,643] INFO [kafka-log-cleaner-thread-0]: Shutdown completed (kafka.log.LogCleaner)
[2021-05-15 18:45:09,297] INFO Starting the log cleaner (kafka.log.LogCleaner)
[2021-05-15 18:45:09,459] INFO [kafka-log-cleaner-thread-0]: Starting (kafka.log.LogCleaner)
[2021-05-15 18:46:31,346] INFO Shutting down the log cleaner. (kafka.log.LogCleaner)
[2021-05-15 18:46:31,349] INFO [kafka-log-cleaner-thread-0]: Shutting down (kafka.log.LogCleaner)
[2021-05-15 18:46:31,351] INFO [kafka-log-cleaner-thread-0]: Stopped (kafka.log.LogCleaner)
[2021-05-15 18:46:31,353] INFO [kafka-log-cleaner-thread-0]: Shutdown completed (kafka.log.LogCleaner)
[2021-05-15 18:48:46,989] INFO Starting the log cleaner (kafka.log.LogCleaner)
[2021-05-15 18:48:47,125] INFO [kafka-log-cleaner-thread-0]: Starting (kafka.log.LogCleaner)
[2021-05-15 18:48:52,531] INFO Starting the log cleaner (kafka.log.LogCleaner)
[2021-05-15 18:48:52,681] INFO [kafka-log-cleaner-thread-0]: Starting (kafka.log.LogCleaner)
[2021-05-15 18:48:57,631] INFO Starting the log cleaner (kafka.log.LogCleaner)
[2021-05-15 18:48:58,175] INFO [kafka-log-cleaner-thread-0]: Starting (kafka.log.LogCleaner)
[2021-05-15 18:49:04,748] INFO Starting the log cleaner (kafka.log.LogCleaner)
[2021-05-15 18:49:05,321] INFO [kafka-log-cleaner-thread-0]: Starting (kafka.log.LogCleaner)
[2021-05-15 18:49:14,585] INFO Starting the log cleaner (kafka.log.LogCleaner)
[2021-05-15 18:49:14,677] INFO [kafka-log-cleaner-thread-0]: Starting (kafka.log.LogCleaner)
[2021-05-15 18:49:20,803] INFO Starting the log cleaner (kafka.log.LogCleaner)
[2021-05-15 18:49:20,957] INFO [kafka-log-cleaner-thread-0]: Starting (kafka.log.LogCleaner)
[2021-05-15 18:51:06,718] INFO Shutting down the log cleaner. (kafka.log.LogCleaner)
[2021-05-15 18:51:06,720] INFO Shutting down the log cleaner. (kafka.log.LogCleaner)
[2021-05-15 18:51:06,724] INFO [kafka-log-cleaner-thread-0]: Shutting down (kafka.log.LogCleaner)
[2021-05-15 18:51:06,724] INFO [kafka-log-cleaner-thread-0]: Shutting down (kafka.log.LogCleaner)
[2021-05-15 18:51:06,744] INFO [kafka-log-cleaner-thread-0]: Stopped (kafka.log.LogCleaner)
[2021-05-15 18:51:06,745] INFO [kafka-log-cleaner-thread-0]: Stopped (kafka.log.LogCleaner)
[2021-05-15 18:51:06,745] INFO [kafka-log-cleaner-thread-0]: Shutdown completed (kafka.log.LogCleaner)
[2021-05-15 18:51:06,744] INFO [kafka-log-cleaner-thread-0]: Shutdown completed (kafka.log.LogCleaner)
[2021-05-15 18:51:07,124] INFO Shutting down the log cleaner. (kafka.log.LogCleaner)
[2021-05-15 18:51:07,124] INFO [kafka-log-cleaner-thread-0]: Shutting down (kafka.log.LogCleaner)
[2021-05-15 18:51:07,125] INFO [kafka-log-cleaner-thread-0]: Stopped (kafka.log.LogCleaner)
[2021-05-15 18:51:07,126] INFO [kafka-log-cleaner-thread-0]: Shutdown completed (kafka.log.LogCleaner)
[2021-05-15 18:51:21,765] INFO Shutting down the log cleaner. (kafka.log.LogCleaner)
[2021-05-15 18:51:21,766] INFO [kafka-log-cleaner-thread-0]: Shutting down (kafka.log.LogCleaner)
[2021-05-15 18:51:21,767] INFO [kafka-log-cleaner-thread-0]: Stopped (kafka.log.LogCleaner)
[2021-05-15 18:51:21,767] INFO [kafka-log-cleaner-thread-0]: Shutdown completed (kafka.log.LogCleaner)
[2021-05-15 18:51:21,936] INFO Shutting down the log cleaner. (kafka.log.LogCleaner)
[2021-05-15 18:51:21,936] INFO [kafka-log-cleaner-thread-0]: Shutting down (kafka.log.LogCleaner)
[2021-05-15 18:51:21,937] INFO [kafka-log-cleaner-thread-0]: Stopped (kafka.log.LogCleaner)
[2021-05-15 18:51:21,937] INFO [kafka-log-cleaner-thread-0]: Shutdown completed (kafka.log.LogCleaner)
[2021-05-15 18:51:22,280] INFO Shutting down the log cleaner. (kafka.log.LogCleaner)
[2021-05-15 18:51:22,281] INFO [kafka-log-cleaner-thread-0]: Shutting down (kafka.log.LogCleaner)
[2021-05-15 18:51:22,282] INFO [kafka-log-cleaner-thread-0]: Stopped (kafka.log.LogCleaner)
[2021-05-15 18:51:22,282] INFO [kafka-log-cleaner-thread-0]: Shutdown completed (kafka.log.LogCleaner)
[2021-05-15 18:53:34,301] INFO Starting the log cleaner (kafka.log.LogCleaner)
[2021-05-15 18:53:34,359] INFO [kafka-log-cleaner-thread-0]: Starting (kafka.log.LogCleaner)
[2021-05-15 18:53:39,558] INFO Starting the log cleaner (kafka.log.LogCleaner)
[2021-05-15 18:53:39,626] INFO [kafka-log-cleaner-thread-0]: Starting (kafka.log.LogCleaner)
[2021-05-15 18:53:44,910] INFO Shutting down the log cleaner. (kafka.log.LogCleaner)
[2021-05-15 18:53:44,911] INFO [kafka-log-cleaner-thread-0]: Shutting down (kafka.log.LogCleaner)
[2021-05-15 18:53:44,913] INFO [kafka-log-cleaner-thread-0]: Stopped (kafka.log.LogCleaner)
[2021-05-15 18:53:44,913] INFO [kafka-log-cleaner-thread-0]: Shutdown completed (kafka.log.LogCleaner)
[2021-05-15 18:54:00,486] INFO Shutting down the log cleaner. (kafka.log.LogCleaner)
[2021-05-15 18:54:00,487] INFO [kafka-log-cleaner-thread-0]: Shutting down (kafka.log.LogCleaner)
[2021-05-15 18:54:00,488] INFO [kafka-log-cleaner-thread-0]: Stopped (kafka.log.LogCleaner)
[2021-05-15 18:54:00,488] INFO [kafka-log-cleaner-thread-0]: Shutdown completed (kafka.log.LogCleaner)
