[2021-05-15T18:48:38.786+0100][gc,heap] Heap region size: 1M
[2021-05-15T18:48:38.792+0100][gc     ] Using G1
[2021-05-15T18:48:38.792+0100][gc,heap,coops] Heap address: 0x00000000e0000000, size: 512 MB, Compressed Oops mode: 32-bit
[2021-05-15T18:48:38.793+0100][gc,cds       ] Mark closed archive regions in map: [0x00000000fff00000, 0x00000000fff6aff8]
[2021-05-15T18:48:38.793+0100][gc,cds       ] Mark open archive regions in map: [0x00000000ffe00000, 0x00000000ffe46ff8]
[2021-05-15T18:48:46.081+0100][gc,start     ] GC(0) Pause Young (Normal) (G1 Evacuation Pause)
[2021-05-15T18:48:46.081+0100][gc,task      ] GC(0) Using 4 workers of 4 for evacuation
[2021-05-15T18:48:46.091+0100][gc,phases    ] GC(0)   Pre Evacuate Collection Set: 0.0ms
[2021-05-15T18:48:46.092+0100][gc,phases    ] GC(0)   Evacuate Collection Set: 9.5ms
[2021-05-15T18:48:46.092+0100][gc,phases    ] GC(0)   Post Evacuate Collection Set: 0.6ms
[2021-05-15T18:48:46.093+0100][gc,phases    ] GC(0)   Other: 0.9ms
[2021-05-15T18:48:46.093+0100][gc,heap      ] GC(0) Eden regions: 25->0(21)
[2021-05-15T18:48:46.093+0100][gc,heap      ] GC(0) Survivor regions: 0->4(4)
[2021-05-15T18:48:46.093+0100][gc,heap      ] GC(0) Old regions: 2->4
[2021-05-15T18:48:46.094+0100][gc,heap      ] GC(0) Humongous regions: 0->0
[2021-05-15T18:48:46.094+0100][gc,metaspace ] GC(0) Metaspace: 7764K->7764K(1056768K)
[2021-05-15T18:48:46.094+0100][gc           ] GC(0) Pause Young (Normal) (G1 Evacuation Pause) 25M->5M(512M) 13.619ms
[2021-05-15T18:48:46.094+0100][gc,cpu       ] GC(0) User=0.03s Sys=0.00s Real=0.01s
[2021-05-15T18:51:31.912+0100][gc,heap,exit ] Heap
[2021-05-15T18:51:31.912+0100][gc,heap,exit ]  garbage-first heap   total 524288K, used 12269K [0x00000000e0000000, 0x0000000100000000)
[2021-05-15T18:51:31.913+0100][gc,heap,exit ]   region size 1024K, 11 young (11264K), 4 survivors (4096K)
[2021-05-15T18:51:31.913+0100][gc,heap,exit ]  Metaspace       used 8338K, capacity 8659K, committed 8960K, reserved 1056768K
[2021-05-15T18:51:31.913+0100][gc,heap,exit ]   class space    used 902K, capacity 1015K, committed 1024K, reserved 1048576K
